<?xml version="1.0" encoding="UTF-8"?>
<robot generator="Robot 4.0 (Python 3.8.5 on darwin)" generated="20210420 04:21:31.501" rpa="false" schemaversion="2">
<suite id="s1" name="Tests" source="/Users/macbookpro/Desktop/AutomationChallenge/tests">
<suite id="s1-s1" name="DataDrivenTest" source="/Users/macbookpro/Desktop/AutomationChallenge/tests/DataDrivenTest">
<suite id="s1-s1-s1" name="Search Weather" source="/Users/macbookpro/Desktop/AutomationChallenge/tests/DataDrivenTest/search_weather.robot">
<test id="s1-s1-s1-t1" name="Verify Searching Weather">
<kw name="Begin Web Test" library="Common" type="SETUP">
<kw name="Evaluate" library="BuiltIn">
<var>${system}</var>
<arg>platform.system()</arg>
<arg>platform</arg>
<doc>Evaluates the given expression in Python and returns the result.</doc>
<msg timestamp="20210420 04:21:31.916" level="INFO">${system} = Darwin</msg>
<status status="PASS" starttime="20210420 04:21:31.916" endtime="20210420 04:21:31.916"/>
</kw>
<kw name="Run Keyword If" library="BuiltIn">
<arg>'${BROWSER}'=='Chrome'</arg>
<arg>Open Chrome Browser</arg>
<arg>${system}</arg>
<arg>${HEADLESS}</arg>
<arg>ELSE IF</arg>
<arg>'${BROWSER}'=='Firefox'</arg>
<arg>Open Firefox Browser</arg>
<arg>${system}</arg>
<arg>${HEADLESS}</arg>
<doc>Runs the given keyword with the given arguments, if ``condition`` is true.</doc>
<kw name="Open Chrome Browser" library="Common">
<arg>${system}</arg>
<arg>${HEADLESS}</arg>
<kw name="Evaluate" library="BuiltIn">
<var>${chrome_options}</var>
<arg>sys.modules['selenium.webdriver'].ChromeOptions()</arg>
<arg>sys, selenium.webdriver</arg>
<doc>Evaluates the given expression in Python and returns the result.</doc>
<msg timestamp="20210420 04:21:31.918" level="INFO">${chrome_options} = &lt;selenium.webdriver.chrome.options.Options object at 0x7f841b3b9d60&gt;</msg>
<status status="PASS" starttime="20210420 04:21:31.917" endtime="20210420 04:21:31.918"/>
</kw>
<kw name="Run Keyword If" library="BuiltIn">
<arg>'${has_headless}'=='True'</arg>
<arg>Call Method</arg>
<arg>${chrome_options}</arg>
<arg>add_argument</arg>
<arg>--headless</arg>
<doc>Runs the given keyword with the given arguments, if ``condition`` is true.</doc>
<kw name="Call Method" library="BuiltIn">
<arg>${chrome_options}</arg>
<arg>add_argument</arg>
<arg>--headless</arg>
<doc>Calls the named method of the given object with the provided arguments.</doc>
<status status="PASS" starttime="20210420 04:21:31.918" endtime="20210420 04:21:31.918"/>
</kw>
<status status="PASS" starttime="20210420 04:21:31.918" endtime="20210420 04:21:31.918"/>
</kw>
<kw name="Run Keyword If" library="BuiltIn">
<arg>'${os_system}'=='Darwin'</arg>
<arg>Run Keywords</arg>
<arg>Call Method</arg>
<arg>${chrome_options}</arg>
<arg>add_argument</arg>
<arg>--no-sandbox</arg>
<arg>AND</arg>
<arg>Call Method</arg>
<arg>${chrome_options}</arg>
<arg>add_argument</arg>
<arg>--ignore-certificate-errors</arg>
<doc>Runs the given keyword with the given arguments, if ``condition`` is true.</doc>
<kw name="Run Keywords" library="BuiltIn">
<arg>Call Method</arg>
<arg>${chrome_options}</arg>
<arg>add_argument</arg>
<arg>--no-sandbox</arg>
<arg>AND</arg>
<arg>Call Method</arg>
<arg>${chrome_options}</arg>
<arg>add_argument</arg>
<arg>--ignore-certificate-errors</arg>
<doc>Executes all the given keywords in a sequence.</doc>
<kw name="Call Method" library="BuiltIn">
<arg>${chrome_options}</arg>
<arg>add_argument</arg>
<arg>--no-sandbox</arg>
<doc>Calls the named method of the given object with the provided arguments.</doc>
<status status="PASS" starttime="20210420 04:21:31.919" endtime="20210420 04:21:31.919"/>
</kw>
<kw name="Call Method" library="BuiltIn">
<arg>${chrome_options}</arg>
<arg>add_argument</arg>
<arg>--ignore-certificate-errors</arg>
<doc>Calls the named method of the given object with the provided arguments.</doc>
<status status="PASS" starttime="20210420 04:21:31.919" endtime="20210420 04:21:31.919"/>
</kw>
<status status="PASS" starttime="20210420 04:21:31.919" endtime="20210420 04:21:31.920"/>
</kw>
<status status="PASS" starttime="20210420 04:21:31.918" endtime="20210420 04:21:31.920"/>
</kw>
<kw name="Run Keyword If" library="BuiltIn">
<arg>'${os_system}'=='linux'</arg>
<arg>Run Keywords</arg>
<arg>Call Method</arg>
<arg>${chrome_options}</arg>
<arg>add_argument</arg>
<arg>--no-sandbox</arg>
<arg>AND</arg>
<arg>Call Method</arg>
<arg>${chrome_options}</arg>
<arg>add_argument</arg>
<arg>--disable-extensions</arg>
<arg>AND</arg>
<arg>Call Method</arg>
<arg>${chrome_options}</arg>
<arg>add_argument</arg>
<arg>--disable-dev-shm-usage</arg>
<arg>AND</arg>
<arg>Call Method</arg>
<arg>${chrome_options}</arg>
<arg>add_argument</arg>
<arg>--ignore-certificate-errors</arg>
<doc>Runs the given keyword with the given arguments, if ``condition`` is true.</doc>
<status status="PASS" starttime="20210420 04:21:31.920" endtime="20210420 04:21:31.920"/>
</kw>
<kw name="Create Webdriver" library="SeleniumLibrary">
<arg>Chrome</arg>
<arg>chrome_options=${chrome_options}</arg>
<doc>Creates an instance of Selenium WebDriver.</doc>
<msg timestamp="20210420 04:21:31.920" level="INFO">Creating an instance of the Chrome WebDriver.</msg>
<status status="PASS" starttime="20210420 04:21:31.920" endtime="20210420 04:21:33.724"/>
</kw>
<status status="PASS" starttime="20210420 04:21:31.917" endtime="20210420 04:21:33.725"/>
</kw>
<status status="PASS" starttime="20210420 04:21:31.916" endtime="20210420 04:21:33.725"/>
</kw>
<kw name="Set Window Size" library="SeleniumLibrary">
<arg>1920</arg>
<arg>1080</arg>
<doc>Sets current windows size to given ``width`` and ``height``.</doc>
<status status="PASS" starttime="20210420 04:21:33.725" endtime="20210420 04:21:33.832"/>
</kw>
<kw name="Set Screenshot Directory" library="SeleniumLibrary">
<arg>./results/image</arg>
<doc>Sets the directory for captured screenshots.</doc>
<status status="PASS" starttime="20210420 04:21:33.833" endtime="20210420 04:21:33.833"/>
</kw>
<kw name="Go To Home Page" library="Common">
<kw name="Go To" library="SeleniumLibrary">
<arg>${AUT_URL}</arg>
<doc>Navigates the current browser window to the provided ``url``.</doc>
<msg timestamp="20210420 04:21:33.835" level="INFO">Opening url 'https://openweathermap.org'</msg>
<status status="PASS" starttime="20210420 04:21:33.834" endtime="20210420 04:21:38.959"/>
</kw>
<status status="PASS" starttime="20210420 04:21:33.834" endtime="20210420 04:21:38.960"/>
</kw>
<kw name="Create Session" library="RequestsLibrary">
<arg>test-session</arg>
<arg>${API_URL}</arg>
<arg>verify=true</arg>
<doc>Create Session: create a HTTP session to a server</doc>
<msg timestamp="20210420 04:21:38.960" level="INFO">Creating Session using : alias=test-session, url=https://openweathermap.org, headers={},                     cookies={}, auth=None, timeout=None, proxies=None, verify=True,                     debug=0 </msg>
<status status="PASS" starttime="20210420 04:21:38.960" endtime="20210420 04:21:38.961"/>
</kw>
<status status="PASS" starttime="20210420 04:21:31.916" endtime="20210420 04:21:38.961"/>
</kw>
<kw name="Searching Weather">
<arg>Thanh pho Ho Chi Minh</arg>
<kw name="Input City" library="search_page">
<arg>${country}</arg>
<kw name="Wait Until Element Is Not Visible" library="SeleniumLibrary">
<arg>${LOADING_COVER}</arg>
<arg>${TIMED_OUT}</arg>
<doc>Waits until the element ``locator`` is not visible.</doc>
<status status="PASS" starttime="20210420 04:21:38.963" endtime="20210420 04:21:38.980"/>
</kw>
<kw name="Scroll And Click" library="helper_func">
<arg>${SEARCH_FIELD}</arg>
<kw name="Wait Until Element Is Visible" library="SeleniumLibrary">
<arg>${element_clickable}</arg>
<arg>${TIMED_OUT}</arg>
<arg>${element_clickable} not found</arg>
<doc>Waits until the element ``locator`` is visible.</doc>
<status status="PASS" starttime="20210420 04:21:38.981" endtime="20210420 04:21:39.007"/>
</kw>
<kw name="Scroll Element Into View" library="SeleniumLibrary">
<arg>${element_clickable}</arg>
<doc>Scrolls the element identified by ``locator`` into view.</doc>
<status status="PASS" starttime="20210420 04:21:39.007" endtime="20210420 04:21:39.292"/>
</kw>
<kw name="Click Element" library="SeleniumLibrary">
<arg>${element_clickable}</arg>
<doc>Click the element identified by ``locator``.</doc>
<msg timestamp="20210420 04:21:39.293" level="INFO">Clicking element 'xpath://*[@class="search"]//input'.</msg>
<status status="PASS" starttime="20210420 04:21:39.292" endtime="20210420 04:21:39.402"/>
</kw>
<status status="PASS" starttime="20210420 04:21:38.981" endtime="20210420 04:21:39.402"/>
</kw>
<kw name="Wait And Input" library="helper_func">
<arg>${SEARCH_FIELD}</arg>
<arg>${the_city}</arg>
<kw name="Wait Until Element Is Visible" library="SeleniumLibrary">
<arg>${element_input}</arg>
<arg>${TIMED_OUT}</arg>
<arg>${element_input} not found</arg>
<doc>Waits until the element ``locator`` is visible.</doc>
<status status="PASS" starttime="20210420 04:21:39.403" endtime="20210420 04:21:39.499"/>
</kw>
<kw name="Input Text" library="SeleniumLibrary">
<arg>${element_input}</arg>
<arg>${text}</arg>
<doc>Types the given ``text`` into the text field identified by ``locator``.</doc>
<msg timestamp="20210420 04:21:39.499" level="INFO">Typing text 'Thanh pho Ho Chi Minh' into text field 'xpath://*[@class="search"]//input'.</msg>
<status status="PASS" starttime="20210420 04:21:39.499" endtime="20210420 04:21:39.842"/>
</kw>
<status status="PASS" starttime="20210420 04:21:39.402" endtime="20210420 04:21:39.843"/>
</kw>
<status status="PASS" starttime="20210420 04:21:38.962" endtime="20210420 04:21:39.843"/>
</kw>
<kw name="Submit Field" library="search_page">
<kw name="Scroll And Click" library="helper_func">
<arg>${SUBMIT_BTN}</arg>
<kw name="Wait Until Element Is Visible" library="SeleniumLibrary">
<arg>${element_clickable}</arg>
<arg>${TIMED_OUT}</arg>
<arg>${element_clickable} not found</arg>
<doc>Waits until the element ``locator`` is visible.</doc>
<status status="PASS" starttime="20210420 04:21:39.844" endtime="20210420 04:21:39.864"/>
</kw>
<kw name="Scroll Element Into View" library="SeleniumLibrary">
<arg>${element_clickable}</arg>
<doc>Scrolls the element identified by ``locator`` into view.</doc>
<status status="PASS" starttime="20210420 04:21:39.865" endtime="20210420 04:21:40.138"/>
</kw>
<kw name="Click Element" library="SeleniumLibrary">
<arg>${element_clickable}</arg>
<doc>Click the element identified by ``locator``.</doc>
<msg timestamp="20210420 04:21:40.138" level="INFO">Clicking element 'xpath://*[@class="search"]/button'.</msg>
<status status="PASS" starttime="20210420 04:21:40.138" endtime="20210420 04:21:40.188"/>
</kw>
<status status="PASS" starttime="20210420 04:21:39.844" endtime="20210420 04:21:40.188"/>
</kw>
<status status="PASS" starttime="20210420 04:21:39.843" endtime="20210420 04:21:40.188"/>
</kw>
<kw name="Verify Results" library="search_page">
<arg>${country}</arg>
<kw name="Run Keyword And Return Status" library="BuiltIn">
<var>${check_valid}</var>
<arg>Wait Until Element Is Visible</arg>
<arg>${DROPDOWN_MENU}/li</arg>
<arg>3s</arg>
<doc>Runs the given keyword with given arguments and returns the status as a Boolean value.</doc>
<kw name="Wait Until Element Is Visible" library="SeleniumLibrary">
<arg>${DROPDOWN_MENU}/li</arg>
<arg>3s</arg>
<doc>Waits until the element ``locator`` is visible.</doc>
<status status="PASS" starttime="20210420 04:21:40.189" endtime="20210420 04:21:40.827"/>
</kw>
<msg timestamp="20210420 04:21:40.831" level="INFO">${check_valid} = True</msg>
<status status="PASS" starttime="20210420 04:21:40.189" endtime="20210420 04:21:40.831"/>
</kw>
<kw name="Get Element Count" library="SeleniumLibrary">
<var>${count_result}</var>
<arg>${DROPDOWN_MENU}/li</arg>
<doc>Returns the number of elements matching ``locator``.</doc>
<msg timestamp="20210420 04:21:40.852" level="INFO">${count_result} = 1</msg>
<status status="PASS" starttime="20210420 04:21:40.832" endtime="20210420 04:21:40.852"/>
</kw>
<if>
<branch type="IF" condition="'${check_valid}' == 'True'">
<if>
<branch type="IF" condition="${count_result} &gt; 1">
<for flavor="IN RANGE">
<var>${i}</var>
<value>1</value>
<value>${count_result}+1</value>
<iter>
<var name="${i}">${i}</var>
<kw name="Wait And Get Text" library="helper_func">
<var>${result}</var>
<arg>${DROPDOWN_MENU}/li[${i}]/span</arg>
<status status="NOT RUN" starttime="20210420 04:21:40.853" endtime="20210420 04:21:40.853"/>
</kw>
<kw name="Should Contain" library="BuiltIn">
<arg>${result}</arg>
<arg>${the_city}</arg>
<arg>${the_city} not found</arg>
<doc>Fails if ``container`` does not contain ``item`` one or more times.</doc>
<status status="NOT RUN" starttime="20210420 04:21:40.853" endtime="20210420 04:21:40.853"/>
</kw>
<status status="NOT RUN" starttime="20210420 04:21:40.853" endtime="20210420 04:21:40.853"/>
</iter>
<status status="NOT RUN" starttime="20210420 04:21:40.853" endtime="20210420 04:21:40.853"/>
</for>
<status status="NOT RUN" starttime="20210420 04:21:40.853" endtime="20210420 04:21:40.853"/>
</branch>
<branch type="ELSE">
<kw name="Wait And Get Text" library="helper_func">
<var>${result}</var>
<arg>${DROPDOWN_MENU}/li/span</arg>
<kw name="Wait Until Element Is Visible" library="SeleniumLibrary">
<arg>${text_element}</arg>
<arg>${TIMED_OUT}</arg>
<arg>${text_element} not found</arg>
<doc>Waits until the element ``locator`` is visible.</doc>
<status status="PASS" starttime="20210420 04:21:40.854" endtime="20210420 04:21:40.871"/>
</kw>
<kw name="Get Text" library="SeleniumLibrary">
<var>${text}</var>
<arg>${text_element}</arg>
<doc>Returns the text value of the element identified by ``locator``.</doc>
<msg timestamp="20210420 04:21:40.893" level="INFO">${text} = Thanh pho Ho Chi Minh, VN</msg>
<status status="PASS" starttime="20210420 04:21:40.872" endtime="20210420 04:21:40.893"/>
</kw>
<msg timestamp="20210420 04:21:40.894" level="INFO">${result} = Thanh pho Ho Chi Minh, VN</msg>
<status status="PASS" starttime="20210420 04:21:40.854" endtime="20210420 04:21:40.894"/>
</kw>
<kw name="Should Contain" library="BuiltIn">
<arg>${result}</arg>
<arg>${the_city}</arg>
<arg>${the_city} not found</arg>
<doc>Fails if ``container`` does not contain ``item`` one or more times.</doc>
<status status="PASS" starttime="20210420 04:21:40.894" endtime="20210420 04:21:40.894"/>
</kw>
<status status="PASS" starttime="20210420 04:21:40.854" endtime="20210420 04:21:40.894"/>
</branch>
<status status="PASS" starttime="20210420 04:21:40.853" endtime="20210420 04:21:40.894"/>
</if>
<status status="PASS" starttime="20210420 04:21:40.853" endtime="20210420 04:21:40.894"/>
</branch>
<branch type="ELSE">
<kw name="Verify No Result" library="search_page">
<status status="NOT RUN" starttime="20210420 04:21:40.894" endtime="20210420 04:21:40.894"/>
</kw>
<status status="NOT RUN" starttime="20210420 04:21:40.894" endtime="20210420 04:21:40.894"/>
</branch>
<status status="PASS" starttime="20210420 04:21:40.852" endtime="20210420 04:21:40.894"/>
</if>
<status status="PASS" starttime="20210420 04:21:40.188" endtime="20210420 04:21:40.895"/>
</kw>
<status status="PASS" starttime="20210420 04:21:38.962" endtime="20210420 04:21:40.895"/>
</kw>
<kw name="End Web Test" library="Common" type="TEARDOWN">
<kw name="Close All Browsers" library="SeleniumLibrary">
<doc>Closes all open browsers and resets the browser cache.</doc>
<status status="PASS" starttime="20210420 04:21:40.895" endtime="20210420 04:21:40.982"/>
</kw>
<status status="PASS" starttime="20210420 04:21:40.895" endtime="20210420 04:21:40.982"/>
</kw>
<status status="PASS" starttime="20210420 04:21:31.915" endtime="20210420 04:21:40.982"/>
</test>
<test id="s1-s1-s1-t2" name="Verify Searching Weather">
<kw name="Begin Web Test" library="Common" type="SETUP">
<kw name="Evaluate" library="BuiltIn">
<var>${system}</var>
<arg>platform.system()</arg>
<arg>platform</arg>
<doc>Evaluates the given expression in Python and returns the result.</doc>
<msg timestamp="20210420 04:21:40.987" level="INFO">${system} = Darwin</msg>
<status status="PASS" starttime="20210420 04:21:40.986" endtime="20210420 04:21:40.987"/>
</kw>
<kw name="Run Keyword If" library="BuiltIn">
<arg>'${BROWSER}'=='Chrome'</arg>
<arg>Open Chrome Browser</arg>
<arg>${system}</arg>
<arg>${HEADLESS}</arg>
<arg>ELSE IF</arg>
<arg>'${BROWSER}'=='Firefox'</arg>
<arg>Open Firefox Browser</arg>
<arg>${system}</arg>
<arg>${HEADLESS}</arg>
<doc>Runs the given keyword with the given arguments, if ``condition`` is true.</doc>
<kw name="Open Chrome Browser" library="Common">
<arg>${system}</arg>
<arg>${HEADLESS}</arg>
<kw name="Evaluate" library="BuiltIn">
<var>${chrome_options}</var>
<arg>sys.modules['selenium.webdriver'].ChromeOptions()</arg>
<arg>sys, selenium.webdriver</arg>
<doc>Evaluates the given expression in Python and returns the result.</doc>
<msg timestamp="20210420 04:21:40.989" level="INFO">${chrome_options} = &lt;selenium.webdriver.chrome.options.Options object at 0x7f841b3fb8b0&gt;</msg>
<status status="PASS" starttime="20210420 04:21:40.988" endtime="20210420 04:21:40.989"/>
</kw>
<kw name="Run Keyword If" library="BuiltIn">
<arg>'${has_headless}'=='True'</arg>
<arg>Call Method</arg>
<arg>${chrome_options}</arg>
<arg>add_argument</arg>
<arg>--headless</arg>
<doc>Runs the given keyword with the given arguments, if ``condition`` is true.</doc>
<kw name="Call Method" library="BuiltIn">
<arg>${chrome_options}</arg>
<arg>add_argument</arg>
<arg>--headless</arg>
<doc>Calls the named method of the given object with the provided arguments.</doc>
<status status="PASS" starttime="20210420 04:21:40.991" endtime="20210420 04:21:40.991"/>
</kw>
<status status="PASS" starttime="20210420 04:21:40.990" endtime="20210420 04:21:40.991"/>
</kw>
<kw name="Run Keyword If" library="BuiltIn">
<arg>'${os_system}'=='Darwin'</arg>
<arg>Run Keywords</arg>
<arg>Call Method</arg>
<arg>${chrome_options}</arg>
<arg>add_argument</arg>
<arg>--no-sandbox</arg>
<arg>AND</arg>
<arg>Call Method</arg>
<arg>${chrome_options}</arg>
<arg>add_argument</arg>
<arg>--ignore-certificate-errors</arg>
<doc>Runs the given keyword with the given arguments, if ``condition`` is true.</doc>
<kw name="Run Keywords" library="BuiltIn">
<arg>Call Method</arg>
<arg>${chrome_options}</arg>
<arg>add_argument</arg>
<arg>--no-sandbox</arg>
<arg>AND</arg>
<arg>Call Method</arg>
<arg>${chrome_options}</arg>
<arg>add_argument</arg>
<arg>--ignore-certificate-errors</arg>
<doc>Executes all the given keywords in a sequence.</doc>
<kw name="Call Method" library="BuiltIn">
<arg>${chrome_options}</arg>
<arg>add_argument</arg>
<arg>--no-sandbox</arg>
<doc>Calls the named method of the given object with the provided arguments.</doc>
<status status="PASS" starttime="20210420 04:21:40.993" endtime="20210420 04:21:40.993"/>
</kw>
<kw name="Call Method" library="BuiltIn">
<arg>${chrome_options}</arg>
<arg>add_argument</arg>
<arg>--ignore-certificate-errors</arg>
<doc>Calls the named method of the given object with the provided arguments.</doc>
<status status="PASS" starttime="20210420 04:21:40.993" endtime="20210420 04:21:40.994"/>
</kw>
<status status="PASS" starttime="20210420 04:21:40.992" endtime="20210420 04:21:40.994"/>
</kw>
<status status="PASS" starttime="20210420 04:21:40.992" endtime="20210420 04:21:40.994"/>
</kw>
<kw name="Run Keyword If" library="BuiltIn">
<arg>'${os_system}'=='linux'</arg>
<arg>Run Keywords</arg>
<arg>Call Method</arg>
<arg>${chrome_options}</arg>
<arg>add_argument</arg>
<arg>--no-sandbox</arg>
<arg>AND</arg>
<arg>Call Method</arg>
<arg>${chrome_options}</arg>
<arg>add_argument</arg>
<arg>--disable-extensions</arg>
<arg>AND</arg>
<arg>Call Method</arg>
<arg>${chrome_options}</arg>
<arg>add_argument</arg>
<arg>--disable-dev-shm-usage</arg>
<arg>AND</arg>
<arg>Call Method</arg>
<arg>${chrome_options}</arg>
<arg>add_argument</arg>
<arg>--ignore-certificate-errors</arg>
<doc>Runs the given keyword with the given arguments, if ``condition`` is true.</doc>
<status status="PASS" starttime="20210420 04:21:40.994" endtime="20210420 04:21:40.995"/>
</kw>
<kw name="Create Webdriver" library="SeleniumLibrary">
<arg>Chrome</arg>
<arg>chrome_options=${chrome_options}</arg>
<doc>Creates an instance of Selenium WebDriver.</doc>
<msg timestamp="20210420 04:21:40.995" level="INFO">Creating an instance of the Chrome WebDriver.</msg>
<status status="PASS" starttime="20210420 04:21:40.995" endtime="20210420 04:21:42.405"/>
</kw>
<status status="PASS" starttime="20210420 04:21:40.988" endtime="20210420 04:21:42.405"/>
</kw>
<status status="PASS" starttime="20210420 04:21:40.987" endtime="20210420 04:21:42.406"/>
</kw>
<kw name="Set Window Size" library="SeleniumLibrary">
<arg>1920</arg>
<arg>1080</arg>
<doc>Sets current windows size to given ``width`` and ``height``.</doc>
<status status="PASS" starttime="20210420 04:21:42.406" endtime="20210420 04:21:42.510"/>
</kw>
<kw name="Set Screenshot Directory" library="SeleniumLibrary">
<arg>./results/image</arg>
<doc>Sets the directory for captured screenshots.</doc>
<status status="PASS" starttime="20210420 04:21:42.510" endtime="20210420 04:21:42.511"/>
</kw>
<kw name="Go To Home Page" library="Common">
<kw name="Go To" library="SeleniumLibrary">
<arg>${AUT_URL}</arg>
<doc>Navigates the current browser window to the provided ``url``.</doc>
<msg timestamp="20210420 04:21:42.512" level="INFO">Opening url 'https://openweathermap.org'</msg>
<status status="PASS" starttime="20210420 04:21:42.511" endtime="20210420 04:21:47.864"/>
</kw>
<status status="PASS" starttime="20210420 04:21:42.511" endtime="20210420 04:21:47.864"/>
</kw>
<kw name="Create Session" library="RequestsLibrary">
<arg>test-session</arg>
<arg>${API_URL}</arg>
<arg>verify=true</arg>
<doc>Create Session: create a HTTP session to a server</doc>
<msg timestamp="20210420 04:21:47.865" level="INFO">Creating Session using : alias=test-session, url=https://openweathermap.org, headers={},                     cookies={}, auth=None, timeout=None, proxies=None, verify=True,                     debug=0 </msg>
<status status="PASS" starttime="20210420 04:21:47.864" endtime="20210420 04:21:47.865"/>
</kw>
<status status="PASS" starttime="20210420 04:21:40.985" endtime="20210420 04:21:47.866"/>
</kw>
<kw name="Searching Weather">
<arg>London</arg>
<kw name="Input City" library="search_page">
<arg>${country}</arg>
<kw name="Wait Until Element Is Not Visible" library="SeleniumLibrary">
<arg>${LOADING_COVER}</arg>
<arg>${TIMED_OUT}</arg>
<doc>Waits until the element ``locator`` is not visible.</doc>
<status status="PASS" starttime="20210420 04:21:47.866" endtime="20210420 04:21:47.876"/>
</kw>
<kw name="Scroll And Click" library="helper_func">
<arg>${SEARCH_FIELD}</arg>
<kw name="Wait Until Element Is Visible" library="SeleniumLibrary">
<arg>${element_clickable}</arg>
<arg>${TIMED_OUT}</arg>
<arg>${element_clickable} not found</arg>
<doc>Waits until the element ``locator`` is visible.</doc>
<status status="PASS" starttime="20210420 04:21:47.877" endtime="20210420 04:21:47.896"/>
</kw>
<kw name="Scroll Element Into View" library="SeleniumLibrary">
<arg>${element_clickable}</arg>
<doc>Scrolls the element identified by ``locator`` into view.</doc>
<status status="PASS" starttime="20210420 04:21:47.896" endtime="20210420 04:21:48.174"/>
</kw>
<kw name="Click Element" library="SeleniumLibrary">
<arg>${element_clickable}</arg>
<doc>Click the element identified by ``locator``.</doc>
<msg timestamp="20210420 04:21:48.175" level="INFO">Clicking element 'xpath://*[@class="search"]//input'.</msg>
<status status="PASS" starttime="20210420 04:21:48.174" endtime="20210420 04:21:48.252"/>
</kw>
<status status="PASS" starttime="20210420 04:21:47.877" endtime="20210420 04:21:48.253"/>
</kw>
<kw name="Wait And Input" library="helper_func">
<arg>${SEARCH_FIELD}</arg>
<arg>${the_city}</arg>
<kw name="Wait Until Element Is Visible" library="SeleniumLibrary">
<arg>${element_input}</arg>
<arg>${TIMED_OUT}</arg>
<arg>${element_input} not found</arg>
<doc>Waits until the element ``locator`` is visible.</doc>
<status status="PASS" starttime="20210420 04:21:48.254" endtime="20210420 04:21:48.275"/>
</kw>
<kw name="Input Text" library="SeleniumLibrary">
<arg>${element_input}</arg>
<arg>${text}</arg>
<doc>Types the given ``text`` into the text field identified by ``locator``.</doc>
<msg timestamp="20210420 04:21:48.275" level="INFO">Typing text 'London' into text field 'xpath://*[@class="search"]//input'.</msg>
<status status="PASS" starttime="20210420 04:21:48.275" endtime="20210420 04:21:48.400"/>
</kw>
<status status="PASS" starttime="20210420 04:21:48.253" endtime="20210420 04:21:48.401"/>
</kw>
<status status="PASS" starttime="20210420 04:21:47.866" endtime="20210420 04:21:48.401"/>
</kw>
<kw name="Submit Field" library="search_page">
<kw name="Scroll And Click" library="helper_func">
<arg>${SUBMIT_BTN}</arg>
<kw name="Wait Until Element Is Visible" library="SeleniumLibrary">
<arg>${element_clickable}</arg>
<arg>${TIMED_OUT}</arg>
<arg>${element_clickable} not found</arg>
<doc>Waits until the element ``locator`` is visible.</doc>
<status status="PASS" starttime="20210420 04:21:48.402" endtime="20210420 04:21:48.432"/>
</kw>
<kw name="Scroll Element Into View" library="SeleniumLibrary">
<arg>${element_clickable}</arg>
<doc>Scrolls the element identified by ``locator`` into view.</doc>
<status status="PASS" starttime="20210420 04:21:48.432" endtime="20210420 04:21:48.708"/>
</kw>
<kw name="Click Element" library="SeleniumLibrary">
<arg>${element_clickable}</arg>
<doc>Click the element identified by ``locator``.</doc>
<msg timestamp="20210420 04:21:48.708" level="INFO">Clicking element 'xpath://*[@class="search"]/button'.</msg>
<status status="PASS" starttime="20210420 04:21:48.708" endtime="20210420 04:21:48.740"/>
</kw>
<status status="PASS" starttime="20210420 04:21:48.402" endtime="20210420 04:21:48.741"/>
</kw>
<status status="PASS" starttime="20210420 04:21:48.402" endtime="20210420 04:21:48.741"/>
</kw>
<kw name="Verify Results" library="search_page">
<arg>${country}</arg>
<kw name="Run Keyword And Return Status" library="BuiltIn">
<var>${check_valid}</var>
<arg>Wait Until Element Is Visible</arg>
<arg>${DROPDOWN_MENU}/li</arg>
<arg>3s</arg>
<doc>Runs the given keyword with given arguments and returns the status as a Boolean value.</doc>
<kw name="Wait Until Element Is Visible" library="SeleniumLibrary">
<arg>${DROPDOWN_MENU}/li</arg>
<arg>3s</arg>
<doc>Waits until the element ``locator`` is visible.</doc>
<status status="PASS" starttime="20210420 04:21:48.741" endtime="20210420 04:21:49.397"/>
</kw>
<msg timestamp="20210420 04:21:49.397" level="INFO">${check_valid} = True</msg>
<status status="PASS" starttime="20210420 04:21:48.741" endtime="20210420 04:21:49.397"/>
</kw>
<kw name="Get Element Count" library="SeleniumLibrary">
<var>${count_result}</var>
<arg>${DROPDOWN_MENU}/li</arg>
<doc>Returns the number of elements matching ``locator``.</doc>
<msg timestamp="20210420 04:21:49.404" level="INFO">${count_result} = 5</msg>
<status status="PASS" starttime="20210420 04:21:49.397" endtime="20210420 04:21:49.404"/>
</kw>
<if>
<branch type="IF" condition="'${check_valid}' == 'True'">
<if>
<branch type="IF" condition="${count_result} &gt; 1">
<for flavor="IN RANGE">
<var>${i}</var>
<value>1</value>
<value>${count_result}+1</value>
<iter>
<var name="${i}">1</var>
<kw name="Wait And Get Text" library="helper_func">
<var>${result}</var>
<arg>${DROPDOWN_MENU}/li[${i}]/span</arg>
<kw name="Wait Until Element Is Visible" library="SeleniumLibrary">
<arg>${text_element}</arg>
<arg>${TIMED_OUT}</arg>
<arg>${text_element} not found</arg>
<doc>Waits until the element ``locator`` is visible.</doc>
<status status="PASS" starttime="20210420 04:21:49.405" endtime="20210420 04:21:49.422"/>
</kw>
<kw name="Get Text" library="SeleniumLibrary">
<var>${text}</var>
<arg>${text_element}</arg>
<doc>Returns the text value of the element identified by ``locator``.</doc>
<msg timestamp="20210420 04:21:49.440" level="INFO">${text} = London, GB</msg>
<status status="PASS" starttime="20210420 04:21:49.423" endtime="20210420 04:21:49.440"/>
</kw>
<msg timestamp="20210420 04:21:49.441" level="INFO">${result} = London, GB</msg>
<status status="PASS" starttime="20210420 04:21:49.405" endtime="20210420 04:21:49.441"/>
</kw>
<kw name="Should Contain" library="BuiltIn">
<arg>${result}</arg>
<arg>${the_city}</arg>
<arg>${the_city} not found</arg>
<doc>Fails if ``container`` does not contain ``item`` one or more times.</doc>
<status status="PASS" starttime="20210420 04:21:49.441" endtime="20210420 04:21:49.442"/>
</kw>
<status status="PASS" starttime="20210420 04:21:49.405" endtime="20210420 04:21:49.442"/>
</iter>
<iter>
<var name="${i}">2</var>
<kw name="Wait And Get Text" library="helper_func">
<var>${result}</var>
<arg>${DROPDOWN_MENU}/li[${i}]/span</arg>
<kw name="Wait Until Element Is Visible" library="SeleniumLibrary">
<arg>${text_element}</arg>
<arg>${TIMED_OUT}</arg>
<arg>${text_element} not found</arg>
<doc>Waits until the element ``locator`` is visible.</doc>
<status status="PASS" starttime="20210420 04:21:49.442" endtime="20210420 04:21:49.485"/>
</kw>
<kw name="Get Text" library="SeleniumLibrary">
<var>${text}</var>
<arg>${text_element}</arg>
<doc>Returns the text value of the element identified by ``locator``.</doc>
<msg timestamp="20210420 04:21:49.504" level="INFO">${text} = London, CA</msg>
<status status="PASS" starttime="20210420 04:21:49.485" endtime="20210420 04:21:49.504"/>
</kw>
<msg timestamp="20210420 04:21:49.504" level="INFO">${result} = London, CA</msg>
<status status="PASS" starttime="20210420 04:21:49.442" endtime="20210420 04:21:49.504"/>
</kw>
<kw name="Should Contain" library="BuiltIn">
<arg>${result}</arg>
<arg>${the_city}</arg>
<arg>${the_city} not found</arg>
<doc>Fails if ``container`` does not contain ``item`` one or more times.</doc>
<status status="PASS" starttime="20210420 04:21:49.505" endtime="20210420 04:21:49.505"/>
</kw>
<status status="PASS" starttime="20210420 04:21:49.442" endtime="20210420 04:21:49.505"/>
</iter>
<iter>
<var name="${i}">3</var>
<kw name="Wait And Get Text" library="helper_func">
<var>${result}</var>
<arg>${DROPDOWN_MENU}/li[${i}]/span</arg>
<kw name="Wait Until Element Is Visible" library="SeleniumLibrary">
<arg>${text_element}</arg>
<arg>${TIMED_OUT}</arg>
<arg>${text_element} not found</arg>
<doc>Waits until the element ``locator`` is visible.</doc>
<status status="PASS" starttime="20210420 04:21:49.506" endtime="20210420 04:21:49.526"/>
</kw>
<kw name="Get Text" library="SeleniumLibrary">
<var>${text}</var>
<arg>${text_element}</arg>
<doc>Returns the text value of the element identified by ``locator``.</doc>
<msg timestamp="20210420 04:21:49.542" level="INFO">${text} = London, US</msg>
<status status="PASS" starttime="20210420 04:21:49.526" endtime="20210420 04:21:49.543"/>
</kw>
<msg timestamp="20210420 04:21:49.543" level="INFO">${result} = London, US</msg>
<status status="PASS" starttime="20210420 04:21:49.506" endtime="20210420 04:21:49.543"/>
</kw>
<kw name="Should Contain" library="BuiltIn">
<arg>${result}</arg>
<arg>${the_city}</arg>
<arg>${the_city} not found</arg>
<doc>Fails if ``container`` does not contain ``item`` one or more times.</doc>
<status status="PASS" starttime="20210420 04:21:49.543" endtime="20210420 04:21:49.543"/>
</kw>
<status status="PASS" starttime="20210420 04:21:49.505" endtime="20210420 04:21:49.543"/>
</iter>
<iter>
<var name="${i}">4</var>
<kw name="Wait And Get Text" library="helper_func">
<var>${result}</var>
<arg>${DROPDOWN_MENU}/li[${i}]/span</arg>
<kw name="Wait Until Element Is Visible" library="SeleniumLibrary">
<arg>${text_element}</arg>
<arg>${TIMED_OUT}</arg>
<arg>${text_element} not found</arg>
<doc>Waits until the element ``locator`` is visible.</doc>
<status status="PASS" starttime="20210420 04:21:49.544" endtime="20210420 04:21:49.564"/>
</kw>
<kw name="Get Text" library="SeleniumLibrary">
<var>${text}</var>
<arg>${text_element}</arg>
<doc>Returns the text value of the element identified by ``locator``.</doc>
<msg timestamp="20210420 04:21:49.597" level="INFO">${text} = London, US</msg>
<status status="PASS" starttime="20210420 04:21:49.565" endtime="20210420 04:21:49.597"/>
</kw>
<msg timestamp="20210420 04:21:49.598" level="INFO">${result} = London, US</msg>
<status status="PASS" starttime="20210420 04:21:49.544" endtime="20210420 04:21:49.598"/>
</kw>
<kw name="Should Contain" library="BuiltIn">
<arg>${result}</arg>
<arg>${the_city}</arg>
<arg>${the_city} not found</arg>
<doc>Fails if ``container`` does not contain ``item`` one or more times.</doc>
<status status="PASS" starttime="20210420 04:21:49.598" endtime="20210420 04:21:49.598"/>
</kw>
<status status="PASS" starttime="20210420 04:21:49.544" endtime="20210420 04:21:49.598"/>
</iter>
<iter>
<var name="${i}">5</var>
<kw name="Wait And Get Text" library="helper_func">
<var>${result}</var>
<arg>${DROPDOWN_MENU}/li[${i}]/span</arg>
<kw name="Wait Until Element Is Visible" library="SeleniumLibrary">
<arg>${text_element}</arg>
<arg>${TIMED_OUT}</arg>
<arg>${text_element} not found</arg>
<doc>Waits until the element ``locator`` is visible.</doc>
<status status="PASS" starttime="20210420 04:21:49.599" endtime="20210420 04:21:49.662"/>
</kw>
<kw name="Get Text" library="SeleniumLibrary">
<var>${text}</var>
<arg>${text_element}</arg>
<doc>Returns the text value of the element identified by ``locator``.</doc>
<msg timestamp="20210420 04:21:49.681" level="INFO">${text} = London, US</msg>
<status status="PASS" starttime="20210420 04:21:49.662" endtime="20210420 04:21:49.682"/>
</kw>
<msg timestamp="20210420 04:21:49.682" level="INFO">${result} = London, US</msg>
<status status="PASS" starttime="20210420 04:21:49.599" endtime="20210420 04:21:49.682"/>
</kw>
<kw name="Should Contain" library="BuiltIn">
<arg>${result}</arg>
<arg>${the_city}</arg>
<arg>${the_city} not found</arg>
<doc>Fails if ``container`` does not contain ``item`` one or more times.</doc>
<status status="PASS" starttime="20210420 04:21:49.682" endtime="20210420 04:21:49.682"/>
</kw>
<status status="PASS" starttime="20210420 04:21:49.598" endtime="20210420 04:21:49.682"/>
</iter>
<status status="PASS" starttime="20210420 04:21:49.405" endtime="20210420 04:21:49.682"/>
</for>
<status status="PASS" starttime="20210420 04:21:49.404" endtime="20210420 04:21:49.682"/>
</branch>
<branch type="ELSE">
<kw name="Wait And Get Text" library="helper_func">
<var>${result}</var>
<arg>${DROPDOWN_MENU}/li/span</arg>
<status status="NOT RUN" starttime="20210420 04:21:49.683" endtime="20210420 04:21:49.683"/>
</kw>
<kw name="Should Contain" library="BuiltIn">
<arg>${result}</arg>
<arg>${the_city}</arg>
<arg>${the_city} not found</arg>
<doc>Fails if ``container`` does not contain ``item`` one or more times.</doc>
<status status="NOT RUN" starttime="20210420 04:21:49.683" endtime="20210420 04:21:49.683"/>
</kw>
<status status="NOT RUN" starttime="20210420 04:21:49.683" endtime="20210420 04:21:49.683"/>
</branch>
<status status="PASS" starttime="20210420 04:21:49.404" endtime="20210420 04:21:49.683"/>
</if>
<status status="PASS" starttime="20210420 04:21:49.404" endtime="20210420 04:21:49.683"/>
</branch>
<branch type="ELSE">
<kw name="Verify No Result" library="search_page">
<status status="NOT RUN" starttime="20210420 04:21:49.683" endtime="20210420 04:21:49.683"/>
</kw>
<status status="NOT RUN" starttime="20210420 04:21:49.683" endtime="20210420 04:21:49.683"/>
</branch>
<status status="PASS" starttime="20210420 04:21:49.404" endtime="20210420 04:21:49.683"/>
</if>
<status status="PASS" starttime="20210420 04:21:48.741" endtime="20210420 04:21:49.683"/>
</kw>
<status status="PASS" starttime="20210420 04:21:47.866" endtime="20210420 04:21:49.683"/>
</kw>
<kw name="End Web Test" library="Common" type="TEARDOWN">
<kw name="Close All Browsers" library="SeleniumLibrary">
<doc>Closes all open browsers and resets the browser cache.</doc>
<status status="PASS" starttime="20210420 04:21:49.684" endtime="20210420 04:21:49.770"/>
</kw>
<status status="PASS" starttime="20210420 04:21:49.684" endtime="20210420 04:21:49.771"/>
</kw>
<status status="PASS" starttime="20210420 04:21:40.984" endtime="20210420 04:21:49.771"/>
</test>
<test id="s1-s1-s1-t3" name="Verify Searching Weather">
<kw name="Begin Web Test" library="Common" type="SETUP">
<kw name="Evaluate" library="BuiltIn">
<var>${system}</var>
<arg>platform.system()</arg>
<arg>platform</arg>
<doc>Evaluates the given expression in Python and returns the result.</doc>
<msg timestamp="20210420 04:21:49.775" level="INFO">${system} = Darwin</msg>
<status status="PASS" starttime="20210420 04:21:49.775" endtime="20210420 04:21:49.775"/>
</kw>
<kw name="Run Keyword If" library="BuiltIn">
<arg>'${BROWSER}'=='Chrome'</arg>
<arg>Open Chrome Browser</arg>
<arg>${system}</arg>
<arg>${HEADLESS}</arg>
<arg>ELSE IF</arg>
<arg>'${BROWSER}'=='Firefox'</arg>
<arg>Open Firefox Browser</arg>
<arg>${system}</arg>
<arg>${HEADLESS}</arg>
<doc>Runs the given keyword with the given arguments, if ``condition`` is true.</doc>
<kw name="Open Chrome Browser" library="Common">
<arg>${system}</arg>
<arg>${HEADLESS}</arg>
<kw name="Evaluate" library="BuiltIn">
<var>${chrome_options}</var>
<arg>sys.modules['selenium.webdriver'].ChromeOptions()</arg>
<arg>sys, selenium.webdriver</arg>
<doc>Evaluates the given expression in Python and returns the result.</doc>
<msg timestamp="20210420 04:21:49.777" level="INFO">${chrome_options} = &lt;selenium.webdriver.chrome.options.Options object at 0x7f841b4221f0&gt;</msg>
<status status="PASS" starttime="20210420 04:21:49.777" endtime="20210420 04:21:49.778"/>
</kw>
<kw name="Run Keyword If" library="BuiltIn">
<arg>'${has_headless}'=='True'</arg>
<arg>Call Method</arg>
<arg>${chrome_options}</arg>
<arg>add_argument</arg>
<arg>--headless</arg>
<doc>Runs the given keyword with the given arguments, if ``condition`` is true.</doc>
<kw name="Call Method" library="BuiltIn">
<arg>${chrome_options}</arg>
<arg>add_argument</arg>
<arg>--headless</arg>
<doc>Calls the named method of the given object with the provided arguments.</doc>
<status status="PASS" starttime="20210420 04:21:49.778" endtime="20210420 04:21:49.779"/>
</kw>
<status status="PASS" starttime="20210420 04:21:49.778" endtime="20210420 04:21:49.779"/>
</kw>
<kw name="Run Keyword If" library="BuiltIn">
<arg>'${os_system}'=='Darwin'</arg>
<arg>Run Keywords</arg>
<arg>Call Method</arg>
<arg>${chrome_options}</arg>
<arg>add_argument</arg>
<arg>--no-sandbox</arg>
<arg>AND</arg>
<arg>Call Method</arg>
<arg>${chrome_options}</arg>
<arg>add_argument</arg>
<arg>--ignore-certificate-errors</arg>
<doc>Runs the given keyword with the given arguments, if ``condition`` is true.</doc>
<kw name="Run Keywords" library="BuiltIn">
<arg>Call Method</arg>
<arg>${chrome_options}</arg>
<arg>add_argument</arg>
<arg>--no-sandbox</arg>
<arg>AND</arg>
<arg>Call Method</arg>
<arg>${chrome_options}</arg>
<arg>add_argument</arg>
<arg>--ignore-certificate-errors</arg>
<doc>Executes all the given keywords in a sequence.</doc>
<kw name="Call Method" library="BuiltIn">
<arg>${chrome_options}</arg>
<arg>add_argument</arg>
<arg>--no-sandbox</arg>
<doc>Calls the named method of the given object with the provided arguments.</doc>
<status status="PASS" starttime="20210420 04:21:49.781" endtime="20210420 04:21:49.781"/>
</kw>
<kw name="Call Method" library="BuiltIn">
<arg>${chrome_options}</arg>
<arg>add_argument</arg>
<arg>--ignore-certificate-errors</arg>
<doc>Calls the named method of the given object with the provided arguments.</doc>
<status status="PASS" starttime="20210420 04:21:49.782" endtime="20210420 04:21:49.782"/>
</kw>
<status status="PASS" starttime="20210420 04:21:49.780" endtime="20210420 04:21:49.782"/>
</kw>
<status status="PASS" starttime="20210420 04:21:49.779" endtime="20210420 04:21:49.782"/>
</kw>
<kw name="Run Keyword If" library="BuiltIn">
<arg>'${os_system}'=='linux'</arg>
<arg>Run Keywords</arg>
<arg>Call Method</arg>
<arg>${chrome_options}</arg>
<arg>add_argument</arg>
<arg>--no-sandbox</arg>
<arg>AND</arg>
<arg>Call Method</arg>
<arg>${chrome_options}</arg>
<arg>add_argument</arg>
<arg>--disable-extensions</arg>
<arg>AND</arg>
<arg>Call Method</arg>
<arg>${chrome_options}</arg>
<arg>add_argument</arg>
<arg>--disable-dev-shm-usage</arg>
<arg>AND</arg>
<arg>Call Method</arg>
<arg>${chrome_options}</arg>
<arg>add_argument</arg>
<arg>--ignore-certificate-errors</arg>
<doc>Runs the given keyword with the given arguments, if ``condition`` is true.</doc>
<status status="PASS" starttime="20210420 04:21:49.782" endtime="20210420 04:21:49.782"/>
</kw>
<kw name="Create Webdriver" library="SeleniumLibrary">
<arg>Chrome</arg>
<arg>chrome_options=${chrome_options}</arg>
<doc>Creates an instance of Selenium WebDriver.</doc>
<msg timestamp="20210420 04:21:49.783" level="INFO">Creating an instance of the Chrome WebDriver.</msg>
<status status="PASS" starttime="20210420 04:21:49.783" endtime="20210420 04:21:51.207"/>
</kw>
<status status="PASS" starttime="20210420 04:21:49.776" endtime="20210420 04:21:51.208"/>
</kw>
<status status="PASS" starttime="20210420 04:21:49.775" endtime="20210420 04:21:51.208"/>
</kw>
<kw name="Set Window Size" library="SeleniumLibrary">
<arg>1920</arg>
<arg>1080</arg>
<doc>Sets current windows size to given ``width`` and ``height``.</doc>
<status status="PASS" starttime="20210420 04:21:51.208" endtime="20210420 04:21:51.316"/>
</kw>
<kw name="Set Screenshot Directory" library="SeleniumLibrary">
<arg>./results/image</arg>
<doc>Sets the directory for captured screenshots.</doc>
<status status="PASS" starttime="20210420 04:21:51.316" endtime="20210420 04:21:51.316"/>
</kw>
<kw name="Go To Home Page" library="Common">
<kw name="Go To" library="SeleniumLibrary">
<arg>${AUT_URL}</arg>
<doc>Navigates the current browser window to the provided ``url``.</doc>
<msg timestamp="20210420 04:21:51.318" level="INFO">Opening url 'https://openweathermap.org'</msg>
<status status="PASS" starttime="20210420 04:21:51.318" endtime="20210420 04:21:56.387"/>
</kw>
<status status="PASS" starttime="20210420 04:21:51.317" endtime="20210420 04:21:56.388"/>
</kw>
<kw name="Create Session" library="RequestsLibrary">
<arg>test-session</arg>
<arg>${API_URL}</arg>
<arg>verify=true</arg>
<doc>Create Session: create a HTTP session to a server</doc>
<msg timestamp="20210420 04:21:56.388" level="INFO">Creating Session using : alias=test-session, url=https://openweathermap.org, headers={},                     cookies={}, auth=None, timeout=None, proxies=None, verify=True,                     debug=0 </msg>
<status status="PASS" starttime="20210420 04:21:56.388" endtime="20210420 04:21:56.389"/>
</kw>
<status status="PASS" starttime="20210420 04:21:49.774" endtime="20210420 04:21:56.389"/>
</kw>
<kw name="Searching Weather">
<arg>Germany</arg>
<kw name="Input City" library="search_page">
<arg>${country}</arg>
<kw name="Wait Until Element Is Not Visible" library="SeleniumLibrary">
<arg>${LOADING_COVER}</arg>
<arg>${TIMED_OUT}</arg>
<doc>Waits until the element ``locator`` is not visible.</doc>
<status status="PASS" starttime="20210420 04:21:56.390" endtime="20210420 04:21:56.404"/>
</kw>
<kw name="Scroll And Click" library="helper_func">
<arg>${SEARCH_FIELD}</arg>
<kw name="Wait Until Element Is Visible" library="SeleniumLibrary">
<arg>${element_clickable}</arg>
<arg>${TIMED_OUT}</arg>
<arg>${element_clickable} not found</arg>
<doc>Waits until the element ``locator`` is visible.</doc>
<status status="PASS" starttime="20210420 04:21:56.406" endtime="20210420 04:21:56.425"/>
</kw>
<kw name="Scroll Element Into View" library="SeleniumLibrary">
<arg>${element_clickable}</arg>
<doc>Scrolls the element identified by ``locator`` into view.</doc>
<status status="PASS" starttime="20210420 04:21:56.425" endtime="20210420 04:21:56.705"/>
</kw>
<kw name="Click Element" library="SeleniumLibrary">
<arg>${element_clickable}</arg>
<doc>Click the element identified by ``locator``.</doc>
<msg timestamp="20210420 04:21:56.706" level="INFO">Clicking element 'xpath://*[@class="search"]//input'.</msg>
<status status="PASS" starttime="20210420 04:21:56.705" endtime="20210420 04:21:56.773"/>
</kw>
<status status="PASS" starttime="20210420 04:21:56.405" endtime="20210420 04:21:56.774"/>
</kw>
<kw name="Wait And Input" library="helper_func">
<arg>${SEARCH_FIELD}</arg>
<arg>${the_city}</arg>
<kw name="Wait Until Element Is Visible" library="SeleniumLibrary">
<arg>${element_input}</arg>
<arg>${TIMED_OUT}</arg>
<arg>${element_input} not found</arg>
<doc>Waits until the element ``locator`` is visible.</doc>
<status status="PASS" starttime="20210420 04:21:56.775" endtime="20210420 04:21:56.826"/>
</kw>
<kw name="Input Text" library="SeleniumLibrary">
<arg>${element_input}</arg>
<arg>${text}</arg>
<doc>Types the given ``text`` into the text field identified by ``locator``.</doc>
<msg timestamp="20210420 04:21:56.827" level="INFO">Typing text 'Germany' into text field 'xpath://*[@class="search"]//input'.</msg>
<status status="PASS" starttime="20210420 04:21:56.826" endtime="20210420 04:21:56.996"/>
</kw>
<status status="PASS" starttime="20210420 04:21:56.774" endtime="20210420 04:21:56.996"/>
</kw>
<status status="PASS" starttime="20210420 04:21:56.390" endtime="20210420 04:21:56.996"/>
</kw>
<kw name="Submit Field" library="search_page">
<kw name="Scroll And Click" library="helper_func">
<arg>${SUBMIT_BTN}</arg>
<kw name="Wait Until Element Is Visible" library="SeleniumLibrary">
<arg>${element_clickable}</arg>
<arg>${TIMED_OUT}</arg>
<arg>${element_clickable} not found</arg>
<doc>Waits until the element ``locator`` is visible.</doc>
<status status="PASS" starttime="20210420 04:21:56.997" endtime="20210420 04:21:57.013"/>
</kw>
<kw name="Scroll Element Into View" library="SeleniumLibrary">
<arg>${element_clickable}</arg>
<doc>Scrolls the element identified by ``locator`` into view.</doc>
<status status="PASS" starttime="20210420 04:21:57.013" endtime="20210420 04:21:57.287"/>
</kw>
<kw name="Click Element" library="SeleniumLibrary">
<arg>${element_clickable}</arg>
<doc>Click the element identified by ``locator``.</doc>
<msg timestamp="20210420 04:21:57.288" level="INFO">Clicking element 'xpath://*[@class="search"]/button'.</msg>
<status status="PASS" starttime="20210420 04:21:57.287" endtime="20210420 04:21:57.323"/>
</kw>
<status status="PASS" starttime="20210420 04:21:56.997" endtime="20210420 04:21:57.323"/>
</kw>
<status status="PASS" starttime="20210420 04:21:56.996" endtime="20210420 04:21:57.323"/>
</kw>
<kw name="Verify Results" library="search_page">
<arg>${country}</arg>
<kw name="Run Keyword And Return Status" library="BuiltIn">
<var>${check_valid}</var>
<arg>Wait Until Element Is Visible</arg>
<arg>${DROPDOWN_MENU}/li</arg>
<arg>3s</arg>
<doc>Runs the given keyword with given arguments and returns the status as a Boolean value.</doc>
<kw name="Wait Until Element Is Visible" library="SeleniumLibrary">
<arg>${DROPDOWN_MENU}/li</arg>
<arg>3s</arg>
<doc>Waits until the element ``locator`` is visible.</doc>
<status status="PASS" starttime="20210420 04:21:57.324" endtime="20210420 04:21:57.971"/>
</kw>
<msg timestamp="20210420 04:21:57.971" level="INFO">${check_valid} = True</msg>
<status status="PASS" starttime="20210420 04:21:57.324" endtime="20210420 04:21:57.971"/>
</kw>
<kw name="Get Element Count" library="SeleniumLibrary">
<var>${count_result}</var>
<arg>${DROPDOWN_MENU}/li</arg>
<doc>Returns the number of elements matching ``locator``.</doc>
<msg timestamp="20210420 04:21:57.977" level="INFO">${count_result} = 1</msg>
<status status="PASS" starttime="20210420 04:21:57.971" endtime="20210420 04:21:57.977"/>
</kw>
<if>
<branch type="IF" condition="'${check_valid}' == 'True'">
<if>
<branch type="IF" condition="${count_result} &gt; 1">
<for flavor="IN RANGE">
<var>${i}</var>
<value>1</value>
<value>${count_result}+1</value>
<iter>
<var name="${i}">${i}</var>
<kw name="Wait And Get Text" library="helper_func">
<var>${result}</var>
<arg>${DROPDOWN_MENU}/li[${i}]/span</arg>
<status status="NOT RUN" starttime="20210420 04:21:57.977" endtime="20210420 04:21:57.978"/>
</kw>
<kw name="Should Contain" library="BuiltIn">
<arg>${result}</arg>
<arg>${the_city}</arg>
<arg>${the_city} not found</arg>
<doc>Fails if ``container`` does not contain ``item`` one or more times.</doc>
<status status="NOT RUN" starttime="20210420 04:21:57.978" endtime="20210420 04:21:57.978"/>
</kw>
<status status="NOT RUN" starttime="20210420 04:21:57.977" endtime="20210420 04:21:57.978"/>
</iter>
<status status="NOT RUN" starttime="20210420 04:21:57.977" endtime="20210420 04:21:57.978"/>
</for>
<status status="NOT RUN" starttime="20210420 04:21:57.977" endtime="20210420 04:21:57.978"/>
</branch>
<branch type="ELSE">
<kw name="Wait And Get Text" library="helper_func">
<var>${result}</var>
<arg>${DROPDOWN_MENU}/li/span</arg>
<kw name="Wait Until Element Is Visible" library="SeleniumLibrary">
<arg>${text_element}</arg>
<arg>${TIMED_OUT}</arg>
<arg>${text_element} not found</arg>
<doc>Waits until the element ``locator`` is visible.</doc>
<status status="PASS" starttime="20210420 04:21:57.979" endtime="20210420 04:21:57.995"/>
</kw>
<kw name="Get Text" library="SeleniumLibrary">
<var>${text}</var>
<arg>${text_element}</arg>
<doc>Returns the text value of the element identified by ``locator``.</doc>
<msg timestamp="20210420 04:21:58.011" level="INFO">${text} = Federal Republic of Germany, DE</msg>
<status status="PASS" starttime="20210420 04:21:57.995" endtime="20210420 04:21:58.011"/>
</kw>
<msg timestamp="20210420 04:21:58.012" level="INFO">${result} = Federal Republic of Germany, DE</msg>
<status status="PASS" starttime="20210420 04:21:57.978" endtime="20210420 04:21:58.012"/>
</kw>
<kw name="Should Contain" library="BuiltIn">
<arg>${result}</arg>
<arg>${the_city}</arg>
<arg>${the_city} not found</arg>
<doc>Fails if ``container`` does not contain ``item`` one or more times.</doc>
<status status="PASS" starttime="20210420 04:21:58.012" endtime="20210420 04:21:58.012"/>
</kw>
<status status="PASS" starttime="20210420 04:21:57.978" endtime="20210420 04:21:58.012"/>
</branch>
<status status="PASS" starttime="20210420 04:21:57.977" endtime="20210420 04:21:58.012"/>
</if>
<status status="PASS" starttime="20210420 04:21:57.977" endtime="20210420 04:21:58.012"/>
</branch>
<branch type="ELSE">
<kw name="Verify No Result" library="search_page">
<status status="NOT RUN" starttime="20210420 04:21:58.012" endtime="20210420 04:21:58.013"/>
</kw>
<status status="NOT RUN" starttime="20210420 04:21:58.012" endtime="20210420 04:21:58.013"/>
</branch>
<status status="PASS" starttime="20210420 04:21:57.977" endtime="20210420 04:21:58.013"/>
</if>
<status status="PASS" starttime="20210420 04:21:57.323" endtime="20210420 04:21:58.013"/>
</kw>
<status status="PASS" starttime="20210420 04:21:56.389" endtime="20210420 04:21:58.013"/>
</kw>
<kw name="End Web Test" library="Common" type="TEARDOWN">
<kw name="Close All Browsers" library="SeleniumLibrary">
<doc>Closes all open browsers and resets the browser cache.</doc>
<status status="PASS" starttime="20210420 04:21:58.013" endtime="20210420 04:21:58.087"/>
</kw>
<status status="PASS" starttime="20210420 04:21:58.013" endtime="20210420 04:21:58.087"/>
</kw>
<status status="PASS" starttime="20210420 04:21:49.773" endtime="20210420 04:21:58.088"/>
</test>
<test id="s1-s1-s1-t4" name="Verify Searching Weather">
<kw name="Begin Web Test" library="Common" type="SETUP">
<kw name="Evaluate" library="BuiltIn">
<var>${system}</var>
<arg>platform.system()</arg>
<arg>platform</arg>
<doc>Evaluates the given expression in Python and returns the result.</doc>
<msg timestamp="20210420 04:21:58.091" level="INFO">${system} = Darwin</msg>
<status status="PASS" starttime="20210420 04:21:58.091" endtime="20210420 04:21:58.091"/>
</kw>
<kw name="Run Keyword If" library="BuiltIn">
<arg>'${BROWSER}'=='Chrome'</arg>
<arg>Open Chrome Browser</arg>
<arg>${system}</arg>
<arg>${HEADLESS}</arg>
<arg>ELSE IF</arg>
<arg>'${BROWSER}'=='Firefox'</arg>
<arg>Open Firefox Browser</arg>
<arg>${system}</arg>
<arg>${HEADLESS}</arg>
<doc>Runs the given keyword with the given arguments, if ``condition`` is true.</doc>
<kw name="Open Chrome Browser" library="Common">
<arg>${system}</arg>
<arg>${HEADLESS}</arg>
<kw name="Evaluate" library="BuiltIn">
<var>${chrome_options}</var>
<arg>sys.modules['selenium.webdriver'].ChromeOptions()</arg>
<arg>sys, selenium.webdriver</arg>
<doc>Evaluates the given expression in Python and returns the result.</doc>
<msg timestamp="20210420 04:21:58.092" level="INFO">${chrome_options} = &lt;selenium.webdriver.chrome.options.Options object at 0x7f841b4150d0&gt;</msg>
<status status="PASS" starttime="20210420 04:21:58.092" endtime="20210420 04:21:58.092"/>
</kw>
<kw name="Run Keyword If" library="BuiltIn">
<arg>'${has_headless}'=='True'</arg>
<arg>Call Method</arg>
<arg>${chrome_options}</arg>
<arg>add_argument</arg>
<arg>--headless</arg>
<doc>Runs the given keyword with the given arguments, if ``condition`` is true.</doc>
<kw name="Call Method" library="BuiltIn">
<arg>${chrome_options}</arg>
<arg>add_argument</arg>
<arg>--headless</arg>
<doc>Calls the named method of the given object with the provided arguments.</doc>
<status status="PASS" starttime="20210420 04:21:58.093" endtime="20210420 04:21:58.093"/>
</kw>
<status status="PASS" starttime="20210420 04:21:58.092" endtime="20210420 04:21:58.093"/>
</kw>
<kw name="Run Keyword If" library="BuiltIn">
<arg>'${os_system}'=='Darwin'</arg>
<arg>Run Keywords</arg>
<arg>Call Method</arg>
<arg>${chrome_options}</arg>
<arg>add_argument</arg>
<arg>--no-sandbox</arg>
<arg>AND</arg>
<arg>Call Method</arg>
<arg>${chrome_options}</arg>
<arg>add_argument</arg>
<arg>--ignore-certificate-errors</arg>
<doc>Runs the given keyword with the given arguments, if ``condition`` is true.</doc>
<kw name="Run Keywords" library="BuiltIn">
<arg>Call Method</arg>
<arg>${chrome_options}</arg>
<arg>add_argument</arg>
<arg>--no-sandbox</arg>
<arg>AND</arg>
<arg>Call Method</arg>
<arg>${chrome_options}</arg>
<arg>add_argument</arg>
<arg>--ignore-certificate-errors</arg>
<doc>Executes all the given keywords in a sequence.</doc>
<kw name="Call Method" library="BuiltIn">
<arg>${chrome_options}</arg>
<arg>add_argument</arg>
<arg>--no-sandbox</arg>
<doc>Calls the named method of the given object with the provided arguments.</doc>
<status status="PASS" starttime="20210420 04:21:58.094" endtime="20210420 04:21:58.094"/>
</kw>
<kw name="Call Method" library="BuiltIn">
<arg>${chrome_options}</arg>
<arg>add_argument</arg>
<arg>--ignore-certificate-errors</arg>
<doc>Calls the named method of the given object with the provided arguments.</doc>
<status status="PASS" starttime="20210420 04:21:58.094" endtime="20210420 04:21:58.094"/>
</kw>
<status status="PASS" starttime="20210420 04:21:58.093" endtime="20210420 04:21:58.094"/>
</kw>
<status status="PASS" starttime="20210420 04:21:58.093" endtime="20210420 04:21:58.094"/>
</kw>
<kw name="Run Keyword If" library="BuiltIn">
<arg>'${os_system}'=='linux'</arg>
<arg>Run Keywords</arg>
<arg>Call Method</arg>
<arg>${chrome_options}</arg>
<arg>add_argument</arg>
<arg>--no-sandbox</arg>
<arg>AND</arg>
<arg>Call Method</arg>
<arg>${chrome_options}</arg>
<arg>add_argument</arg>
<arg>--disable-extensions</arg>
<arg>AND</arg>
<arg>Call Method</arg>
<arg>${chrome_options}</arg>
<arg>add_argument</arg>
<arg>--disable-dev-shm-usage</arg>
<arg>AND</arg>
<arg>Call Method</arg>
<arg>${chrome_options}</arg>
<arg>add_argument</arg>
<arg>--ignore-certificate-errors</arg>
<doc>Runs the given keyword with the given arguments, if ``condition`` is true.</doc>
<status status="PASS" starttime="20210420 04:21:58.094" endtime="20210420 04:21:58.095"/>
</kw>
<kw name="Create Webdriver" library="SeleniumLibrary">
<arg>Chrome</arg>
<arg>chrome_options=${chrome_options}</arg>
<doc>Creates an instance of Selenium WebDriver.</doc>
<msg timestamp="20210420 04:21:58.095" level="INFO">Creating an instance of the Chrome WebDriver.</msg>
<status status="PASS" starttime="20210420 04:21:58.095" endtime="20210420 04:21:59.457"/>
</kw>
<status status="PASS" starttime="20210420 04:21:58.091" endtime="20210420 04:21:59.458"/>
</kw>
<status status="PASS" starttime="20210420 04:21:58.091" endtime="20210420 04:21:59.458"/>
</kw>
<kw name="Set Window Size" library="SeleniumLibrary">
<arg>1920</arg>
<arg>1080</arg>
<doc>Sets current windows size to given ``width`` and ``height``.</doc>
<status status="PASS" starttime="20210420 04:21:59.459" endtime="20210420 04:21:59.564"/>
</kw>
<kw name="Set Screenshot Directory" library="SeleniumLibrary">
<arg>./results/image</arg>
<doc>Sets the directory for captured screenshots.</doc>
<status status="PASS" starttime="20210420 04:21:59.564" endtime="20210420 04:21:59.564"/>
</kw>
<kw name="Go To Home Page" library="Common">
<kw name="Go To" library="SeleniumLibrary">
<arg>${AUT_URL}</arg>
<doc>Navigates the current browser window to the provided ``url``.</doc>
<msg timestamp="20210420 04:21:59.565" level="INFO">Opening url 'https://openweathermap.org'</msg>
<status status="PASS" starttime="20210420 04:21:59.565" endtime="20210420 04:22:04.488"/>
</kw>
<status status="PASS" starttime="20210420 04:21:59.565" endtime="20210420 04:22:04.488"/>
</kw>
<kw name="Create Session" library="RequestsLibrary">
<arg>test-session</arg>
<arg>${API_URL}</arg>
<arg>verify=true</arg>
<doc>Create Session: create a HTTP session to a server</doc>
<msg timestamp="20210420 04:22:04.489" level="INFO">Creating Session using : alias=test-session, url=https://openweathermap.org, headers={},                     cookies={}, auth=None, timeout=None, proxies=None, verify=True,                     debug=0 </msg>
<status status="PASS" starttime="20210420 04:22:04.489" endtime="20210420 04:22:04.490"/>
</kw>
<status status="PASS" starttime="20210420 04:21:58.090" endtime="20210420 04:22:04.490"/>
</kw>
<kw name="Searching Weather">
<arg>Australia</arg>
<kw name="Input City" library="search_page">
<arg>${country}</arg>
<kw name="Wait Until Element Is Not Visible" library="SeleniumLibrary">
<arg>${LOADING_COVER}</arg>
<arg>${TIMED_OUT}</arg>
<doc>Waits until the element ``locator`` is not visible.</doc>
<status status="PASS" starttime="20210420 04:22:04.491" endtime="20210420 04:22:04.509"/>
</kw>
<kw name="Scroll And Click" library="helper_func">
<arg>${SEARCH_FIELD}</arg>
<kw name="Wait Until Element Is Visible" library="SeleniumLibrary">
<arg>${element_clickable}</arg>
<arg>${TIMED_OUT}</arg>
<arg>${element_clickable} not found</arg>
<doc>Waits until the element ``locator`` is visible.</doc>
<status status="PASS" starttime="20210420 04:22:04.511" endtime="20210420 04:22:04.545"/>
</kw>
<kw name="Scroll Element Into View" library="SeleniumLibrary">
<arg>${element_clickable}</arg>
<doc>Scrolls the element identified by ``locator`` into view.</doc>
<status status="PASS" starttime="20210420 04:22:04.545" endtime="20210420 04:22:04.821"/>
</kw>
<kw name="Click Element" library="SeleniumLibrary">
<arg>${element_clickable}</arg>
<doc>Click the element identified by ``locator``.</doc>
<msg timestamp="20210420 04:22:04.821" level="INFO">Clicking element 'xpath://*[@class="search"]//input'.</msg>
<status status="PASS" starttime="20210420 04:22:04.821" endtime="20210420 04:22:04.902"/>
</kw>
<status status="PASS" starttime="20210420 04:22:04.510" endtime="20210420 04:22:04.902"/>
</kw>
<kw name="Wait And Input" library="helper_func">
<arg>${SEARCH_FIELD}</arg>
<arg>${the_city}</arg>
<kw name="Wait Until Element Is Visible" library="SeleniumLibrary">
<arg>${element_input}</arg>
<arg>${TIMED_OUT}</arg>
<arg>${element_input} not found</arg>
<doc>Waits until the element ``locator`` is visible.</doc>
<status status="PASS" starttime="20210420 04:22:04.904" endtime="20210420 04:22:04.938"/>
</kw>
<kw name="Input Text" library="SeleniumLibrary">
<arg>${element_input}</arg>
<arg>${text}</arg>
<doc>Types the given ``text`` into the text field identified by ``locator``.</doc>
<msg timestamp="20210420 04:22:04.938" level="INFO">Typing text 'Australia' into text field 'xpath://*[@class="search"]//input'.</msg>
<status status="PASS" starttime="20210420 04:22:04.938" endtime="20210420 04:22:05.080"/>
</kw>
<status status="PASS" starttime="20210420 04:22:04.902" endtime="20210420 04:22:05.080"/>
</kw>
<status status="PASS" starttime="20210420 04:22:04.490" endtime="20210420 04:22:05.081"/>
</kw>
<kw name="Submit Field" library="search_page">
<kw name="Scroll And Click" library="helper_func">
<arg>${SUBMIT_BTN}</arg>
<kw name="Wait Until Element Is Visible" library="SeleniumLibrary">
<arg>${element_clickable}</arg>
<arg>${TIMED_OUT}</arg>
<arg>${element_clickable} not found</arg>
<doc>Waits until the element ``locator`` is visible.</doc>
<status status="PASS" starttime="20210420 04:22:05.081" endtime="20210420 04:22:05.098"/>
</kw>
<kw name="Scroll Element Into View" library="SeleniumLibrary">
<arg>${element_clickable}</arg>
<doc>Scrolls the element identified by ``locator`` into view.</doc>
<status status="PASS" starttime="20210420 04:22:05.098" endtime="20210420 04:22:05.370"/>
</kw>
<kw name="Click Element" library="SeleniumLibrary">
<arg>${element_clickable}</arg>
<doc>Click the element identified by ``locator``.</doc>
<msg timestamp="20210420 04:22:05.371" level="INFO">Clicking element 'xpath://*[@class="search"]/button'.</msg>
<status status="PASS" starttime="20210420 04:22:05.371" endtime="20210420 04:22:05.405"/>
</kw>
<status status="PASS" starttime="20210420 04:22:05.081" endtime="20210420 04:22:05.405"/>
</kw>
<status status="PASS" starttime="20210420 04:22:05.081" endtime="20210420 04:22:05.406"/>
</kw>
<kw name="Verify Results" library="search_page">
<arg>${country}</arg>
<kw name="Run Keyword And Return Status" library="BuiltIn">
<var>${check_valid}</var>
<arg>Wait Until Element Is Visible</arg>
<arg>${DROPDOWN_MENU}/li</arg>
<arg>3s</arg>
<doc>Runs the given keyword with given arguments and returns the status as a Boolean value.</doc>
<kw name="Wait Until Element Is Visible" library="SeleniumLibrary">
<arg>${DROPDOWN_MENU}/li</arg>
<arg>3s</arg>
<doc>Waits until the element ``locator`` is visible.</doc>
<status status="PASS" starttime="20210420 04:22:05.406" endtime="20210420 04:22:06.077"/>
</kw>
<msg timestamp="20210420 04:22:06.077" level="INFO">${check_valid} = True</msg>
<status status="PASS" starttime="20210420 04:22:05.406" endtime="20210420 04:22:06.077"/>
</kw>
<kw name="Get Element Count" library="SeleniumLibrary">
<var>${count_result}</var>
<arg>${DROPDOWN_MENU}/li</arg>
<doc>Returns the number of elements matching ``locator``.</doc>
<msg timestamp="20210420 04:22:06.088" level="INFO">${count_result} = 1</msg>
<status status="PASS" starttime="20210420 04:22:06.078" endtime="20210420 04:22:06.088"/>
</kw>
<if>
<branch type="IF" condition="'${check_valid}' == 'True'">
<if>
<branch type="IF" condition="${count_result} &gt; 1">
<for flavor="IN RANGE">
<var>${i}</var>
<value>1</value>
<value>${count_result}+1</value>
<iter>
<var name="${i}">${i}</var>
<kw name="Wait And Get Text" library="helper_func">
<var>${result}</var>
<arg>${DROPDOWN_MENU}/li[${i}]/span</arg>
<status status="NOT RUN" starttime="20210420 04:22:06.088" endtime="20210420 04:22:06.088"/>
</kw>
<kw name="Should Contain" library="BuiltIn">
<arg>${result}</arg>
<arg>${the_city}</arg>
<arg>${the_city} not found</arg>
<doc>Fails if ``container`` does not contain ``item`` one or more times.</doc>
<status status="NOT RUN" starttime="20210420 04:22:06.088" endtime="20210420 04:22:06.089"/>
</kw>
<status status="NOT RUN" starttime="20210420 04:22:06.088" endtime="20210420 04:22:06.089"/>
</iter>
<status status="NOT RUN" starttime="20210420 04:22:06.088" endtime="20210420 04:22:06.089"/>
</for>
<status status="NOT RUN" starttime="20210420 04:22:06.088" endtime="20210420 04:22:06.089"/>
</branch>
<branch type="ELSE">
<kw name="Wait And Get Text" library="helper_func">
<var>${result}</var>
<arg>${DROPDOWN_MENU}/li/span</arg>
<kw name="Wait Until Element Is Visible" library="SeleniumLibrary">
<arg>${text_element}</arg>
<arg>${TIMED_OUT}</arg>
<arg>${text_element} not found</arg>
<doc>Waits until the element ``locator`` is visible.</doc>
<status status="PASS" starttime="20210420 04:22:06.090" endtime="20210420 04:22:06.108"/>
</kw>
<kw name="Get Text" library="SeleniumLibrary">
<var>${text}</var>
<arg>${text_element}</arg>
<doc>Returns the text value of the element identified by ``locator``.</doc>
<msg timestamp="20210420 04:22:06.127" level="INFO">${text} = Commonwealth of Australia, AU</msg>
<status status="PASS" starttime="20210420 04:22:06.108" endtime="20210420 04:22:06.127"/>
</kw>
<msg timestamp="20210420 04:22:06.128" level="INFO">${result} = Commonwealth of Australia, AU</msg>
<status status="PASS" starttime="20210420 04:22:06.089" endtime="20210420 04:22:06.128"/>
</kw>
<kw name="Should Contain" library="BuiltIn">
<arg>${result}</arg>
<arg>${the_city}</arg>
<arg>${the_city} not found</arg>
<doc>Fails if ``container`` does not contain ``item`` one or more times.</doc>
<status status="PASS" starttime="20210420 04:22:06.128" endtime="20210420 04:22:06.129"/>
</kw>
<status status="PASS" starttime="20210420 04:22:06.089" endtime="20210420 04:22:06.129"/>
</branch>
<status status="PASS" starttime="20210420 04:22:06.088" endtime="20210420 04:22:06.129"/>
</if>
<status status="PASS" starttime="20210420 04:22:06.088" endtime="20210420 04:22:06.129"/>
</branch>
<branch type="ELSE">
<kw name="Verify No Result" library="search_page">
<status status="NOT RUN" starttime="20210420 04:22:06.129" endtime="20210420 04:22:06.129"/>
</kw>
<status status="NOT RUN" starttime="20210420 04:22:06.129" endtime="20210420 04:22:06.130"/>
</branch>
<status status="PASS" starttime="20210420 04:22:06.088" endtime="20210420 04:22:06.130"/>
</if>
<status status="PASS" starttime="20210420 04:22:05.406" endtime="20210420 04:22:06.130"/>
</kw>
<status status="PASS" starttime="20210420 04:22:04.490" endtime="20210420 04:22:06.130"/>
</kw>
<kw name="End Web Test" library="Common" type="TEARDOWN">
<kw name="Close All Browsers" library="SeleniumLibrary">
<doc>Closes all open browsers and resets the browser cache.</doc>
<status status="PASS" starttime="20210420 04:22:06.131" endtime="20210420 04:22:06.202"/>
</kw>
<status status="PASS" starttime="20210420 04:22:06.130" endtime="20210420 04:22:06.202"/>
</kw>
<status status="PASS" starttime="20210420 04:21:58.089" endtime="20210420 04:22:06.203"/>
</test>
<test id="s1-s1-s1-t5" name="Verify Searching Weather">
<kw name="Begin Web Test" library="Common" type="SETUP">
<kw name="Evaluate" library="BuiltIn">
<var>${system}</var>
<arg>platform.system()</arg>
<arg>platform</arg>
<doc>Evaluates the given expression in Python and returns the result.</doc>
<msg timestamp="20210420 04:22:06.206" level="INFO">${system} = Darwin</msg>
<status status="PASS" starttime="20210420 04:22:06.205" endtime="20210420 04:22:06.206"/>
</kw>
<kw name="Run Keyword If" library="BuiltIn">
<arg>'${BROWSER}'=='Chrome'</arg>
<arg>Open Chrome Browser</arg>
<arg>${system}</arg>
<arg>${HEADLESS}</arg>
<arg>ELSE IF</arg>
<arg>'${BROWSER}'=='Firefox'</arg>
<arg>Open Firefox Browser</arg>
<arg>${system}</arg>
<arg>${HEADLESS}</arg>
<doc>Runs the given keyword with the given arguments, if ``condition`` is true.</doc>
<kw name="Open Chrome Browser" library="Common">
<arg>${system}</arg>
<arg>${HEADLESS}</arg>
<kw name="Evaluate" library="BuiltIn">
<var>${chrome_options}</var>
<arg>sys.modules['selenium.webdriver'].ChromeOptions()</arg>
<arg>sys, selenium.webdriver</arg>
<doc>Evaluates the given expression in Python and returns the result.</doc>
<msg timestamp="20210420 04:22:06.207" level="INFO">${chrome_options} = &lt;selenium.webdriver.chrome.options.Options object at 0x7f841b4373a0&gt;</msg>
<status status="PASS" starttime="20210420 04:22:06.207" endtime="20210420 04:22:06.207"/>
</kw>
<kw name="Run Keyword If" library="BuiltIn">
<arg>'${has_headless}'=='True'</arg>
<arg>Call Method</arg>
<arg>${chrome_options}</arg>
<arg>add_argument</arg>
<arg>--headless</arg>
<doc>Runs the given keyword with the given arguments, if ``condition`` is true.</doc>
<kw name="Call Method" library="BuiltIn">
<arg>${chrome_options}</arg>
<arg>add_argument</arg>
<arg>--headless</arg>
<doc>Calls the named method of the given object with the provided arguments.</doc>
<status status="PASS" starttime="20210420 04:22:06.207" endtime="20210420 04:22:06.208"/>
</kw>
<status status="PASS" starttime="20210420 04:22:06.207" endtime="20210420 04:22:06.208"/>
</kw>
<kw name="Run Keyword If" library="BuiltIn">
<arg>'${os_system}'=='Darwin'</arg>
<arg>Run Keywords</arg>
<arg>Call Method</arg>
<arg>${chrome_options}</arg>
<arg>add_argument</arg>
<arg>--no-sandbox</arg>
<arg>AND</arg>
<arg>Call Method</arg>
<arg>${chrome_options}</arg>
<arg>add_argument</arg>
<arg>--ignore-certificate-errors</arg>
<doc>Runs the given keyword with the given arguments, if ``condition`` is true.</doc>
<kw name="Run Keywords" library="BuiltIn">
<arg>Call Method</arg>
<arg>${chrome_options}</arg>
<arg>add_argument</arg>
<arg>--no-sandbox</arg>
<arg>AND</arg>
<arg>Call Method</arg>
<arg>${chrome_options}</arg>
<arg>add_argument</arg>
<arg>--ignore-certificate-errors</arg>
<doc>Executes all the given keywords in a sequence.</doc>
<kw name="Call Method" library="BuiltIn">
<arg>${chrome_options}</arg>
<arg>add_argument</arg>
<arg>--no-sandbox</arg>
<doc>Calls the named method of the given object with the provided arguments.</doc>
<status status="PASS" starttime="20210420 04:22:06.208" endtime="20210420 04:22:06.209"/>
</kw>
<kw name="Call Method" library="BuiltIn">
<arg>${chrome_options}</arg>
<arg>add_argument</arg>
<arg>--ignore-certificate-errors</arg>
<doc>Calls the named method of the given object with the provided arguments.</doc>
<status status="PASS" starttime="20210420 04:22:06.209" endtime="20210420 04:22:06.209"/>
</kw>
<status status="PASS" starttime="20210420 04:22:06.208" endtime="20210420 04:22:06.209"/>
</kw>
<status status="PASS" starttime="20210420 04:22:06.208" endtime="20210420 04:22:06.209"/>
</kw>
<kw name="Run Keyword If" library="BuiltIn">
<arg>'${os_system}'=='linux'</arg>
<arg>Run Keywords</arg>
<arg>Call Method</arg>
<arg>${chrome_options}</arg>
<arg>add_argument</arg>
<arg>--no-sandbox</arg>
<arg>AND</arg>
<arg>Call Method</arg>
<arg>${chrome_options}</arg>
<arg>add_argument</arg>
<arg>--disable-extensions</arg>
<arg>AND</arg>
<arg>Call Method</arg>
<arg>${chrome_options}</arg>
<arg>add_argument</arg>
<arg>--disable-dev-shm-usage</arg>
<arg>AND</arg>
<arg>Call Method</arg>
<arg>${chrome_options}</arg>
<arg>add_argument</arg>
<arg>--ignore-certificate-errors</arg>
<doc>Runs the given keyword with the given arguments, if ``condition`` is true.</doc>
<status status="PASS" starttime="20210420 04:22:06.209" endtime="20210420 04:22:06.209"/>
</kw>
<kw name="Create Webdriver" library="SeleniumLibrary">
<arg>Chrome</arg>
<arg>chrome_options=${chrome_options}</arg>
<doc>Creates an instance of Selenium WebDriver.</doc>
<msg timestamp="20210420 04:22:06.210" level="INFO">Creating an instance of the Chrome WebDriver.</msg>
<status status="PASS" starttime="20210420 04:22:06.209" endtime="20210420 04:22:07.508"/>
</kw>
<status status="PASS" starttime="20210420 04:22:06.206" endtime="20210420 04:22:07.509"/>
</kw>
<status status="PASS" starttime="20210420 04:22:06.206" endtime="20210420 04:22:07.509"/>
</kw>
<kw name="Set Window Size" library="SeleniumLibrary">
<arg>1920</arg>
<arg>1080</arg>
<doc>Sets current windows size to given ``width`` and ``height``.</doc>
<status status="PASS" starttime="20210420 04:22:07.509" endtime="20210420 04:22:07.615"/>
</kw>
<kw name="Set Screenshot Directory" library="SeleniumLibrary">
<arg>./results/image</arg>
<doc>Sets the directory for captured screenshots.</doc>
<status status="PASS" starttime="20210420 04:22:07.615" endtime="20210420 04:22:07.616"/>
</kw>
<kw name="Go To Home Page" library="Common">
<kw name="Go To" library="SeleniumLibrary">
<arg>${AUT_URL}</arg>
<doc>Navigates the current browser window to the provided ``url``.</doc>
<msg timestamp="20210420 04:22:07.616" level="INFO">Opening url 'https://openweathermap.org'</msg>
<status status="PASS" starttime="20210420 04:22:07.616" endtime="20210420 04:22:12.648"/>
</kw>
<status status="PASS" starttime="20210420 04:22:07.616" endtime="20210420 04:22:12.649"/>
</kw>
<kw name="Create Session" library="RequestsLibrary">
<arg>test-session</arg>
<arg>${API_URL}</arg>
<arg>verify=true</arg>
<doc>Create Session: create a HTTP session to a server</doc>
<msg timestamp="20210420 04:22:12.649" level="INFO">Creating Session using : alias=test-session, url=https://openweathermap.org, headers={},                     cookies={}, auth=None, timeout=None, proxies=None, verify=True,                     debug=0 </msg>
<status status="PASS" starttime="20210420 04:22:12.649" endtime="20210420 04:22:12.649"/>
</kw>
<status status="PASS" starttime="20210420 04:22:06.205" endtime="20210420 04:22:12.650"/>
</kw>
<kw name="Searching Weather">
<arg>Thailand</arg>
<kw name="Input City" library="search_page">
<arg>${country}</arg>
<kw name="Wait Until Element Is Not Visible" library="SeleniumLibrary">
<arg>${LOADING_COVER}</arg>
<arg>${TIMED_OUT}</arg>
<doc>Waits until the element ``locator`` is not visible.</doc>
<status status="PASS" starttime="20210420 04:22:12.651" endtime="20210420 04:22:12.663"/>
</kw>
<kw name="Scroll And Click" library="helper_func">
<arg>${SEARCH_FIELD}</arg>
<kw name="Wait Until Element Is Visible" library="SeleniumLibrary">
<arg>${element_clickable}</arg>
<arg>${TIMED_OUT}</arg>
<arg>${element_clickable} not found</arg>
<doc>Waits until the element ``locator`` is visible.</doc>
<status status="PASS" starttime="20210420 04:22:12.664" endtime="20210420 04:22:12.683"/>
</kw>
<kw name="Scroll Element Into View" library="SeleniumLibrary">
<arg>${element_clickable}</arg>
<doc>Scrolls the element identified by ``locator`` into view.</doc>
<status status="PASS" starttime="20210420 04:22:12.684" endtime="20210420 04:22:12.955"/>
</kw>
<kw name="Click Element" library="SeleniumLibrary">
<arg>${element_clickable}</arg>
<doc>Click the element identified by ``locator``.</doc>
<msg timestamp="20210420 04:22:12.955" level="INFO">Clicking element 'xpath://*[@class="search"]//input'.</msg>
<status status="PASS" starttime="20210420 04:22:12.955" endtime="20210420 04:22:13.069"/>
</kw>
<status status="PASS" starttime="20210420 04:22:12.664" endtime="20210420 04:22:13.069"/>
</kw>
<kw name="Wait And Input" library="helper_func">
<arg>${SEARCH_FIELD}</arg>
<arg>${the_city}</arg>
<kw name="Wait Until Element Is Visible" library="SeleniumLibrary">
<arg>${element_input}</arg>
<arg>${TIMED_OUT}</arg>
<arg>${element_input} not found</arg>
<doc>Waits until the element ``locator`` is visible.</doc>
<status status="PASS" starttime="20210420 04:22:13.070" endtime="20210420 04:22:13.091"/>
</kw>
<kw name="Input Text" library="SeleniumLibrary">
<arg>${element_input}</arg>
<arg>${text}</arg>
<doc>Types the given ``text`` into the text field identified by ``locator``.</doc>
<msg timestamp="20210420 04:22:13.092" level="INFO">Typing text 'Thailand' into text field 'xpath://*[@class="search"]//input'.</msg>
<status status="PASS" starttime="20210420 04:22:13.091" endtime="20210420 04:22:13.283"/>
</kw>
<status status="PASS" starttime="20210420 04:22:13.069" endtime="20210420 04:22:13.283"/>
</kw>
<status status="PASS" starttime="20210420 04:22:12.650" endtime="20210420 04:22:13.283"/>
</kw>
<kw name="Submit Field" library="search_page">
<kw name="Scroll And Click" library="helper_func">
<arg>${SUBMIT_BTN}</arg>
<kw name="Wait Until Element Is Visible" library="SeleniumLibrary">
<arg>${element_clickable}</arg>
<arg>${TIMED_OUT}</arg>
<arg>${element_clickable} not found</arg>
<doc>Waits until the element ``locator`` is visible.</doc>
<status status="PASS" starttime="20210420 04:22:13.284" endtime="20210420 04:22:13.299"/>
</kw>
<kw name="Scroll Element Into View" library="SeleniumLibrary">
<arg>${element_clickable}</arg>
<doc>Scrolls the element identified by ``locator`` into view.</doc>
<status status="PASS" starttime="20210420 04:22:13.299" endtime="20210420 04:22:13.570"/>
</kw>
<kw name="Click Element" library="SeleniumLibrary">
<arg>${element_clickable}</arg>
<doc>Click the element identified by ``locator``.</doc>
<msg timestamp="20210420 04:22:13.570" level="INFO">Clicking element 'xpath://*[@class="search"]/button'.</msg>
<status status="PASS" starttime="20210420 04:22:13.570" endtime="20210420 04:22:13.606"/>
</kw>
<status status="PASS" starttime="20210420 04:22:13.284" endtime="20210420 04:22:13.606"/>
</kw>
<status status="PASS" starttime="20210420 04:22:13.284" endtime="20210420 04:22:13.606"/>
</kw>
<kw name="Verify Results" library="search_page">
<arg>${country}</arg>
<kw name="Run Keyword And Return Status" library="BuiltIn">
<var>${check_valid}</var>
<arg>Wait Until Element Is Visible</arg>
<arg>${DROPDOWN_MENU}/li</arg>
<arg>3s</arg>
<doc>Runs the given keyword with given arguments and returns the status as a Boolean value.</doc>
<kw name="Wait Until Element Is Visible" library="SeleniumLibrary">
<arg>${DROPDOWN_MENU}/li</arg>
<arg>3s</arg>
<doc>Waits until the element ``locator`` is visible.</doc>
<status status="PASS" starttime="20210420 04:22:13.607" endtime="20210420 04:22:14.261"/>
</kw>
<msg timestamp="20210420 04:22:14.261" level="INFO">${check_valid} = True</msg>
<status status="PASS" starttime="20210420 04:22:13.607" endtime="20210420 04:22:14.261"/>
</kw>
<kw name="Get Element Count" library="SeleniumLibrary">
<var>${count_result}</var>
<arg>${DROPDOWN_MENU}/li</arg>
<doc>Returns the number of elements matching ``locator``.</doc>
<msg timestamp="20210420 04:22:14.267" level="INFO">${count_result} = 1</msg>
<status status="PASS" starttime="20210420 04:22:14.261" endtime="20210420 04:22:14.267"/>
</kw>
<if>
<branch type="IF" condition="'${check_valid}' == 'True'">
<if>
<branch type="IF" condition="${count_result} &gt; 1">
<for flavor="IN RANGE">
<var>${i}</var>
<value>1</value>
<value>${count_result}+1</value>
<iter>
<var name="${i}">${i}</var>
<kw name="Wait And Get Text" library="helper_func">
<var>${result}</var>
<arg>${DROPDOWN_MENU}/li[${i}]/span</arg>
<status status="NOT RUN" starttime="20210420 04:22:14.268" endtime="20210420 04:22:14.270"/>
</kw>
<kw name="Should Contain" library="BuiltIn">
<arg>${result}</arg>
<arg>${the_city}</arg>
<arg>${the_city} not found</arg>
<doc>Fails if ``container`` does not contain ``item`` one or more times.</doc>
<status status="NOT RUN" starttime="20210420 04:22:14.270" endtime="20210420 04:22:14.270"/>
</kw>
<status status="NOT RUN" starttime="20210420 04:22:14.267" endtime="20210420 04:22:14.270"/>
</iter>
<status status="NOT RUN" starttime="20210420 04:22:14.267" endtime="20210420 04:22:14.270"/>
</for>
<status status="NOT RUN" starttime="20210420 04:22:14.267" endtime="20210420 04:22:14.270"/>
</branch>
<branch type="ELSE">
<kw name="Wait And Get Text" library="helper_func">
<var>${result}</var>
<arg>${DROPDOWN_MENU}/li/span</arg>
<kw name="Wait Until Element Is Visible" library="SeleniumLibrary">
<arg>${text_element}</arg>
<arg>${TIMED_OUT}</arg>
<arg>${text_element} not found</arg>
<doc>Waits until the element ``locator`` is visible.</doc>
<status status="PASS" starttime="20210420 04:22:14.271" endtime="20210420 04:22:14.286"/>
</kw>
<kw name="Get Text" library="SeleniumLibrary">
<var>${text}</var>
<arg>${text_element}</arg>
<doc>Returns the text value of the element identified by ``locator``.</doc>
<msg timestamp="20210420 04:22:14.301" level="INFO">${text} = Kingdom of Thailand, TH</msg>
<status status="PASS" starttime="20210420 04:22:14.286" endtime="20210420 04:22:14.301"/>
</kw>
<msg timestamp="20210420 04:22:14.301" level="INFO">${result} = Kingdom of Thailand, TH</msg>
<status status="PASS" starttime="20210420 04:22:14.270" endtime="20210420 04:22:14.301"/>
</kw>
<kw name="Should Contain" library="BuiltIn">
<arg>${result}</arg>
<arg>${the_city}</arg>
<arg>${the_city} not found</arg>
<doc>Fails if ``container`` does not contain ``item`` one or more times.</doc>
<status status="PASS" starttime="20210420 04:22:14.301" endtime="20210420 04:22:14.301"/>
</kw>
<status status="PASS" starttime="20210420 04:22:14.270" endtime="20210420 04:22:14.302"/>
</branch>
<status status="PASS" starttime="20210420 04:22:14.267" endtime="20210420 04:22:14.302"/>
</if>
<status status="PASS" starttime="20210420 04:22:14.267" endtime="20210420 04:22:14.302"/>
</branch>
<branch type="ELSE">
<kw name="Verify No Result" library="search_page">
<status status="NOT RUN" starttime="20210420 04:22:14.302" endtime="20210420 04:22:14.302"/>
</kw>
<status status="NOT RUN" starttime="20210420 04:22:14.302" endtime="20210420 04:22:14.302"/>
</branch>
<status status="PASS" starttime="20210420 04:22:14.267" endtime="20210420 04:22:14.302"/>
</if>
<status status="PASS" starttime="20210420 04:22:13.606" endtime="20210420 04:22:14.302"/>
</kw>
<status status="PASS" starttime="20210420 04:22:12.650" endtime="20210420 04:22:14.302"/>
</kw>
<kw name="End Web Test" library="Common" type="TEARDOWN">
<kw name="Close All Browsers" library="SeleniumLibrary">
<doc>Closes all open browsers and resets the browser cache.</doc>
<status status="PASS" starttime="20210420 04:22:14.303" endtime="20210420 04:22:14.375"/>
</kw>
<status status="PASS" starttime="20210420 04:22:14.302" endtime="20210420 04:22:14.375"/>
</kw>
<status status="PASS" starttime="20210420 04:22:06.205" endtime="20210420 04:22:14.375"/>
</test>
<test id="s1-s1-s1-t6" name="Verify Searching Weather">
<kw name="Begin Web Test" library="Common" type="SETUP">
<kw name="Evaluate" library="BuiltIn">
<var>${system}</var>
<arg>platform.system()</arg>
<arg>platform</arg>
<doc>Evaluates the given expression in Python and returns the result.</doc>
<msg timestamp="20210420 04:22:14.378" level="INFO">${system} = Darwin</msg>
<status status="PASS" starttime="20210420 04:22:14.378" endtime="20210420 04:22:14.378"/>
</kw>
<kw name="Run Keyword If" library="BuiltIn">
<arg>'${BROWSER}'=='Chrome'</arg>
<arg>Open Chrome Browser</arg>
<arg>${system}</arg>
<arg>${HEADLESS}</arg>
<arg>ELSE IF</arg>
<arg>'${BROWSER}'=='Firefox'</arg>
<arg>Open Firefox Browser</arg>
<arg>${system}</arg>
<arg>${HEADLESS}</arg>
<doc>Runs the given keyword with the given arguments, if ``condition`` is true.</doc>
<kw name="Open Chrome Browser" library="Common">
<arg>${system}</arg>
<arg>${HEADLESS}</arg>
<kw name="Evaluate" library="BuiltIn">
<var>${chrome_options}</var>
<arg>sys.modules['selenium.webdriver'].ChromeOptions()</arg>
<arg>sys, selenium.webdriver</arg>
<doc>Evaluates the given expression in Python and returns the result.</doc>
<msg timestamp="20210420 04:22:14.380" level="INFO">${chrome_options} = &lt;selenium.webdriver.chrome.options.Options object at 0x7f841b415a90&gt;</msg>
<status status="PASS" starttime="20210420 04:22:14.379" endtime="20210420 04:22:14.380"/>
</kw>
<kw name="Run Keyword If" library="BuiltIn">
<arg>'${has_headless}'=='True'</arg>
<arg>Call Method</arg>
<arg>${chrome_options}</arg>
<arg>add_argument</arg>
<arg>--headless</arg>
<doc>Runs the given keyword with the given arguments, if ``condition`` is true.</doc>
<kw name="Call Method" library="BuiltIn">
<arg>${chrome_options}</arg>
<arg>add_argument</arg>
<arg>--headless</arg>
<doc>Calls the named method of the given object with the provided arguments.</doc>
<status status="PASS" starttime="20210420 04:22:14.380" endtime="20210420 04:22:14.380"/>
</kw>
<status status="PASS" starttime="20210420 04:22:14.380" endtime="20210420 04:22:14.380"/>
</kw>
<kw name="Run Keyword If" library="BuiltIn">
<arg>'${os_system}'=='Darwin'</arg>
<arg>Run Keywords</arg>
<arg>Call Method</arg>
<arg>${chrome_options}</arg>
<arg>add_argument</arg>
<arg>--no-sandbox</arg>
<arg>AND</arg>
<arg>Call Method</arg>
<arg>${chrome_options}</arg>
<arg>add_argument</arg>
<arg>--ignore-certificate-errors</arg>
<doc>Runs the given keyword with the given arguments, if ``condition`` is true.</doc>
<kw name="Run Keywords" library="BuiltIn">
<arg>Call Method</arg>
<arg>${chrome_options}</arg>
<arg>add_argument</arg>
<arg>--no-sandbox</arg>
<arg>AND</arg>
<arg>Call Method</arg>
<arg>${chrome_options}</arg>
<arg>add_argument</arg>
<arg>--ignore-certificate-errors</arg>
<doc>Executes all the given keywords in a sequence.</doc>
<kw name="Call Method" library="BuiltIn">
<arg>${chrome_options}</arg>
<arg>add_argument</arg>
<arg>--no-sandbox</arg>
<doc>Calls the named method of the given object with the provided arguments.</doc>
<status status="PASS" starttime="20210420 04:22:14.381" endtime="20210420 04:22:14.381"/>
</kw>
<kw name="Call Method" library="BuiltIn">
<arg>${chrome_options}</arg>
<arg>add_argument</arg>
<arg>--ignore-certificate-errors</arg>
<doc>Calls the named method of the given object with the provided arguments.</doc>
<status status="PASS" starttime="20210420 04:22:14.381" endtime="20210420 04:22:14.381"/>
</kw>
<status status="PASS" starttime="20210420 04:22:14.381" endtime="20210420 04:22:14.381"/>
</kw>
<status status="PASS" starttime="20210420 04:22:14.380" endtime="20210420 04:22:14.381"/>
</kw>
<kw name="Run Keyword If" library="BuiltIn">
<arg>'${os_system}'=='linux'</arg>
<arg>Run Keywords</arg>
<arg>Call Method</arg>
<arg>${chrome_options}</arg>
<arg>add_argument</arg>
<arg>--no-sandbox</arg>
<arg>AND</arg>
<arg>Call Method</arg>
<arg>${chrome_options}</arg>
<arg>add_argument</arg>
<arg>--disable-extensions</arg>
<arg>AND</arg>
<arg>Call Method</arg>
<arg>${chrome_options}</arg>
<arg>add_argument</arg>
<arg>--disable-dev-shm-usage</arg>
<arg>AND</arg>
<arg>Call Method</arg>
<arg>${chrome_options}</arg>
<arg>add_argument</arg>
<arg>--ignore-certificate-errors</arg>
<doc>Runs the given keyword with the given arguments, if ``condition`` is true.</doc>
<status status="PASS" starttime="20210420 04:22:14.382" endtime="20210420 04:22:14.382"/>
</kw>
<kw name="Create Webdriver" library="SeleniumLibrary">
<arg>Chrome</arg>
<arg>chrome_options=${chrome_options}</arg>
<doc>Creates an instance of Selenium WebDriver.</doc>
<msg timestamp="20210420 04:22:14.382" level="INFO">Creating an instance of the Chrome WebDriver.</msg>
<status status="PASS" starttime="20210420 04:22:14.382" endtime="20210420 04:22:15.754"/>
</kw>
<status status="PASS" starttime="20210420 04:22:14.379" endtime="20210420 04:22:15.755"/>
</kw>
<status status="PASS" starttime="20210420 04:22:14.379" endtime="20210420 04:22:15.755"/>
</kw>
<kw name="Set Window Size" library="SeleniumLibrary">
<arg>1920</arg>
<arg>1080</arg>
<doc>Sets current windows size to given ``width`` and ``height``.</doc>
<status status="PASS" starttime="20210420 04:22:15.755" endtime="20210420 04:22:15.862"/>
</kw>
<kw name="Set Screenshot Directory" library="SeleniumLibrary">
<arg>./results/image</arg>
<doc>Sets the directory for captured screenshots.</doc>
<status status="PASS" starttime="20210420 04:22:15.862" endtime="20210420 04:22:15.863"/>
</kw>
<kw name="Go To Home Page" library="Common">
<kw name="Go To" library="SeleniumLibrary">
<arg>${AUT_URL}</arg>
<doc>Navigates the current browser window to the provided ``url``.</doc>
<msg timestamp="20210420 04:22:15.864" level="INFO">Opening url 'https://openweathermap.org'</msg>
<status status="PASS" starttime="20210420 04:22:15.864" endtime="20210420 04:22:21.120"/>
</kw>
<status status="PASS" starttime="20210420 04:22:15.863" endtime="20210420 04:22:21.120"/>
</kw>
<kw name="Create Session" library="RequestsLibrary">
<arg>test-session</arg>
<arg>${API_URL}</arg>
<arg>verify=true</arg>
<doc>Create Session: create a HTTP session to a server</doc>
<msg timestamp="20210420 04:22:21.121" level="INFO">Creating Session using : alias=test-session, url=https://openweathermap.org, headers={},                     cookies={}, auth=None, timeout=None, proxies=None, verify=True,                     debug=0 </msg>
<status status="PASS" starttime="20210420 04:22:21.120" endtime="20210420 04:22:21.121"/>
</kw>
<status status="PASS" starttime="20210420 04:22:14.378" endtime="20210420 04:22:21.121"/>
</kw>
<kw name="Searching Weather">
<arg>ASDCSDC</arg>
<kw name="Input City" library="search_page">
<arg>${country}</arg>
<kw name="Wait Until Element Is Not Visible" library="SeleniumLibrary">
<arg>${LOADING_COVER}</arg>
<arg>${TIMED_OUT}</arg>
<doc>Waits until the element ``locator`` is not visible.</doc>
<status status="PASS" starttime="20210420 04:22:21.122" endtime="20210420 04:22:21.133"/>
</kw>
<kw name="Scroll And Click" library="helper_func">
<arg>${SEARCH_FIELD}</arg>
<kw name="Wait Until Element Is Visible" library="SeleniumLibrary">
<arg>${element_clickable}</arg>
<arg>${TIMED_OUT}</arg>
<arg>${element_clickable} not found</arg>
<doc>Waits until the element ``locator`` is visible.</doc>
<status status="PASS" starttime="20210420 04:22:21.133" endtime="20210420 04:22:21.152"/>
</kw>
<kw name="Scroll Element Into View" library="SeleniumLibrary">
<arg>${element_clickable}</arg>
<doc>Scrolls the element identified by ``locator`` into view.</doc>
<status status="PASS" starttime="20210420 04:22:21.152" endtime="20210420 04:22:21.422"/>
</kw>
<kw name="Click Element" library="SeleniumLibrary">
<arg>${element_clickable}</arg>
<doc>Click the element identified by ``locator``.</doc>
<msg timestamp="20210420 04:22:21.423" level="INFO">Clicking element 'xpath://*[@class="search"]//input'.</msg>
<status status="PASS" starttime="20210420 04:22:21.423" endtime="20210420 04:22:21.508"/>
</kw>
<status status="PASS" starttime="20210420 04:22:21.133" endtime="20210420 04:22:21.509"/>
</kw>
<kw name="Wait And Input" library="helper_func">
<arg>${SEARCH_FIELD}</arg>
<arg>${the_city}</arg>
<kw name="Wait Until Element Is Visible" library="SeleniumLibrary">
<arg>${element_input}</arg>
<arg>${TIMED_OUT}</arg>
<arg>${element_input} not found</arg>
<doc>Waits until the element ``locator`` is visible.</doc>
<status status="PASS" starttime="20210420 04:22:21.510" endtime="20210420 04:22:21.530"/>
</kw>
<kw name="Input Text" library="SeleniumLibrary">
<arg>${element_input}</arg>
<arg>${text}</arg>
<doc>Types the given ``text`` into the text field identified by ``locator``.</doc>
<msg timestamp="20210420 04:22:21.530" level="INFO">Typing text 'ASDCSDC' into text field 'xpath://*[@class="search"]//input'.</msg>
<status status="PASS" starttime="20210420 04:22:21.530" endtime="20210420 04:22:21.697"/>
</kw>
<status status="PASS" starttime="20210420 04:22:21.509" endtime="20210420 04:22:21.697"/>
</kw>
<status status="PASS" starttime="20210420 04:22:21.122" endtime="20210420 04:22:21.697"/>
</kw>
<kw name="Submit Field" library="search_page">
<kw name="Scroll And Click" library="helper_func">
<arg>${SUBMIT_BTN}</arg>
<kw name="Wait Until Element Is Visible" library="SeleniumLibrary">
<arg>${element_clickable}</arg>
<arg>${TIMED_OUT}</arg>
<arg>${element_clickable} not found</arg>
<doc>Waits until the element ``locator`` is visible.</doc>
<status status="PASS" starttime="20210420 04:22:21.698" endtime="20210420 04:22:21.713"/>
</kw>
<kw name="Scroll Element Into View" library="SeleniumLibrary">
<arg>${element_clickable}</arg>
<doc>Scrolls the element identified by ``locator`` into view.</doc>
<status status="PASS" starttime="20210420 04:22:21.713" endtime="20210420 04:22:21.989"/>
</kw>
<kw name="Click Element" library="SeleniumLibrary">
<arg>${element_clickable}</arg>
<doc>Click the element identified by ``locator``.</doc>
<msg timestamp="20210420 04:22:21.989" level="INFO">Clicking element 'xpath://*[@class="search"]/button'.</msg>
<status status="PASS" starttime="20210420 04:22:21.989" endtime="20210420 04:22:22.024"/>
</kw>
<status status="PASS" starttime="20210420 04:22:21.697" endtime="20210420 04:22:22.024"/>
</kw>
<status status="PASS" starttime="20210420 04:22:21.697" endtime="20210420 04:22:22.024"/>
</kw>
<kw name="Verify Results" library="search_page">
<arg>${country}</arg>
<kw name="Run Keyword And Return Status" library="BuiltIn">
<var>${check_valid}</var>
<arg>Wait Until Element Is Visible</arg>
<arg>${DROPDOWN_MENU}/li</arg>
<arg>3s</arg>
<doc>Runs the given keyword with given arguments and returns the status as a Boolean value.</doc>
<kw name="Wait Until Element Is Visible" library="SeleniumLibrary">
<arg>${DROPDOWN_MENU}/li</arg>
<arg>3s</arg>
<doc>Waits until the element ``locator`` is visible.</doc>
<kw name="Capture Page Screenshot" library="SeleniumLibrary">
<doc>Takes a screenshot of the current page and embeds it into a log file.</doc>
<msg timestamp="20210420 04:22:26.092" level="INFO" html="true">&lt;/td&gt;&lt;/tr&gt;&lt;tr&gt;&lt;td colspan="3"&gt;&lt;a href="../../results/image/selenium-screenshot-35.png"&gt;&lt;img src="../../results/image/selenium-screenshot-35.png" width="800px"&gt;&lt;/a&gt;</msg>
<status status="PASS" starttime="20210420 04:22:25.201" endtime="20210420 04:22:26.093"/>
</kw>
<msg timestamp="20210420 04:22:26.098" level="FAIL">Element 'xpath://*[@class="search-dropdown-menu"]/li' not visible after 3 seconds.</msg>
<status status="FAIL" starttime="20210420 04:22:22.025" endtime="20210420 04:22:26.098"/>
</kw>
<msg timestamp="20210420 04:22:26.099" level="INFO">${check_valid} = False</msg>
<status status="PASS" starttime="20210420 04:22:22.025" endtime="20210420 04:22:26.099"/>
</kw>
<kw name="Get Element Count" library="SeleniumLibrary">
<var>${count_result}</var>
<arg>${DROPDOWN_MENU}/li</arg>
<doc>Returns the number of elements matching ``locator``.</doc>
<msg timestamp="20210420 04:22:26.106" level="INFO">${count_result} = 0</msg>
<status status="PASS" starttime="20210420 04:22:26.099" endtime="20210420 04:22:26.106"/>
</kw>
<if>
<branch type="IF" condition="'${check_valid}' == 'True'">
<if>
<branch type="IF" condition="${count_result} &gt; 1">
<for flavor="IN RANGE">
<var>${i}</var>
<value>1</value>
<value>${count_result}+1</value>
<iter>
<var name="${i}">${i}</var>
<kw name="Wait And Get Text" library="helper_func">
<var>${result}</var>
<arg>${DROPDOWN_MENU}/li[${i}]/span</arg>
<status status="NOT RUN" starttime="20210420 04:22:26.107" endtime="20210420 04:22:26.107"/>
</kw>
<kw name="Should Contain" library="BuiltIn">
<arg>${result}</arg>
<arg>${the_city}</arg>
<arg>${the_city} not found</arg>
<doc>Fails if ``container`` does not contain ``item`` one or more times.</doc>
<status status="NOT RUN" starttime="20210420 04:22:26.107" endtime="20210420 04:22:26.107"/>
</kw>
<status status="NOT RUN" starttime="20210420 04:22:26.107" endtime="20210420 04:22:26.107"/>
</iter>
<status status="NOT RUN" starttime="20210420 04:22:26.107" endtime="20210420 04:22:26.107"/>
</for>
<status status="NOT RUN" starttime="20210420 04:22:26.107" endtime="20210420 04:22:26.107"/>
</branch>
<branch type="ELSE">
<kw name="Wait And Get Text" library="helper_func">
<var>${result}</var>
<arg>${DROPDOWN_MENU}/li/span</arg>
<status status="NOT RUN" starttime="20210420 04:22:26.107" endtime="20210420 04:22:26.107"/>
</kw>
<kw name="Should Contain" library="BuiltIn">
<arg>${result}</arg>
<arg>${the_city}</arg>
<arg>${the_city} not found</arg>
<doc>Fails if ``container`` does not contain ``item`` one or more times.</doc>
<status status="NOT RUN" starttime="20210420 04:22:26.108" endtime="20210420 04:22:26.108"/>
</kw>
<status status="NOT RUN" starttime="20210420 04:22:26.107" endtime="20210420 04:22:26.108"/>
</branch>
<status status="NOT RUN" starttime="20210420 04:22:26.106" endtime="20210420 04:22:26.108"/>
</if>
<status status="NOT RUN" starttime="20210420 04:22:26.106" endtime="20210420 04:22:26.108"/>
</branch>
<branch type="ELSE">
<kw name="Verify No Result" library="search_page">
<kw name="Wait And Get Text" library="helper_func">
<var>${actual_error_msg}</var>
<arg>${ERROR_MSG_LOC}</arg>
<kw name="Wait Until Element Is Visible" library="SeleniumLibrary">
<arg>${text_element}</arg>
<arg>${TIMED_OUT}</arg>
<arg>${text_element} not found</arg>
<doc>Waits until the element ``locator`` is visible.</doc>
<status status="PASS" starttime="20210420 04:22:26.108" endtime="20210420 04:22:26.124"/>
</kw>
<kw name="Get Text" library="SeleniumLibrary">
<var>${text}</var>
<arg>${text_element}</arg>
<doc>Returns the text value of the element identified by ``locator``.</doc>
<msg timestamp="20210420 04:22:26.140" level="INFO">${text} = Not found. To make search more precise put the city's name, comma, 2-letter country code (ISO3166).</msg>
<status status="PASS" starttime="20210420 04:22:26.124" endtime="20210420 04:22:26.140"/>
</kw>
<msg timestamp="20210420 04:22:26.140" level="INFO">${actual_error_msg} = Not found. To make search more precise put the city's name, comma, 2-letter country code (ISO3166).</msg>
<status status="PASS" starttime="20210420 04:22:26.108" endtime="20210420 04:22:26.140"/>
</kw>
<kw name="Should Be Equal As Strings" library="BuiltIn">
<arg>${actual_error_msg}</arg>
<arg>${ERROR_MSG}</arg>
<arg>${actual_error_msg} message not found</arg>
<doc>Fails if objects are unequal after converting them to strings.</doc>
<status status="PASS" starttime="20210420 04:22:26.140" endtime="20210420 04:22:26.140"/>
</kw>
<status status="PASS" starttime="20210420 04:22:26.108" endtime="20210420 04:22:26.141"/>
</kw>
<status status="PASS" starttime="20210420 04:22:26.108" endtime="20210420 04:22:26.141"/>
</branch>
<status status="PASS" starttime="20210420 04:22:26.106" endtime="20210420 04:22:26.141"/>
</if>
<status status="PASS" starttime="20210420 04:22:22.024" endtime="20210420 04:22:26.141"/>
</kw>
<status status="PASS" starttime="20210420 04:22:21.122" endtime="20210420 04:22:26.141"/>
</kw>
<kw name="End Web Test" library="Common" type="TEARDOWN">
<kw name="Close All Browsers" library="SeleniumLibrary">
<doc>Closes all open browsers and resets the browser cache.</doc>
<status status="PASS" starttime="20210420 04:22:26.141" endtime="20210420 04:22:26.214"/>
</kw>
<status status="PASS" starttime="20210420 04:22:26.141" endtime="20210420 04:22:26.215"/>
</kw>
<status status="PASS" starttime="20210420 04:22:14.377" endtime="20210420 04:22:26.215"/>
</test>
<doc>Test Suites for Searching weather</doc>
<status status="PASS" starttime="20210420 04:21:31.526" endtime="20210420 04:22:26.217"/>
</suite>
<status status="PASS" starttime="20210420 04:21:31.524" endtime="20210420 04:22:26.220"/>
</suite>
<status status="PASS" starttime="20210420 04:21:31.502" endtime="20210420 04:22:26.221"/>
</suite>
<statistics>
<total>
<stat pass="6" fail="0" skip="0">All Tests</stat>
</total>
<tag>
</tag>
<suite>
<stat pass="6" fail="0" skip="0" id="s1" name="Tests">Tests</stat>
<stat pass="6" fail="0" skip="0" id="s1-s1" name="DataDrivenTest">Tests.DataDrivenTest</stat>
<stat pass="6" fail="0" skip="0" id="s1-s1-s1" name="Search Weather">Tests.DataDrivenTest.Search Weather</stat>
</suite>
</statistics>
<errors>
<msg timestamp="20210420 04:21:40.984" level="WARN">Multiple test cases with name 'Verify Searching Weather' executed in test suite 'Tests.DataDrivenTest.Search Weather'.</msg>
<msg timestamp="20210420 04:21:49.772" level="WARN">Multiple test cases with name 'Verify Searching Weather' executed in test suite 'Tests.DataDrivenTest.Search Weather'.</msg>
<msg timestamp="20210420 04:21:58.088" level="WARN">Multiple test cases with name 'Verify Searching Weather' executed in test suite 'Tests.DataDrivenTest.Search Weather'.</msg>
<msg timestamp="20210420 04:22:06.204" level="WARN">Multiple test cases with name 'Verify Searching Weather' executed in test suite 'Tests.DataDrivenTest.Search Weather'.</msg>
<msg timestamp="20210420 04:22:14.377" level="WARN">Multiple test cases with name 'Verify Searching Weather' executed in test suite 'Tests.DataDrivenTest.Search Weather'.</msg>
</errors>
</robot>
