<?xml version="1.0" encoding="UTF-8"?>
<robot generator="Robot 4.0 (Python 3.8.5 on darwin)" generated="20210422 09:44:18.688" rpa="false" schemaversion="2">
<suite id="s1" name="Search Weather" source="/Users/macbookpro/Desktop/AutomationChallenge/tests/DataDrivenTest/search_weather.robot">
<test id="s1-t1" name="Verify Searching Weather">
<kw name="Begin Web Test" library="Common" type="SETUP">
<kw name="Evaluate" library="BuiltIn">
<var>${system}</var>
<arg>platform.system()</arg>
<arg>platform</arg>
<doc>Evaluates the given expression in Python and returns the result.</doc>
<msg timestamp="20210422 09:44:19.341" level="INFO">${system} = Darwin</msg>
<status status="PASS" starttime="20210422 09:44:19.340" endtime="20210422 09:44:19.341"/>
</kw>
<kw name="Run Keyword If" library="BuiltIn">
<arg>'${BROWSER}'=='Chrome'</arg>
<arg>Open Chrome Browser</arg>
<arg>${system}</arg>
<arg>${HEADLESS}</arg>
<arg>ELSE IF</arg>
<arg>'${BROWSER}'=='Firefox'</arg>
<arg>Open Firefox Browser</arg>
<arg>${system}</arg>
<arg>${HEADLESS}</arg>
<doc>Runs the given keyword with the given arguments, if ``condition`` is true.</doc>
<kw name="Open Chrome Browser" library="Common">
<arg>${system}</arg>
<arg>${HEADLESS}</arg>
<kw name="Evaluate" library="BuiltIn">
<var>${chrome_options}</var>
<arg>sys.modules['selenium.webdriver'].ChromeOptions()</arg>
<arg>sys, selenium.webdriver</arg>
<doc>Evaluates the given expression in Python and returns the result.</doc>
<msg timestamp="20210422 09:44:19.342" level="INFO">${chrome_options} = &lt;selenium.webdriver.chrome.options.Options object at 0x7faa75d224f0&gt;</msg>
<status status="PASS" starttime="20210422 09:44:19.341" endtime="20210422 09:44:19.342"/>
</kw>
<kw name="Run Keyword If" library="BuiltIn">
<arg>'${has_headless}'=='True'</arg>
<arg>Call Method</arg>
<arg>${chrome_options}</arg>
<arg>add_argument</arg>
<arg>--headless</arg>
<doc>Runs the given keyword with the given arguments, if ``condition`` is true.</doc>
<kw name="Call Method" library="BuiltIn">
<arg>${chrome_options}</arg>
<arg>add_argument</arg>
<arg>--headless</arg>
<doc>Calls the named method of the given object with the provided arguments.</doc>
<status status="PASS" starttime="20210422 09:44:19.342" endtime="20210422 09:44:19.342"/>
</kw>
<status status="PASS" starttime="20210422 09:44:19.342" endtime="20210422 09:44:19.342"/>
</kw>
<kw name="Run Keyword If" library="BuiltIn">
<arg>'${os_system}'=='Darwin'</arg>
<arg>Run Keywords</arg>
<arg>Call Method</arg>
<arg>${chrome_options}</arg>
<arg>add_argument</arg>
<arg>--no-sandbox</arg>
<arg>AND</arg>
<arg>Call Method</arg>
<arg>${chrome_options}</arg>
<arg>add_argument</arg>
<arg>--ignore-certificate-errors</arg>
<doc>Runs the given keyword with the given arguments, if ``condition`` is true.</doc>
<kw name="Run Keywords" library="BuiltIn">
<arg>Call Method</arg>
<arg>${chrome_options}</arg>
<arg>add_argument</arg>
<arg>--no-sandbox</arg>
<arg>AND</arg>
<arg>Call Method</arg>
<arg>${chrome_options}</arg>
<arg>add_argument</arg>
<arg>--ignore-certificate-errors</arg>
<doc>Executes all the given keywords in a sequence.</doc>
<kw name="Call Method" library="BuiltIn">
<arg>${chrome_options}</arg>
<arg>add_argument</arg>
<arg>--no-sandbox</arg>
<doc>Calls the named method of the given object with the provided arguments.</doc>
<status status="PASS" starttime="20210422 09:44:19.343" endtime="20210422 09:44:19.343"/>
</kw>
<kw name="Call Method" library="BuiltIn">
<arg>${chrome_options}</arg>
<arg>add_argument</arg>
<arg>--ignore-certificate-errors</arg>
<doc>Calls the named method of the given object with the provided arguments.</doc>
<status status="PASS" starttime="20210422 09:44:19.343" endtime="20210422 09:44:19.344"/>
</kw>
<status status="PASS" starttime="20210422 09:44:19.343" endtime="20210422 09:44:19.344"/>
</kw>
<status status="PASS" starttime="20210422 09:44:19.342" endtime="20210422 09:44:19.344"/>
</kw>
<kw name="Run Keyword If" library="BuiltIn">
<arg>'${os_system}'=='linux'</arg>
<arg>Run Keywords</arg>
<arg>Call Method</arg>
<arg>${chrome_options}</arg>
<arg>add_argument</arg>
<arg>--no-sandbox</arg>
<arg>AND</arg>
<arg>Call Method</arg>
<arg>${chrome_options}</arg>
<arg>add_argument</arg>
<arg>--disable-extensions</arg>
<arg>AND</arg>
<arg>Call Method</arg>
<arg>${chrome_options}</arg>
<arg>add_argument</arg>
<arg>--disable-dev-shm-usage</arg>
<arg>AND</arg>
<arg>Call Method</arg>
<arg>${chrome_options}</arg>
<arg>add_argument</arg>
<arg>--ignore-certificate-errors</arg>
<doc>Runs the given keyword with the given arguments, if ``condition`` is true.</doc>
<status status="PASS" starttime="20210422 09:44:19.344" endtime="20210422 09:44:19.344"/>
</kw>
<kw name="Create Webdriver" library="SeleniumLibrary">
<arg>Chrome</arg>
<arg>chrome_options=${chrome_options}</arg>
<doc>Creates an instance of Selenium WebDriver.</doc>
<msg timestamp="20210422 09:44:19.344" level="INFO">Creating an instance of the Chrome WebDriver.</msg>
<status status="PASS" starttime="20210422 09:44:19.344" endtime="20210422 09:44:21.125"/>
</kw>
<status status="PASS" starttime="20210422 09:44:19.341" endtime="20210422 09:44:21.125"/>
</kw>
<status status="PASS" starttime="20210422 09:44:19.341" endtime="20210422 09:44:21.126"/>
</kw>
<kw name="Set Window Size" library="SeleniumLibrary">
<arg>1920</arg>
<arg>1080</arg>
<doc>Sets current windows size to given ``width`` and ``height``.</doc>
<status status="PASS" starttime="20210422 09:44:21.126" endtime="20210422 09:44:21.233"/>
</kw>
<kw name="Set Screenshot Directory" library="SeleniumLibrary">
<arg>./results/image</arg>
<doc>Sets the directory for captured screenshots.</doc>
<status status="PASS" starttime="20210422 09:44:21.233" endtime="20210422 09:44:21.234"/>
</kw>
<kw name="Go To Home Page" library="Common">
<kw name="Go To" library="SeleniumLibrary">
<arg>${AUT_URL}</arg>
<doc>Navigates the current browser window to the provided ``url``.</doc>
<msg timestamp="20210422 09:44:21.235" level="INFO">Opening url 'https://openweathermap.org'</msg>
<status status="PASS" starttime="20210422 09:44:21.235" endtime="20210422 09:44:27.668"/>
</kw>
<status status="PASS" starttime="20210422 09:44:21.234" endtime="20210422 09:44:27.668"/>
</kw>
<kw name="Create Session" library="RequestsLibrary">
<arg>test-session</arg>
<arg>${API_URL}</arg>
<arg>verify=true</arg>
<doc>Create Session: create a HTTP session to a server</doc>
<msg timestamp="20210422 09:44:27.669" level="INFO">Creating Session using : alias=test-session, url=https://openweathermap.org, headers={},                     cookies={}, auth=None, timeout=None, proxies=None, verify=True,                     debug=0 </msg>
<status status="PASS" starttime="20210422 09:44:27.668" endtime="20210422 09:44:27.669"/>
</kw>
<status status="PASS" starttime="20210422 09:44:19.340" endtime="20210422 09:44:27.670"/>
</kw>
<kw name="Searching Weather">
<arg>Thanh pho Ho Chi Minh</arg>
<kw name="Input City" library="search_page">
<arg>${country}</arg>
<kw name="Wait Until Element Is Not Visible" library="SeleniumLibrary">
<arg>${LOADING_COVER}</arg>
<arg>${TIMED_OUT}</arg>
<doc>Waits until the element ``locator`` is not visible.</doc>
<status status="PASS" starttime="20210422 09:44:27.671" endtime="20210422 09:44:27.684"/>
</kw>
<kw name="Scroll And Click" library="helper_func">
<arg>${SEARCH_FIELD}</arg>
<kw name="Wait Until Element Is Visible" library="SeleniumLibrary">
<arg>${element_clickable}</arg>
<arg>${TIMED_OUT}</arg>
<arg>${element_clickable} not found</arg>
<doc>Waits until the element ``locator`` is visible.</doc>
<status status="PASS" starttime="20210422 09:44:27.685" endtime="20210422 09:44:27.707"/>
</kw>
<kw name="Scroll Element Into View" library="SeleniumLibrary">
<arg>${element_clickable}</arg>
<doc>Scrolls the element identified by ``locator`` into view.</doc>
<status status="PASS" starttime="20210422 09:44:27.708" endtime="20210422 09:44:27.978"/>
</kw>
<kw name="Click Element" library="SeleniumLibrary">
<arg>${element_clickable}</arg>
<doc>Click the element identified by ``locator``.</doc>
<msg timestamp="20210422 09:44:27.979" level="INFO">Clicking element 'xpath://*[@class="search"]//input'.</msg>
<status status="PASS" starttime="20210422 09:44:27.978" endtime="20210422 09:44:28.050"/>
</kw>
<status status="PASS" starttime="20210422 09:44:27.685" endtime="20210422 09:44:28.050"/>
</kw>
<kw name="Wait And Input" library="helper_func">
<arg>${SEARCH_FIELD}</arg>
<arg>${the_city}</arg>
<kw name="Wait Until Element Is Visible" library="SeleniumLibrary">
<arg>${element_input}</arg>
<arg>${TIMED_OUT}</arg>
<arg>${element_input} not found</arg>
<doc>Waits until the element ``locator`` is visible.</doc>
<status status="PASS" starttime="20210422 09:44:28.051" endtime="20210422 09:44:28.065"/>
</kw>
<kw name="Input Text" library="SeleniumLibrary">
<arg>${element_input}</arg>
<arg>${text}</arg>
<doc>Types the given ``text`` into the text field identified by ``locator``.</doc>
<msg timestamp="20210422 09:44:28.066" level="INFO">Typing text 'Thanh pho Ho Chi Minh' into text field 'xpath://*[@class="search"]//input'.</msg>
<status status="PASS" starttime="20210422 09:44:28.066" endtime="20210422 09:44:28.172"/>
</kw>
<status status="PASS" starttime="20210422 09:44:28.051" endtime="20210422 09:44:28.173"/>
</kw>
<status status="PASS" starttime="20210422 09:44:27.670" endtime="20210422 09:44:28.173"/>
</kw>
<kw name="Submit Field" library="search_page">
<kw name="Scroll And Click" library="helper_func">
<arg>${SUBMIT_BTN}</arg>
<kw name="Wait Until Element Is Visible" library="SeleniumLibrary">
<arg>${element_clickable}</arg>
<arg>${TIMED_OUT}</arg>
<arg>${element_clickable} not found</arg>
<doc>Waits until the element ``locator`` is visible.</doc>
<status status="PASS" starttime="20210422 09:44:28.174" endtime="20210422 09:44:28.188"/>
</kw>
<kw name="Scroll Element Into View" library="SeleniumLibrary">
<arg>${element_clickable}</arg>
<doc>Scrolls the element identified by ``locator`` into view.</doc>
<status status="PASS" starttime="20210422 09:44:28.188" endtime="20210422 09:44:28.464"/>
</kw>
<kw name="Click Element" library="SeleniumLibrary">
<arg>${element_clickable}</arg>
<doc>Click the element identified by ``locator``.</doc>
<msg timestamp="20210422 09:44:28.465" level="INFO">Clicking element 'xpath://*[@class="search"]/button'.</msg>
<status status="PASS" starttime="20210422 09:44:28.464" endtime="20210422 09:44:28.499"/>
</kw>
<status status="PASS" starttime="20210422 09:44:28.173" endtime="20210422 09:44:28.500"/>
</kw>
<status status="PASS" starttime="20210422 09:44:28.173" endtime="20210422 09:44:28.500"/>
</kw>
<kw name="Verify Results" library="search_page">
<arg>${country}</arg>
<kw name="Run Keyword And Return Status" library="BuiltIn">
<var>${check_valid}</var>
<arg>Wait Until Element Is Visible</arg>
<arg>${DROPDOWN_MENU}/li</arg>
<arg>3s</arg>
<doc>Runs the given keyword with given arguments and returns the status as a Boolean value.</doc>
<kw name="Wait Until Element Is Visible" library="SeleniumLibrary">
<arg>${DROPDOWN_MENU}/li</arg>
<arg>3s</arg>
<doc>Waits until the element ``locator`` is visible.</doc>
<status status="PASS" starttime="20210422 09:44:28.501" endtime="20210422 09:44:29.152"/>
</kw>
<msg timestamp="20210422 09:44:29.152" level="INFO">${check_valid} = True</msg>
<status status="PASS" starttime="20210422 09:44:28.500" endtime="20210422 09:44:29.152"/>
</kw>
<kw name="Get Element Count" library="SeleniumLibrary">
<var>${count_result}</var>
<arg>${DROPDOWN_MENU}/li</arg>
<doc>Returns the number of elements matching ``locator``.</doc>
<msg timestamp="20210422 09:44:29.158" level="INFO">${count_result} = 1</msg>
<status status="PASS" starttime="20210422 09:44:29.152" endtime="20210422 09:44:29.158"/>
</kw>
<if>
<branch type="IF" condition="'${check_valid}' == 'True'">
<if>
<branch type="IF" condition="${count_result} &gt; 1">
<for flavor="IN RANGE">
<var>${i}</var>
<value>1</value>
<value>${count_result}+1</value>
<iter>
<var name="${i}">${i}</var>
<kw name="Wait And Get Text" library="helper_func">
<var>${result}</var>
<arg>${DROPDOWN_MENU}/li[${i}]/span</arg>
<status status="NOT RUN" starttime="20210422 09:44:29.159" endtime="20210422 09:44:29.159"/>
</kw>
<kw name="Should Contain" library="BuiltIn">
<arg>${result}</arg>
<arg>${the_city}</arg>
<arg>${the_city} not found</arg>
<doc>Fails if ``container`` does not contain ``item`` one or more times.</doc>
<status status="NOT RUN" starttime="20210422 09:44:29.159" endtime="20210422 09:44:29.159"/>
</kw>
<status status="NOT RUN" starttime="20210422 09:44:29.158" endtime="20210422 09:44:29.159"/>
</iter>
<status status="NOT RUN" starttime="20210422 09:44:29.158" endtime="20210422 09:44:29.159"/>
</for>
<status status="NOT RUN" starttime="20210422 09:44:29.158" endtime="20210422 09:44:29.159"/>
</branch>
<branch type="ELSE">
<kw name="Wait And Get Text" library="helper_func">
<var>${result}</var>
<arg>${DROPDOWN_MENU}/li/span</arg>
<kw name="Wait Until Element Is Visible" library="SeleniumLibrary">
<arg>${text_element}</arg>
<arg>${TIMED_OUT}</arg>
<arg>${text_element} not found</arg>
<doc>Waits until the element ``locator`` is visible.</doc>
<status status="PASS" starttime="20210422 09:44:29.160" endtime="20210422 09:44:29.174"/>
</kw>
<kw name="Get Text" library="SeleniumLibrary">
<var>${text}</var>
<arg>${text_element}</arg>
<doc>Returns the text value of the element identified by ``locator``.</doc>
<msg timestamp="20210422 09:44:29.190" level="INFO">${text} = Thanh pho Ho Chi Minh, VN</msg>
<status status="PASS" starttime="20210422 09:44:29.174" endtime="20210422 09:44:29.191"/>
</kw>
<msg timestamp="20210422 09:44:29.191" level="INFO">${result} = Thanh pho Ho Chi Minh, VN</msg>
<status status="PASS" starttime="20210422 09:44:29.159" endtime="20210422 09:44:29.191"/>
</kw>
<kw name="Should Contain" library="BuiltIn">
<arg>${result}</arg>
<arg>${the_city}</arg>
<arg>${the_city} not found</arg>
<doc>Fails if ``container`` does not contain ``item`` one or more times.</doc>
<status status="PASS" starttime="20210422 09:44:29.191" endtime="20210422 09:44:29.191"/>
</kw>
<status status="PASS" starttime="20210422 09:44:29.159" endtime="20210422 09:44:29.191"/>
</branch>
<status status="PASS" starttime="20210422 09:44:29.158" endtime="20210422 09:44:29.191"/>
</if>
<status status="PASS" starttime="20210422 09:44:29.158" endtime="20210422 09:44:29.191"/>
</branch>
<branch type="ELSE">
<kw name="Verify No Result" library="search_page">
<status status="NOT RUN" starttime="20210422 09:44:29.191" endtime="20210422 09:44:29.192"/>
</kw>
<status status="NOT RUN" starttime="20210422 09:44:29.191" endtime="20210422 09:44:29.192"/>
</branch>
<status status="PASS" starttime="20210422 09:44:29.158" endtime="20210422 09:44:29.192"/>
</if>
<status status="PASS" starttime="20210422 09:44:28.500" endtime="20210422 09:44:29.192"/>
</kw>
<status status="PASS" starttime="20210422 09:44:27.670" endtime="20210422 09:44:29.192"/>
</kw>
<kw name="End Web Test" library="Common" type="TEARDOWN">
<kw name="Close All Browsers" library="SeleniumLibrary">
<doc>Closes all open browsers and resets the browser cache.</doc>
<status status="PASS" starttime="20210422 09:44:29.192" endtime="20210422 09:44:29.270"/>
</kw>
<status status="PASS" starttime="20210422 09:44:29.192" endtime="20210422 09:44:29.270"/>
</kw>
<status status="PASS" starttime="20210422 09:44:19.339" endtime="20210422 09:44:29.270"/>
</test>
<test id="s1-t2" name="Verify Searching Weather">
<kw name="Begin Web Test" library="Common" type="SETUP">
<kw name="Evaluate" library="BuiltIn">
<var>${system}</var>
<arg>platform.system()</arg>
<arg>platform</arg>
<doc>Evaluates the given expression in Python and returns the result.</doc>
<msg timestamp="20210422 09:44:29.274" level="INFO">${system} = Darwin</msg>
<status status="PASS" starttime="20210422 09:44:29.273" endtime="20210422 09:44:29.274"/>
</kw>
<kw name="Run Keyword If" library="BuiltIn">
<arg>'${BROWSER}'=='Chrome'</arg>
<arg>Open Chrome Browser</arg>
<arg>${system}</arg>
<arg>${HEADLESS}</arg>
<arg>ELSE IF</arg>
<arg>'${BROWSER}'=='Firefox'</arg>
<arg>Open Firefox Browser</arg>
<arg>${system}</arg>
<arg>${HEADLESS}</arg>
<doc>Runs the given keyword with the given arguments, if ``condition`` is true.</doc>
<kw name="Open Chrome Browser" library="Common">
<arg>${system}</arg>
<arg>${HEADLESS}</arg>
<kw name="Evaluate" library="BuiltIn">
<var>${chrome_options}</var>
<arg>sys.modules['selenium.webdriver'].ChromeOptions()</arg>
<arg>sys, selenium.webdriver</arg>
<doc>Evaluates the given expression in Python and returns the result.</doc>
<msg timestamp="20210422 09:44:29.275" level="INFO">${chrome_options} = &lt;selenium.webdriver.chrome.options.Options object at 0x7faa75d22580&gt;</msg>
<status status="PASS" starttime="20210422 09:44:29.274" endtime="20210422 09:44:29.275"/>
</kw>
<kw name="Run Keyword If" library="BuiltIn">
<arg>'${has_headless}'=='True'</arg>
<arg>Call Method</arg>
<arg>${chrome_options}</arg>
<arg>add_argument</arg>
<arg>--headless</arg>
<doc>Runs the given keyword with the given arguments, if ``condition`` is true.</doc>
<kw name="Call Method" library="BuiltIn">
<arg>${chrome_options}</arg>
<arg>add_argument</arg>
<arg>--headless</arg>
<doc>Calls the named method of the given object with the provided arguments.</doc>
<status status="PASS" starttime="20210422 09:44:29.275" endtime="20210422 09:44:29.276"/>
</kw>
<status status="PASS" starttime="20210422 09:44:29.275" endtime="20210422 09:44:29.276"/>
</kw>
<kw name="Run Keyword If" library="BuiltIn">
<arg>'${os_system}'=='Darwin'</arg>
<arg>Run Keywords</arg>
<arg>Call Method</arg>
<arg>${chrome_options}</arg>
<arg>add_argument</arg>
<arg>--no-sandbox</arg>
<arg>AND</arg>
<arg>Call Method</arg>
<arg>${chrome_options}</arg>
<arg>add_argument</arg>
<arg>--ignore-certificate-errors</arg>
<doc>Runs the given keyword with the given arguments, if ``condition`` is true.</doc>
<kw name="Run Keywords" library="BuiltIn">
<arg>Call Method</arg>
<arg>${chrome_options}</arg>
<arg>add_argument</arg>
<arg>--no-sandbox</arg>
<arg>AND</arg>
<arg>Call Method</arg>
<arg>${chrome_options}</arg>
<arg>add_argument</arg>
<arg>--ignore-certificate-errors</arg>
<doc>Executes all the given keywords in a sequence.</doc>
<kw name="Call Method" library="BuiltIn">
<arg>${chrome_options}</arg>
<arg>add_argument</arg>
<arg>--no-sandbox</arg>
<doc>Calls the named method of the given object with the provided arguments.</doc>
<status status="PASS" starttime="20210422 09:44:29.277" endtime="20210422 09:44:29.278"/>
</kw>
<kw name="Call Method" library="BuiltIn">
<arg>${chrome_options}</arg>
<arg>add_argument</arg>
<arg>--ignore-certificate-errors</arg>
<doc>Calls the named method of the given object with the provided arguments.</doc>
<status status="PASS" starttime="20210422 09:44:29.278" endtime="20210422 09:44:29.278"/>
</kw>
<status status="PASS" starttime="20210422 09:44:29.277" endtime="20210422 09:44:29.278"/>
</kw>
<status status="PASS" starttime="20210422 09:44:29.276" endtime="20210422 09:44:29.278"/>
</kw>
<kw name="Run Keyword If" library="BuiltIn">
<arg>'${os_system}'=='linux'</arg>
<arg>Run Keywords</arg>
<arg>Call Method</arg>
<arg>${chrome_options}</arg>
<arg>add_argument</arg>
<arg>--no-sandbox</arg>
<arg>AND</arg>
<arg>Call Method</arg>
<arg>${chrome_options}</arg>
<arg>add_argument</arg>
<arg>--disable-extensions</arg>
<arg>AND</arg>
<arg>Call Method</arg>
<arg>${chrome_options}</arg>
<arg>add_argument</arg>
<arg>--disable-dev-shm-usage</arg>
<arg>AND</arg>
<arg>Call Method</arg>
<arg>${chrome_options}</arg>
<arg>add_argument</arg>
<arg>--ignore-certificate-errors</arg>
<doc>Runs the given keyword with the given arguments, if ``condition`` is true.</doc>
<status status="PASS" starttime="20210422 09:44:29.278" endtime="20210422 09:44:29.279"/>
</kw>
<kw name="Create Webdriver" library="SeleniumLibrary">
<arg>Chrome</arg>
<arg>chrome_options=${chrome_options}</arg>
<doc>Creates an instance of Selenium WebDriver.</doc>
<msg timestamp="20210422 09:44:29.279" level="INFO">Creating an instance of the Chrome WebDriver.</msg>
<status status="PASS" starttime="20210422 09:44:29.279" endtime="20210422 09:44:30.594"/>
</kw>
<status status="PASS" starttime="20210422 09:44:29.274" endtime="20210422 09:44:30.595"/>
</kw>
<status status="PASS" starttime="20210422 09:44:29.274" endtime="20210422 09:44:30.595"/>
</kw>
<kw name="Set Window Size" library="SeleniumLibrary">
<arg>1920</arg>
<arg>1080</arg>
<doc>Sets current windows size to given ``width`` and ``height``.</doc>
<status status="PASS" starttime="20210422 09:44:30.595" endtime="20210422 09:44:30.702"/>
</kw>
<kw name="Set Screenshot Directory" library="SeleniumLibrary">
<arg>./results/image</arg>
<doc>Sets the directory for captured screenshots.</doc>
<status status="PASS" starttime="20210422 09:44:30.702" endtime="20210422 09:44:30.702"/>
</kw>
<kw name="Go To Home Page" library="Common">
<kw name="Go To" library="SeleniumLibrary">
<arg>${AUT_URL}</arg>
<doc>Navigates the current browser window to the provided ``url``.</doc>
<msg timestamp="20210422 09:44:30.703" level="INFO">Opening url 'https://openweathermap.org'</msg>
<status status="PASS" starttime="20210422 09:44:30.703" endtime="20210422 09:44:37.638"/>
</kw>
<status status="PASS" starttime="20210422 09:44:30.703" endtime="20210422 09:44:37.639"/>
</kw>
<kw name="Create Session" library="RequestsLibrary">
<arg>test-session</arg>
<arg>${API_URL}</arg>
<arg>verify=true</arg>
<doc>Create Session: create a HTTP session to a server</doc>
<msg timestamp="20210422 09:44:37.640" level="INFO">Creating Session using : alias=test-session, url=https://openweathermap.org, headers={},                     cookies={}, auth=None, timeout=None, proxies=None, verify=True,                     debug=0 </msg>
<status status="PASS" starttime="20210422 09:44:37.639" endtime="20210422 09:44:37.641"/>
</kw>
<status status="PASS" starttime="20210422 09:44:29.273" endtime="20210422 09:44:37.641"/>
</kw>
<kw name="Searching Weather">
<arg>London</arg>
<kw name="Input City" library="search_page">
<arg>${country}</arg>
<kw name="Wait Until Element Is Not Visible" library="SeleniumLibrary">
<arg>${LOADING_COVER}</arg>
<arg>${TIMED_OUT}</arg>
<doc>Waits until the element ``locator`` is not visible.</doc>
<status status="PASS" starttime="20210422 09:44:37.643" endtime="20210422 09:44:37.658"/>
</kw>
<kw name="Scroll And Click" library="helper_func">
<arg>${SEARCH_FIELD}</arg>
<kw name="Wait Until Element Is Visible" library="SeleniumLibrary">
<arg>${element_clickable}</arg>
<arg>${TIMED_OUT}</arg>
<arg>${element_clickable} not found</arg>
<doc>Waits until the element ``locator`` is visible.</doc>
<status status="PASS" starttime="20210422 09:44:37.659" endtime="20210422 09:44:37.703"/>
</kw>
<kw name="Scroll Element Into View" library="SeleniumLibrary">
<arg>${element_clickable}</arg>
<doc>Scrolls the element identified by ``locator`` into view.</doc>
<status status="PASS" starttime="20210422 09:44:37.703" endtime="20210422 09:44:37.998"/>
</kw>
<kw name="Click Element" library="SeleniumLibrary">
<arg>${element_clickable}</arg>
<doc>Click the element identified by ``locator``.</doc>
<msg timestamp="20210422 09:44:37.999" level="INFO">Clicking element 'xpath://*[@class="search"]//input'.</msg>
<status status="PASS" starttime="20210422 09:44:37.998" endtime="20210422 09:44:38.059"/>
</kw>
<status status="PASS" starttime="20210422 09:44:37.659" endtime="20210422 09:44:38.059"/>
</kw>
<kw name="Wait And Input" library="helper_func">
<arg>${SEARCH_FIELD}</arg>
<arg>${the_city}</arg>
<kw name="Wait Until Element Is Visible" library="SeleniumLibrary">
<arg>${element_input}</arg>
<arg>${TIMED_OUT}</arg>
<arg>${element_input} not found</arg>
<doc>Waits until the element ``locator`` is visible.</doc>
<status status="PASS" starttime="20210422 09:44:38.060" endtime="20210422 09:44:38.076"/>
</kw>
<kw name="Input Text" library="SeleniumLibrary">
<arg>${element_input}</arg>
<arg>${text}</arg>
<doc>Types the given ``text`` into the text field identified by ``locator``.</doc>
<msg timestamp="20210422 09:44:38.077" level="INFO">Typing text 'London' into text field 'xpath://*[@class="search"]//input'.</msg>
<status status="PASS" starttime="20210422 09:44:38.076" endtime="20210422 09:44:38.151"/>
</kw>
<status status="PASS" starttime="20210422 09:44:38.059" endtime="20210422 09:44:38.151"/>
</kw>
<status status="PASS" starttime="20210422 09:44:37.642" endtime="20210422 09:44:38.151"/>
</kw>
<kw name="Submit Field" library="search_page">
<kw name="Scroll And Click" library="helper_func">
<arg>${SUBMIT_BTN}</arg>
<kw name="Wait Until Element Is Visible" library="SeleniumLibrary">
<arg>${element_clickable}</arg>
<arg>${TIMED_OUT}</arg>
<arg>${element_clickable} not found</arg>
<doc>Waits until the element ``locator`` is visible.</doc>
<status status="PASS" starttime="20210422 09:44:38.152" endtime="20210422 09:44:38.173"/>
</kw>
<kw name="Scroll Element Into View" library="SeleniumLibrary">
<arg>${element_clickable}</arg>
<doc>Scrolls the element identified by ``locator`` into view.</doc>
<status status="PASS" starttime="20210422 09:44:38.174" endtime="20210422 09:44:38.445"/>
</kw>
<kw name="Click Element" library="SeleniumLibrary">
<arg>${element_clickable}</arg>
<doc>Click the element identified by ``locator``.</doc>
<msg timestamp="20210422 09:44:38.445" level="INFO">Clicking element 'xpath://*[@class="search"]/button'.</msg>
<status status="PASS" starttime="20210422 09:44:38.445" endtime="20210422 09:44:38.479"/>
</kw>
<status status="PASS" starttime="20210422 09:44:38.152" endtime="20210422 09:44:38.479"/>
</kw>
<status status="PASS" starttime="20210422 09:44:38.152" endtime="20210422 09:44:38.479"/>
</kw>
<kw name="Verify Results" library="search_page">
<arg>${country}</arg>
<kw name="Run Keyword And Return Status" library="BuiltIn">
<var>${check_valid}</var>
<arg>Wait Until Element Is Visible</arg>
<arg>${DROPDOWN_MENU}/li</arg>
<arg>3s</arg>
<doc>Runs the given keyword with given arguments and returns the status as a Boolean value.</doc>
<kw name="Wait Until Element Is Visible" library="SeleniumLibrary">
<arg>${DROPDOWN_MENU}/li</arg>
<arg>3s</arg>
<doc>Waits until the element ``locator`` is visible.</doc>
<status status="PASS" starttime="20210422 09:44:38.480" endtime="20210422 09:44:39.133"/>
</kw>
<msg timestamp="20210422 09:44:39.134" level="INFO">${check_valid} = True</msg>
<status status="PASS" starttime="20210422 09:44:38.480" endtime="20210422 09:44:39.134"/>
</kw>
<kw name="Get Element Count" library="SeleniumLibrary">
<var>${count_result}</var>
<arg>${DROPDOWN_MENU}/li</arg>
<doc>Returns the number of elements matching ``locator``.</doc>
<msg timestamp="20210422 09:44:39.139" level="INFO">${count_result} = 5</msg>
<status status="PASS" starttime="20210422 09:44:39.134" endtime="20210422 09:44:39.139"/>
</kw>
<if>
<branch type="IF" condition="'${check_valid}' == 'True'">
<if>
<branch type="IF" condition="${count_result} &gt; 1">
<for flavor="IN RANGE">
<var>${i}</var>
<value>1</value>
<value>${count_result}+1</value>
<iter>
<var name="${i}">1</var>
<kw name="Wait And Get Text" library="helper_func">
<var>${result}</var>
<arg>${DROPDOWN_MENU}/li[${i}]/span</arg>
<kw name="Wait Until Element Is Visible" library="SeleniumLibrary">
<arg>${text_element}</arg>
<arg>${TIMED_OUT}</arg>
<arg>${text_element} not found</arg>
<doc>Waits until the element ``locator`` is visible.</doc>
<status status="PASS" starttime="20210422 09:44:39.141" endtime="20210422 09:44:39.159"/>
</kw>
<kw name="Get Text" library="SeleniumLibrary">
<var>${text}</var>
<arg>${text_element}</arg>
<doc>Returns the text value of the element identified by ``locator``.</doc>
<msg timestamp="20210422 09:44:39.174" level="INFO">${text} = London, GB</msg>
<status status="PASS" starttime="20210422 09:44:39.159" endtime="20210422 09:44:39.174"/>
</kw>
<msg timestamp="20210422 09:44:39.174" level="INFO">${result} = London, GB</msg>
<status status="PASS" starttime="20210422 09:44:39.140" endtime="20210422 09:44:39.174"/>
</kw>
<kw name="Should Contain" library="BuiltIn">
<arg>${result}</arg>
<arg>${the_city}</arg>
<arg>${the_city} not found</arg>
<doc>Fails if ``container`` does not contain ``item`` one or more times.</doc>
<status status="PASS" starttime="20210422 09:44:39.175" endtime="20210422 09:44:39.175"/>
</kw>
<status status="PASS" starttime="20210422 09:44:39.140" endtime="20210422 09:44:39.175"/>
</iter>
<iter>
<var name="${i}">2</var>
<kw name="Wait And Get Text" library="helper_func">
<var>${result}</var>
<arg>${DROPDOWN_MENU}/li[${i}]/span</arg>
<kw name="Wait Until Element Is Visible" library="SeleniumLibrary">
<arg>${text_element}</arg>
<arg>${TIMED_OUT}</arg>
<arg>${text_element} not found</arg>
<doc>Waits until the element ``locator`` is visible.</doc>
<status status="PASS" starttime="20210422 09:44:39.176" endtime="20210422 09:44:39.190"/>
</kw>
<kw name="Get Text" library="SeleniumLibrary">
<var>${text}</var>
<arg>${text_element}</arg>
<doc>Returns the text value of the element identified by ``locator``.</doc>
<msg timestamp="20210422 09:44:39.204" level="INFO">${text} = London, CA</msg>
<status status="PASS" starttime="20210422 09:44:39.190" endtime="20210422 09:44:39.204"/>
</kw>
<msg timestamp="20210422 09:44:39.204" level="INFO">${result} = London, CA</msg>
<status status="PASS" starttime="20210422 09:44:39.175" endtime="20210422 09:44:39.204"/>
</kw>
<kw name="Should Contain" library="BuiltIn">
<arg>${result}</arg>
<arg>${the_city}</arg>
<arg>${the_city} not found</arg>
<doc>Fails if ``container`` does not contain ``item`` one or more times.</doc>
<status status="PASS" starttime="20210422 09:44:39.204" endtime="20210422 09:44:39.205"/>
</kw>
<status status="PASS" starttime="20210422 09:44:39.175" endtime="20210422 09:44:39.205"/>
</iter>
<iter>
<var name="${i}">3</var>
<kw name="Wait And Get Text" library="helper_func">
<var>${result}</var>
<arg>${DROPDOWN_MENU}/li[${i}]/span</arg>
<kw name="Wait Until Element Is Visible" library="SeleniumLibrary">
<arg>${text_element}</arg>
<arg>${TIMED_OUT}</arg>
<arg>${text_element} not found</arg>
<doc>Waits until the element ``locator`` is visible.</doc>
<status status="PASS" starttime="20210422 09:44:39.205" endtime="20210422 09:44:39.220"/>
</kw>
<kw name="Get Text" library="SeleniumLibrary">
<var>${text}</var>
<arg>${text_element}</arg>
<doc>Returns the text value of the element identified by ``locator``.</doc>
<msg timestamp="20210422 09:44:39.234" level="INFO">${text} = London, US</msg>
<status status="PASS" starttime="20210422 09:44:39.220" endtime="20210422 09:44:39.234"/>
</kw>
<msg timestamp="20210422 09:44:39.235" level="INFO">${result} = London, US</msg>
<status status="PASS" starttime="20210422 09:44:39.205" endtime="20210422 09:44:39.235"/>
</kw>
<kw name="Should Contain" library="BuiltIn">
<arg>${result}</arg>
<arg>${the_city}</arg>
<arg>${the_city} not found</arg>
<doc>Fails if ``container`` does not contain ``item`` one or more times.</doc>
<status status="PASS" starttime="20210422 09:44:39.235" endtime="20210422 09:44:39.235"/>
</kw>
<status status="PASS" starttime="20210422 09:44:39.205" endtime="20210422 09:44:39.235"/>
</iter>
<iter>
<var name="${i}">4</var>
<kw name="Wait And Get Text" library="helper_func">
<var>${result}</var>
<arg>${DROPDOWN_MENU}/li[${i}]/span</arg>
<kw name="Wait Until Element Is Visible" library="SeleniumLibrary">
<arg>${text_element}</arg>
<arg>${TIMED_OUT}</arg>
<arg>${text_element} not found</arg>
<doc>Waits until the element ``locator`` is visible.</doc>
<status status="PASS" starttime="20210422 09:44:39.236" endtime="20210422 09:44:39.250"/>
</kw>
<kw name="Get Text" library="SeleniumLibrary">
<var>${text}</var>
<arg>${text_element}</arg>
<doc>Returns the text value of the element identified by ``locator``.</doc>
<msg timestamp="20210422 09:44:39.269" level="INFO">${text} = London, US</msg>
<status status="PASS" starttime="20210422 09:44:39.250" endtime="20210422 09:44:39.269"/>
</kw>
<msg timestamp="20210422 09:44:39.270" level="INFO">${result} = London, US</msg>
<status status="PASS" starttime="20210422 09:44:39.235" endtime="20210422 09:44:39.270"/>
</kw>
<kw name="Should Contain" library="BuiltIn">
<arg>${result}</arg>
<arg>${the_city}</arg>
<arg>${the_city} not found</arg>
<doc>Fails if ``container`` does not contain ``item`` one or more times.</doc>
<status status="PASS" starttime="20210422 09:44:39.270" endtime="20210422 09:44:39.270"/>
</kw>
<status status="PASS" starttime="20210422 09:44:39.235" endtime="20210422 09:44:39.270"/>
</iter>
<iter>
<var name="${i}">5</var>
<kw name="Wait And Get Text" library="helper_func">
<var>${result}</var>
<arg>${DROPDOWN_MENU}/li[${i}]/span</arg>
<kw name="Wait Until Element Is Visible" library="SeleniumLibrary">
<arg>${text_element}</arg>
<arg>${TIMED_OUT}</arg>
<arg>${text_element} not found</arg>
<doc>Waits until the element ``locator`` is visible.</doc>
<status status="PASS" starttime="20210422 09:44:39.271" endtime="20210422 09:44:39.285"/>
</kw>
<kw name="Get Text" library="SeleniumLibrary">
<var>${text}</var>
<arg>${text_element}</arg>
<doc>Returns the text value of the element identified by ``locator``.</doc>
<msg timestamp="20210422 09:44:39.299" level="INFO">${text} = London, US</msg>
<status status="PASS" starttime="20210422 09:44:39.285" endtime="20210422 09:44:39.299"/>
</kw>
<msg timestamp="20210422 09:44:39.299" level="INFO">${result} = London, US</msg>
<status status="PASS" starttime="20210422 09:44:39.270" endtime="20210422 09:44:39.299"/>
</kw>
<kw name="Should Contain" library="BuiltIn">
<arg>${result}</arg>
<arg>${the_city}</arg>
<arg>${the_city} not found</arg>
<doc>Fails if ``container`` does not contain ``item`` one or more times.</doc>
<status status="PASS" starttime="20210422 09:44:39.299" endtime="20210422 09:44:39.300"/>
</kw>
<status status="PASS" starttime="20210422 09:44:39.270" endtime="20210422 09:44:39.300"/>
</iter>
<status status="PASS" starttime="20210422 09:44:39.140" endtime="20210422 09:44:39.300"/>
</for>
<status status="PASS" starttime="20210422 09:44:39.140" endtime="20210422 09:44:39.300"/>
</branch>
<branch type="ELSE">
<kw name="Wait And Get Text" library="helper_func">
<var>${result}</var>
<arg>${DROPDOWN_MENU}/li/span</arg>
<status status="NOT RUN" starttime="20210422 09:44:39.300" endtime="20210422 09:44:39.300"/>
</kw>
<kw name="Should Contain" library="BuiltIn">
<arg>${result}</arg>
<arg>${the_city}</arg>
<arg>${the_city} not found</arg>
<doc>Fails if ``container`` does not contain ``item`` one or more times.</doc>
<status status="NOT RUN" starttime="20210422 09:44:39.300" endtime="20210422 09:44:39.300"/>
</kw>
<status status="NOT RUN" starttime="20210422 09:44:39.300" endtime="20210422 09:44:39.300"/>
</branch>
<status status="PASS" starttime="20210422 09:44:39.140" endtime="20210422 09:44:39.300"/>
</if>
<status status="PASS" starttime="20210422 09:44:39.140" endtime="20210422 09:44:39.300"/>
</branch>
<branch type="ELSE">
<kw name="Verify No Result" library="search_page">
<status status="NOT RUN" starttime="20210422 09:44:39.300" endtime="20210422 09:44:39.300"/>
</kw>
<status status="NOT RUN" starttime="20210422 09:44:39.300" endtime="20210422 09:44:39.300"/>
</branch>
<status status="PASS" starttime="20210422 09:44:39.139" endtime="20210422 09:44:39.301"/>
</if>
<status status="PASS" starttime="20210422 09:44:38.480" endtime="20210422 09:44:39.301"/>
</kw>
<status status="PASS" starttime="20210422 09:44:37.641" endtime="20210422 09:44:39.301"/>
</kw>
<kw name="End Web Test" library="Common" type="TEARDOWN">
<kw name="Close All Browsers" library="SeleniumLibrary">
<doc>Closes all open browsers and resets the browser cache.</doc>
<status status="PASS" starttime="20210422 09:44:39.301" endtime="20210422 09:44:39.375"/>
</kw>
<status status="PASS" starttime="20210422 09:44:39.301" endtime="20210422 09:44:39.376"/>
</kw>
<status status="PASS" starttime="20210422 09:44:29.272" endtime="20210422 09:44:39.376"/>
</test>
<test id="s1-t3" name="Verify Searching Weather">
<kw name="Begin Web Test" library="Common" type="SETUP">
<kw name="Evaluate" library="BuiltIn">
<var>${system}</var>
<arg>platform.system()</arg>
<arg>platform</arg>
<doc>Evaluates the given expression in Python and returns the result.</doc>
<msg timestamp="20210422 09:44:39.378" level="INFO">${system} = Darwin</msg>
<status status="PASS" starttime="20210422 09:44:39.377" endtime="20210422 09:44:39.378"/>
</kw>
<kw name="Run Keyword If" library="BuiltIn">
<arg>'${BROWSER}'=='Chrome'</arg>
<arg>Open Chrome Browser</arg>
<arg>${system}</arg>
<arg>${HEADLESS}</arg>
<arg>ELSE IF</arg>
<arg>'${BROWSER}'=='Firefox'</arg>
<arg>Open Firefox Browser</arg>
<arg>${system}</arg>
<arg>${HEADLESS}</arg>
<doc>Runs the given keyword with the given arguments, if ``condition`` is true.</doc>
<kw name="Open Chrome Browser" library="Common">
<arg>${system}</arg>
<arg>${HEADLESS}</arg>
<kw name="Evaluate" library="BuiltIn">
<var>${chrome_options}</var>
<arg>sys.modules['selenium.webdriver'].ChromeOptions()</arg>
<arg>sys, selenium.webdriver</arg>
<doc>Evaluates the given expression in Python and returns the result.</doc>
<msg timestamp="20210422 09:44:39.381" level="INFO">${chrome_options} = &lt;selenium.webdriver.chrome.options.Options object at 0x7faa75d148e0&gt;</msg>
<status status="PASS" starttime="20210422 09:44:39.380" endtime="20210422 09:44:39.381"/>
</kw>
<kw name="Run Keyword If" library="BuiltIn">
<arg>'${has_headless}'=='True'</arg>
<arg>Call Method</arg>
<arg>${chrome_options}</arg>
<arg>add_argument</arg>
<arg>--headless</arg>
<doc>Runs the given keyword with the given arguments, if ``condition`` is true.</doc>
<kw name="Call Method" library="BuiltIn">
<arg>${chrome_options}</arg>
<arg>add_argument</arg>
<arg>--headless</arg>
<doc>Calls the named method of the given object with the provided arguments.</doc>
<status status="PASS" starttime="20210422 09:44:39.381" endtime="20210422 09:44:39.382"/>
</kw>
<status status="PASS" starttime="20210422 09:44:39.381" endtime="20210422 09:44:39.382"/>
</kw>
<kw name="Run Keyword If" library="BuiltIn">
<arg>'${os_system}'=='Darwin'</arg>
<arg>Run Keywords</arg>
<arg>Call Method</arg>
<arg>${chrome_options}</arg>
<arg>add_argument</arg>
<arg>--no-sandbox</arg>
<arg>AND</arg>
<arg>Call Method</arg>
<arg>${chrome_options}</arg>
<arg>add_argument</arg>
<arg>--ignore-certificate-errors</arg>
<doc>Runs the given keyword with the given arguments, if ``condition`` is true.</doc>
<kw name="Run Keywords" library="BuiltIn">
<arg>Call Method</arg>
<arg>${chrome_options}</arg>
<arg>add_argument</arg>
<arg>--no-sandbox</arg>
<arg>AND</arg>
<arg>Call Method</arg>
<arg>${chrome_options}</arg>
<arg>add_argument</arg>
<arg>--ignore-certificate-errors</arg>
<doc>Executes all the given keywords in a sequence.</doc>
<kw name="Call Method" library="BuiltIn">
<arg>${chrome_options}</arg>
<arg>add_argument</arg>
<arg>--no-sandbox</arg>
<doc>Calls the named method of the given object with the provided arguments.</doc>
<status status="PASS" starttime="20210422 09:44:39.382" endtime="20210422 09:44:39.382"/>
</kw>
<kw name="Call Method" library="BuiltIn">
<arg>${chrome_options}</arg>
<arg>add_argument</arg>
<arg>--ignore-certificate-errors</arg>
<doc>Calls the named method of the given object with the provided arguments.</doc>
<status status="PASS" starttime="20210422 09:44:39.383" endtime="20210422 09:44:39.383"/>
</kw>
<status status="PASS" starttime="20210422 09:44:39.382" endtime="20210422 09:44:39.383"/>
</kw>
<status status="PASS" starttime="20210422 09:44:39.382" endtime="20210422 09:44:39.383"/>
</kw>
<kw name="Run Keyword If" library="BuiltIn">
<arg>'${os_system}'=='linux'</arg>
<arg>Run Keywords</arg>
<arg>Call Method</arg>
<arg>${chrome_options}</arg>
<arg>add_argument</arg>
<arg>--no-sandbox</arg>
<arg>AND</arg>
<arg>Call Method</arg>
<arg>${chrome_options}</arg>
<arg>add_argument</arg>
<arg>--disable-extensions</arg>
<arg>AND</arg>
<arg>Call Method</arg>
<arg>${chrome_options}</arg>
<arg>add_argument</arg>
<arg>--disable-dev-shm-usage</arg>
<arg>AND</arg>
<arg>Call Method</arg>
<arg>${chrome_options}</arg>
<arg>add_argument</arg>
<arg>--ignore-certificate-errors</arg>
<doc>Runs the given keyword with the given arguments, if ``condition`` is true.</doc>
<status status="PASS" starttime="20210422 09:44:39.383" endtime="20210422 09:44:39.383"/>
</kw>
<kw name="Create Webdriver" library="SeleniumLibrary">
<arg>Chrome</arg>
<arg>chrome_options=${chrome_options}</arg>
<doc>Creates an instance of Selenium WebDriver.</doc>
<msg timestamp="20210422 09:44:39.384" level="INFO">Creating an instance of the Chrome WebDriver.</msg>
<status status="PASS" starttime="20210422 09:44:39.383" endtime="20210422 09:44:40.762"/>
</kw>
<status status="PASS" starttime="20210422 09:44:39.379" endtime="20210422 09:44:40.763"/>
</kw>
<status status="PASS" starttime="20210422 09:44:39.378" endtime="20210422 09:44:40.763"/>
</kw>
<kw name="Set Window Size" library="SeleniumLibrary">
<arg>1920</arg>
<arg>1080</arg>
<doc>Sets current windows size to given ``width`` and ``height``.</doc>
<status status="PASS" starttime="20210422 09:44:40.763" endtime="20210422 09:44:40.869"/>
</kw>
<kw name="Set Screenshot Directory" library="SeleniumLibrary">
<arg>./results/image</arg>
<doc>Sets the directory for captured screenshots.</doc>
<status status="PASS" starttime="20210422 09:44:40.870" endtime="20210422 09:44:40.870"/>
</kw>
<kw name="Go To Home Page" library="Common">
<kw name="Go To" library="SeleniumLibrary">
<arg>${AUT_URL}</arg>
<doc>Navigates the current browser window to the provided ``url``.</doc>
<msg timestamp="20210422 09:44:40.871" level="INFO">Opening url 'https://openweathermap.org'</msg>
<status status="PASS" starttime="20210422 09:44:40.871" endtime="20210422 09:44:47.125"/>
</kw>
<status status="PASS" starttime="20210422 09:44:40.870" endtime="20210422 09:44:47.125"/>
</kw>
<kw name="Create Session" library="RequestsLibrary">
<arg>test-session</arg>
<arg>${API_URL}</arg>
<arg>verify=true</arg>
<doc>Create Session: create a HTTP session to a server</doc>
<msg timestamp="20210422 09:44:47.126" level="INFO">Creating Session using : alias=test-session, url=https://openweathermap.org, headers={},                     cookies={}, auth=None, timeout=None, proxies=None, verify=True,                     debug=0 </msg>
<status status="PASS" starttime="20210422 09:44:47.125" endtime="20210422 09:44:47.126"/>
</kw>
<status status="PASS" starttime="20210422 09:44:39.377" endtime="20210422 09:44:47.126"/>
</kw>
<kw name="Searching Weather">
<arg>Germany</arg>
<kw name="Input City" library="search_page">
<arg>${country}</arg>
<kw name="Wait Until Element Is Not Visible" library="SeleniumLibrary">
<arg>${LOADING_COVER}</arg>
<arg>${TIMED_OUT}</arg>
<doc>Waits until the element ``locator`` is not visible.</doc>
<status status="PASS" starttime="20210422 09:44:47.127" endtime="20210422 09:44:47.141"/>
</kw>
<kw name="Scroll And Click" library="helper_func">
<arg>${SEARCH_FIELD}</arg>
<kw name="Wait Until Element Is Visible" library="SeleniumLibrary">
<arg>${element_clickable}</arg>
<arg>${TIMED_OUT}</arg>
<arg>${element_clickable} not found</arg>
<doc>Waits until the element ``locator`` is visible.</doc>
<status status="PASS" starttime="20210422 09:44:47.142" endtime="20210422 09:44:47.167"/>
</kw>
<kw name="Scroll Element Into View" library="SeleniumLibrary">
<arg>${element_clickable}</arg>
<doc>Scrolls the element identified by ``locator`` into view.</doc>
<status status="PASS" starttime="20210422 09:44:47.167" endtime="20210422 09:44:47.449"/>
</kw>
<kw name="Click Element" library="SeleniumLibrary">
<arg>${element_clickable}</arg>
<doc>Click the element identified by ``locator``.</doc>
<msg timestamp="20210422 09:44:47.450" level="INFO">Clicking element 'xpath://*[@class="search"]//input'.</msg>
<status status="PASS" starttime="20210422 09:44:47.450" endtime="20210422 09:44:47.521"/>
</kw>
<status status="PASS" starttime="20210422 09:44:47.141" endtime="20210422 09:44:47.522"/>
</kw>
<kw name="Wait And Input" library="helper_func">
<arg>${SEARCH_FIELD}</arg>
<arg>${the_city}</arg>
<kw name="Wait Until Element Is Visible" library="SeleniumLibrary">
<arg>${element_input}</arg>
<arg>${TIMED_OUT}</arg>
<arg>${element_input} not found</arg>
<doc>Waits until the element ``locator`` is visible.</doc>
<status status="PASS" starttime="20210422 09:44:47.523" endtime="20210422 09:44:47.539"/>
</kw>
<kw name="Input Text" library="SeleniumLibrary">
<arg>${element_input}</arg>
<arg>${text}</arg>
<doc>Types the given ``text`` into the text field identified by ``locator``.</doc>
<msg timestamp="20210422 09:44:47.540" level="INFO">Typing text 'Germany' into text field 'xpath://*[@class="search"]//input'.</msg>
<status status="PASS" starttime="20210422 09:44:47.539" endtime="20210422 09:44:47.621"/>
</kw>
<status status="PASS" starttime="20210422 09:44:47.522" endtime="20210422 09:44:47.621"/>
</kw>
<status status="PASS" starttime="20210422 09:44:47.127" endtime="20210422 09:44:47.621"/>
</kw>
<kw name="Submit Field" library="search_page">
<kw name="Scroll And Click" library="helper_func">
<arg>${SUBMIT_BTN}</arg>
<kw name="Wait Until Element Is Visible" library="SeleniumLibrary">
<arg>${element_clickable}</arg>
<arg>${TIMED_OUT}</arg>
<arg>${element_clickable} not found</arg>
<doc>Waits until the element ``locator`` is visible.</doc>
<status status="PASS" starttime="20210422 09:44:47.622" endtime="20210422 09:44:47.637"/>
</kw>
<kw name="Scroll Element Into View" library="SeleniumLibrary">
<arg>${element_clickable}</arg>
<doc>Scrolls the element identified by ``locator`` into view.</doc>
<status status="PASS" starttime="20210422 09:44:47.637" endtime="20210422 09:44:47.913"/>
</kw>
<kw name="Click Element" library="SeleniumLibrary">
<arg>${element_clickable}</arg>
<doc>Click the element identified by ``locator``.</doc>
<msg timestamp="20210422 09:44:47.914" level="INFO">Clicking element 'xpath://*[@class="search"]/button'.</msg>
<status status="PASS" starttime="20210422 09:44:47.913" endtime="20210422 09:44:47.947"/>
</kw>
<status status="PASS" starttime="20210422 09:44:47.622" endtime="20210422 09:44:47.947"/>
</kw>
<status status="PASS" starttime="20210422 09:44:47.621" endtime="20210422 09:44:47.947"/>
</kw>
<kw name="Verify Results" library="search_page">
<arg>${country}</arg>
<kw name="Run Keyword And Return Status" library="BuiltIn">
<var>${check_valid}</var>
<arg>Wait Until Element Is Visible</arg>
<arg>${DROPDOWN_MENU}/li</arg>
<arg>3s</arg>
<doc>Runs the given keyword with given arguments and returns the status as a Boolean value.</doc>
<kw name="Wait Until Element Is Visible" library="SeleniumLibrary">
<arg>${DROPDOWN_MENU}/li</arg>
<arg>3s</arg>
<doc>Waits until the element ``locator`` is visible.</doc>
<status status="PASS" starttime="20210422 09:44:47.948" endtime="20210422 09:44:48.610"/>
</kw>
<msg timestamp="20210422 09:44:48.610" level="INFO">${check_valid} = True</msg>
<status status="PASS" starttime="20210422 09:44:47.948" endtime="20210422 09:44:48.610"/>
</kw>
<kw name="Get Element Count" library="SeleniumLibrary">
<var>${count_result}</var>
<arg>${DROPDOWN_MENU}/li</arg>
<doc>Returns the number of elements matching ``locator``.</doc>
<msg timestamp="20210422 09:44:48.616" level="INFO">${count_result} = 1</msg>
<status status="PASS" starttime="20210422 09:44:48.610" endtime="20210422 09:44:48.616"/>
</kw>
<if>
<branch type="IF" condition="'${check_valid}' == 'True'">
<if>
<branch type="IF" condition="${count_result} &gt; 1">
<for flavor="IN RANGE">
<var>${i}</var>
<value>1</value>
<value>${count_result}+1</value>
<iter>
<var name="${i}">${i}</var>
<kw name="Wait And Get Text" library="helper_func">
<var>${result}</var>
<arg>${DROPDOWN_MENU}/li[${i}]/span</arg>
<status status="NOT RUN" starttime="20210422 09:44:48.617" endtime="20210422 09:44:48.617"/>
</kw>
<kw name="Should Contain" library="BuiltIn">
<arg>${result}</arg>
<arg>${the_city}</arg>
<arg>${the_city} not found</arg>
<doc>Fails if ``container`` does not contain ``item`` one or more times.</doc>
<status status="NOT RUN" starttime="20210422 09:44:48.617" endtime="20210422 09:44:48.617"/>
</kw>
<status status="NOT RUN" starttime="20210422 09:44:48.617" endtime="20210422 09:44:48.617"/>
</iter>
<status status="NOT RUN" starttime="20210422 09:44:48.617" endtime="20210422 09:44:48.617"/>
</for>
<status status="NOT RUN" starttime="20210422 09:44:48.616" endtime="20210422 09:44:48.617"/>
</branch>
<branch type="ELSE">
<kw name="Wait And Get Text" library="helper_func">
<var>${result}</var>
<arg>${DROPDOWN_MENU}/li/span</arg>
<kw name="Wait Until Element Is Visible" library="SeleniumLibrary">
<arg>${text_element}</arg>
<arg>${TIMED_OUT}</arg>
<arg>${text_element} not found</arg>
<doc>Waits until the element ``locator`` is visible.</doc>
<status status="PASS" starttime="20210422 09:44:48.618" endtime="20210422 09:44:48.632"/>
</kw>
<kw name="Get Text" library="SeleniumLibrary">
<var>${text}</var>
<arg>${text_element}</arg>
<doc>Returns the text value of the element identified by ``locator``.</doc>
<msg timestamp="20210422 09:44:48.646" level="INFO">${text} = Federal Republic of Germany, DE</msg>
<status status="PASS" starttime="20210422 09:44:48.632" endtime="20210422 09:44:48.647"/>
</kw>
<msg timestamp="20210422 09:44:48.648" level="INFO">${result} = Federal Republic of Germany, DE</msg>
<status status="PASS" starttime="20210422 09:44:48.617" endtime="20210422 09:44:48.648"/>
</kw>
<kw name="Should Contain" library="BuiltIn">
<arg>${result}</arg>
<arg>${the_city}</arg>
<arg>${the_city} not found</arg>
<doc>Fails if ``container`` does not contain ``item`` one or more times.</doc>
<status status="PASS" starttime="20210422 09:44:48.648" endtime="20210422 09:44:48.648"/>
</kw>
<status status="PASS" starttime="20210422 09:44:48.617" endtime="20210422 09:44:48.648"/>
</branch>
<status status="PASS" starttime="20210422 09:44:48.616" endtime="20210422 09:44:48.648"/>
</if>
<status status="PASS" starttime="20210422 09:44:48.616" endtime="20210422 09:44:48.648"/>
</branch>
<branch type="ELSE">
<kw name="Verify No Result" library="search_page">
<status status="NOT RUN" starttime="20210422 09:44:48.649" endtime="20210422 09:44:48.649"/>
</kw>
<status status="NOT RUN" starttime="20210422 09:44:48.649" endtime="20210422 09:44:48.649"/>
</branch>
<status status="PASS" starttime="20210422 09:44:48.616" endtime="20210422 09:44:48.649"/>
</if>
<status status="PASS" starttime="20210422 09:44:47.947" endtime="20210422 09:44:48.649"/>
</kw>
<status status="PASS" starttime="20210422 09:44:47.126" endtime="20210422 09:44:48.649"/>
</kw>
<kw name="End Web Test" library="Common" type="TEARDOWN">
<kw name="Close All Browsers" library="SeleniumLibrary">
<doc>Closes all open browsers and resets the browser cache.</doc>
<status status="PASS" starttime="20210422 09:44:48.650" endtime="20210422 09:44:48.722"/>
</kw>
<status status="PASS" starttime="20210422 09:44:48.649" endtime="20210422 09:44:48.722"/>
</kw>
<status status="PASS" starttime="20210422 09:44:39.376" endtime="20210422 09:44:48.722"/>
</test>
<test id="s1-t4" name="Verify Searching Weather">
<kw name="Begin Web Test" library="Common" type="SETUP">
<kw name="Evaluate" library="BuiltIn">
<var>${system}</var>
<arg>platform.system()</arg>
<arg>platform</arg>
<doc>Evaluates the given expression in Python and returns the result.</doc>
<msg timestamp="20210422 09:44:48.724" level="INFO">${system} = Darwin</msg>
<status status="PASS" starttime="20210422 09:44:48.724" endtime="20210422 09:44:48.724"/>
</kw>
<kw name="Run Keyword If" library="BuiltIn">
<arg>'${BROWSER}'=='Chrome'</arg>
<arg>Open Chrome Browser</arg>
<arg>${system}</arg>
<arg>${HEADLESS}</arg>
<arg>ELSE IF</arg>
<arg>'${BROWSER}'=='Firefox'</arg>
<arg>Open Firefox Browser</arg>
<arg>${system}</arg>
<arg>${HEADLESS}</arg>
<doc>Runs the given keyword with the given arguments, if ``condition`` is true.</doc>
<kw name="Open Chrome Browser" library="Common">
<arg>${system}</arg>
<arg>${HEADLESS}</arg>
<kw name="Evaluate" library="BuiltIn">
<var>${chrome_options}</var>
<arg>sys.modules['selenium.webdriver'].ChromeOptions()</arg>
<arg>sys, selenium.webdriver</arg>
<doc>Evaluates the given expression in Python and returns the result.</doc>
<msg timestamp="20210422 09:44:48.725" level="INFO">${chrome_options} = &lt;selenium.webdriver.chrome.options.Options object at 0x7faa75d44a60&gt;</msg>
<status status="PASS" starttime="20210422 09:44:48.725" endtime="20210422 09:44:48.725"/>
</kw>
<kw name="Run Keyword If" library="BuiltIn">
<arg>'${has_headless}'=='True'</arg>
<arg>Call Method</arg>
<arg>${chrome_options}</arg>
<arg>add_argument</arg>
<arg>--headless</arg>
<doc>Runs the given keyword with the given arguments, if ``condition`` is true.</doc>
<kw name="Call Method" library="BuiltIn">
<arg>${chrome_options}</arg>
<arg>add_argument</arg>
<arg>--headless</arg>
<doc>Calls the named method of the given object with the provided arguments.</doc>
<status status="PASS" starttime="20210422 09:44:48.726" endtime="20210422 09:44:48.726"/>
</kw>
<status status="PASS" starttime="20210422 09:44:48.725" endtime="20210422 09:44:48.726"/>
</kw>
<kw name="Run Keyword If" library="BuiltIn">
<arg>'${os_system}'=='Darwin'</arg>
<arg>Run Keywords</arg>
<arg>Call Method</arg>
<arg>${chrome_options}</arg>
<arg>add_argument</arg>
<arg>--no-sandbox</arg>
<arg>AND</arg>
<arg>Call Method</arg>
<arg>${chrome_options}</arg>
<arg>add_argument</arg>
<arg>--ignore-certificate-errors</arg>
<doc>Runs the given keyword with the given arguments, if ``condition`` is true.</doc>
<kw name="Run Keywords" library="BuiltIn">
<arg>Call Method</arg>
<arg>${chrome_options}</arg>
<arg>add_argument</arg>
<arg>--no-sandbox</arg>
<arg>AND</arg>
<arg>Call Method</arg>
<arg>${chrome_options}</arg>
<arg>add_argument</arg>
<arg>--ignore-certificate-errors</arg>
<doc>Executes all the given keywords in a sequence.</doc>
<kw name="Call Method" library="BuiltIn">
<arg>${chrome_options}</arg>
<arg>add_argument</arg>
<arg>--no-sandbox</arg>
<doc>Calls the named method of the given object with the provided arguments.</doc>
<status status="PASS" starttime="20210422 09:44:48.727" endtime="20210422 09:44:48.727"/>
</kw>
<kw name="Call Method" library="BuiltIn">
<arg>${chrome_options}</arg>
<arg>add_argument</arg>
<arg>--ignore-certificate-errors</arg>
<doc>Calls the named method of the given object with the provided arguments.</doc>
<status status="PASS" starttime="20210422 09:44:48.727" endtime="20210422 09:44:48.727"/>
</kw>
<status status="PASS" starttime="20210422 09:44:48.726" endtime="20210422 09:44:48.727"/>
</kw>
<status status="PASS" starttime="20210422 09:44:48.726" endtime="20210422 09:44:48.727"/>
</kw>
<kw name="Run Keyword If" library="BuiltIn">
<arg>'${os_system}'=='linux'</arg>
<arg>Run Keywords</arg>
<arg>Call Method</arg>
<arg>${chrome_options}</arg>
<arg>add_argument</arg>
<arg>--no-sandbox</arg>
<arg>AND</arg>
<arg>Call Method</arg>
<arg>${chrome_options}</arg>
<arg>add_argument</arg>
<arg>--disable-extensions</arg>
<arg>AND</arg>
<arg>Call Method</arg>
<arg>${chrome_options}</arg>
<arg>add_argument</arg>
<arg>--disable-dev-shm-usage</arg>
<arg>AND</arg>
<arg>Call Method</arg>
<arg>${chrome_options}</arg>
<arg>add_argument</arg>
<arg>--ignore-certificate-errors</arg>
<doc>Runs the given keyword with the given arguments, if ``condition`` is true.</doc>
<status status="PASS" starttime="20210422 09:44:48.727" endtime="20210422 09:44:48.728"/>
</kw>
<kw name="Create Webdriver" library="SeleniumLibrary">
<arg>Chrome</arg>
<arg>chrome_options=${chrome_options}</arg>
<doc>Creates an instance of Selenium WebDriver.</doc>
<msg timestamp="20210422 09:44:48.728" level="INFO">Creating an instance of the Chrome WebDriver.</msg>
<status status="PASS" starttime="20210422 09:44:48.728" endtime="20210422 09:44:50.094"/>
</kw>
<status status="PASS" starttime="20210422 09:44:48.724" endtime="20210422 09:44:50.094"/>
</kw>
<status status="PASS" starttime="20210422 09:44:48.724" endtime="20210422 09:44:50.094"/>
</kw>
<kw name="Set Window Size" library="SeleniumLibrary">
<arg>1920</arg>
<arg>1080</arg>
<doc>Sets current windows size to given ``width`` and ``height``.</doc>
<status status="PASS" starttime="20210422 09:44:50.095" endtime="20210422 09:44:50.201"/>
</kw>
<kw name="Set Screenshot Directory" library="SeleniumLibrary">
<arg>./results/image</arg>
<doc>Sets the directory for captured screenshots.</doc>
<status status="PASS" starttime="20210422 09:44:50.202" endtime="20210422 09:44:50.202"/>
</kw>
<kw name="Go To Home Page" library="Common">
<kw name="Go To" library="SeleniumLibrary">
<arg>${AUT_URL}</arg>
<doc>Navigates the current browser window to the provided ``url``.</doc>
<msg timestamp="20210422 09:44:50.203" level="INFO">Opening url 'https://openweathermap.org'</msg>
<status status="PASS" starttime="20210422 09:44:50.203" endtime="20210422 09:44:57.064"/>
</kw>
<status status="PASS" starttime="20210422 09:44:50.202" endtime="20210422 09:44:57.064"/>
</kw>
<kw name="Create Session" library="RequestsLibrary">
<arg>test-session</arg>
<arg>${API_URL}</arg>
<arg>verify=true</arg>
<doc>Create Session: create a HTTP session to a server</doc>
<msg timestamp="20210422 09:44:57.065" level="INFO">Creating Session using : alias=test-session, url=https://openweathermap.org, headers={},                     cookies={}, auth=None, timeout=None, proxies=None, verify=True,                     debug=0 </msg>
<status status="PASS" starttime="20210422 09:44:57.065" endtime="20210422 09:44:57.066"/>
</kw>
<status status="PASS" starttime="20210422 09:44:48.723" endtime="20210422 09:44:57.066"/>
</kw>
<kw name="Searching Weather">
<arg>Australia</arg>
<kw name="Input City" library="search_page">
<arg>${country}</arg>
<kw name="Wait Until Element Is Not Visible" library="SeleniumLibrary">
<arg>${LOADING_COVER}</arg>
<arg>${TIMED_OUT}</arg>
<doc>Waits until the element ``locator`` is not visible.</doc>
<status status="PASS" starttime="20210422 09:44:57.068" endtime="20210422 09:44:57.078"/>
</kw>
<kw name="Scroll And Click" library="helper_func">
<arg>${SEARCH_FIELD}</arg>
<kw name="Wait Until Element Is Visible" library="SeleniumLibrary">
<arg>${element_clickable}</arg>
<arg>${TIMED_OUT}</arg>
<arg>${element_clickable} not found</arg>
<doc>Waits until the element ``locator`` is visible.</doc>
<status status="PASS" starttime="20210422 09:44:57.079" endtime="20210422 09:44:57.098"/>
</kw>
<kw name="Scroll Element Into View" library="SeleniumLibrary">
<arg>${element_clickable}</arg>
<doc>Scrolls the element identified by ``locator`` into view.</doc>
<status status="PASS" starttime="20210422 09:44:57.099" endtime="20210422 09:44:57.380"/>
</kw>
<kw name="Click Element" library="SeleniumLibrary">
<arg>${element_clickable}</arg>
<doc>Click the element identified by ``locator``.</doc>
<msg timestamp="20210422 09:44:57.381" level="INFO">Clicking element 'xpath://*[@class="search"]//input'.</msg>
<status status="PASS" starttime="20210422 09:44:57.380" endtime="20210422 09:44:57.440"/>
</kw>
<status status="PASS" starttime="20210422 09:44:57.078" endtime="20210422 09:44:57.440"/>
</kw>
<kw name="Wait And Input" library="helper_func">
<arg>${SEARCH_FIELD}</arg>
<arg>${the_city}</arg>
<kw name="Wait Until Element Is Visible" library="SeleniumLibrary">
<arg>${element_input}</arg>
<arg>${TIMED_OUT}</arg>
<arg>${element_input} not found</arg>
<doc>Waits until the element ``locator`` is visible.</doc>
<status status="PASS" starttime="20210422 09:44:57.441" endtime="20210422 09:44:57.457"/>
</kw>
<kw name="Input Text" library="SeleniumLibrary">
<arg>${element_input}</arg>
<arg>${text}</arg>
<doc>Types the given ``text`` into the text field identified by ``locator``.</doc>
<msg timestamp="20210422 09:44:57.457" level="INFO">Typing text 'Australia' into text field 'xpath://*[@class="search"]//input'.</msg>
<status status="PASS" starttime="20210422 09:44:57.457" endtime="20210422 09:44:57.551"/>
</kw>
<status status="PASS" starttime="20210422 09:44:57.440" endtime="20210422 09:44:57.551"/>
</kw>
<status status="PASS" starttime="20210422 09:44:57.067" endtime="20210422 09:44:57.551"/>
</kw>
<kw name="Submit Field" library="search_page">
<kw name="Scroll And Click" library="helper_func">
<arg>${SUBMIT_BTN}</arg>
<kw name="Wait Until Element Is Visible" library="SeleniumLibrary">
<arg>${element_clickable}</arg>
<arg>${TIMED_OUT}</arg>
<arg>${element_clickable} not found</arg>
<doc>Waits until the element ``locator`` is visible.</doc>
<status status="PASS" starttime="20210422 09:44:57.552" endtime="20210422 09:44:57.567"/>
</kw>
<kw name="Scroll Element Into View" library="SeleniumLibrary">
<arg>${element_clickable}</arg>
<doc>Scrolls the element identified by ``locator`` into view.</doc>
<status status="PASS" starttime="20210422 09:44:57.567" endtime="20210422 09:44:57.851"/>
</kw>
<kw name="Click Element" library="SeleniumLibrary">
<arg>${element_clickable}</arg>
<doc>Click the element identified by ``locator``.</doc>
<msg timestamp="20210422 09:44:57.851" level="INFO">Clicking element 'xpath://*[@class="search"]/button'.</msg>
<status status="PASS" starttime="20210422 09:44:57.851" endtime="20210422 09:44:57.885"/>
</kw>
<status status="PASS" starttime="20210422 09:44:57.551" endtime="20210422 09:44:57.886"/>
</kw>
<status status="PASS" starttime="20210422 09:44:57.551" endtime="20210422 09:44:57.886"/>
</kw>
<kw name="Verify Results" library="search_page">
<arg>${country}</arg>
<kw name="Run Keyword And Return Status" library="BuiltIn">
<var>${check_valid}</var>
<arg>Wait Until Element Is Visible</arg>
<arg>${DROPDOWN_MENU}/li</arg>
<arg>3s</arg>
<doc>Runs the given keyword with given arguments and returns the status as a Boolean value.</doc>
<kw name="Wait Until Element Is Visible" library="SeleniumLibrary">
<arg>${DROPDOWN_MENU}/li</arg>
<arg>3s</arg>
<doc>Waits until the element ``locator`` is visible.</doc>
<status status="PASS" starttime="20210422 09:44:57.887" endtime="20210422 09:44:58.546"/>
</kw>
<msg timestamp="20210422 09:44:58.546" level="INFO">${check_valid} = True</msg>
<status status="PASS" starttime="20210422 09:44:57.886" endtime="20210422 09:44:58.546"/>
</kw>
<kw name="Get Element Count" library="SeleniumLibrary">
<var>${count_result}</var>
<arg>${DROPDOWN_MENU}/li</arg>
<doc>Returns the number of elements matching ``locator``.</doc>
<msg timestamp="20210422 09:44:58.552" level="INFO">${count_result} = 1</msg>
<status status="PASS" starttime="20210422 09:44:58.547" endtime="20210422 09:44:58.552"/>
</kw>
<if>
<branch type="IF" condition="'${check_valid}' == 'True'">
<if>
<branch type="IF" condition="${count_result} &gt; 1">
<for flavor="IN RANGE">
<var>${i}</var>
<value>1</value>
<value>${count_result}+1</value>
<iter>
<var name="${i}">${i}</var>
<kw name="Wait And Get Text" library="helper_func">
<var>${result}</var>
<arg>${DROPDOWN_MENU}/li[${i}]/span</arg>
<status status="NOT RUN" starttime="20210422 09:44:58.553" endtime="20210422 09:44:58.553"/>
</kw>
<kw name="Should Contain" library="BuiltIn">
<arg>${result}</arg>
<arg>${the_city}</arg>
<arg>${the_city} not found</arg>
<doc>Fails if ``container`` does not contain ``item`` one or more times.</doc>
<status status="NOT RUN" starttime="20210422 09:44:58.553" endtime="20210422 09:44:58.553"/>
</kw>
<status status="NOT RUN" starttime="20210422 09:44:58.552" endtime="20210422 09:44:58.553"/>
</iter>
<status status="NOT RUN" starttime="20210422 09:44:58.552" endtime="20210422 09:44:58.553"/>
</for>
<status status="NOT RUN" starttime="20210422 09:44:58.552" endtime="20210422 09:44:58.553"/>
</branch>
<branch type="ELSE">
<kw name="Wait And Get Text" library="helper_func">
<var>${result}</var>
<arg>${DROPDOWN_MENU}/li/span</arg>
<kw name="Wait Until Element Is Visible" library="SeleniumLibrary">
<arg>${text_element}</arg>
<arg>${TIMED_OUT}</arg>
<arg>${text_element} not found</arg>
<doc>Waits until the element ``locator`` is visible.</doc>
<status status="PASS" starttime="20210422 09:44:58.553" endtime="20210422 09:44:58.571"/>
</kw>
<kw name="Get Text" library="SeleniumLibrary">
<var>${text}</var>
<arg>${text_element}</arg>
<doc>Returns the text value of the element identified by ``locator``.</doc>
<msg timestamp="20210422 09:44:58.585" level="INFO">${text} = Commonwealth of Australia, AU</msg>
<status status="PASS" starttime="20210422 09:44:58.571" endtime="20210422 09:44:58.585"/>
</kw>
<msg timestamp="20210422 09:44:58.585" level="INFO">${result} = Commonwealth of Australia, AU</msg>
<status status="PASS" starttime="20210422 09:44:58.553" endtime="20210422 09:44:58.585"/>
</kw>
<kw name="Should Contain" library="BuiltIn">
<arg>${result}</arg>
<arg>${the_city}</arg>
<arg>${the_city} not found</arg>
<doc>Fails if ``container`` does not contain ``item`` one or more times.</doc>
<status status="PASS" starttime="20210422 09:44:58.586" endtime="20210422 09:44:58.586"/>
</kw>
<status status="PASS" starttime="20210422 09:44:58.553" endtime="20210422 09:44:58.586"/>
</branch>
<status status="PASS" starttime="20210422 09:44:58.552" endtime="20210422 09:44:58.586"/>
</if>
<status status="PASS" starttime="20210422 09:44:58.552" endtime="20210422 09:44:58.586"/>
</branch>
<branch type="ELSE">
<kw name="Verify No Result" library="search_page">
<status status="NOT RUN" starttime="20210422 09:44:58.586" endtime="20210422 09:44:58.586"/>
</kw>
<status status="NOT RUN" starttime="20210422 09:44:58.586" endtime="20210422 09:44:58.586"/>
</branch>
<status status="PASS" starttime="20210422 09:44:58.552" endtime="20210422 09:44:58.586"/>
</if>
<status status="PASS" starttime="20210422 09:44:57.886" endtime="20210422 09:44:58.586"/>
</kw>
<status status="PASS" starttime="20210422 09:44:57.066" endtime="20210422 09:44:58.587"/>
</kw>
<kw name="End Web Test" library="Common" type="TEARDOWN">
<kw name="Close All Browsers" library="SeleniumLibrary">
<doc>Closes all open browsers and resets the browser cache.</doc>
<status status="PASS" starttime="20210422 09:44:58.587" endtime="20210422 09:44:58.660"/>
</kw>
<status status="PASS" starttime="20210422 09:44:58.587" endtime="20210422 09:44:58.661"/>
</kw>
<status status="PASS" starttime="20210422 09:44:48.723" endtime="20210422 09:44:58.661"/>
</test>
<test id="s1-t5" name="Verify Searching Weather">
<kw name="Begin Web Test" library="Common" type="SETUP">
<kw name="Evaluate" library="BuiltIn">
<var>${system}</var>
<arg>platform.system()</arg>
<arg>platform</arg>
<doc>Evaluates the given expression in Python and returns the result.</doc>
<msg timestamp="20210422 09:44:58.664" level="INFO">${system} = Darwin</msg>
<status status="PASS" starttime="20210422 09:44:58.664" endtime="20210422 09:44:58.664"/>
</kw>
<kw name="Run Keyword If" library="BuiltIn">
<arg>'${BROWSER}'=='Chrome'</arg>
<arg>Open Chrome Browser</arg>
<arg>${system}</arg>
<arg>${HEADLESS}</arg>
<arg>ELSE IF</arg>
<arg>'${BROWSER}'=='Firefox'</arg>
<arg>Open Firefox Browser</arg>
<arg>${system}</arg>
<arg>${HEADLESS}</arg>
<doc>Runs the given keyword with the given arguments, if ``condition`` is true.</doc>
<kw name="Open Chrome Browser" library="Common">
<arg>${system}</arg>
<arg>${HEADLESS}</arg>
<kw name="Evaluate" library="BuiltIn">
<var>${chrome_options}</var>
<arg>sys.modules['selenium.webdriver'].ChromeOptions()</arg>
<arg>sys, selenium.webdriver</arg>
<doc>Evaluates the given expression in Python and returns the result.</doc>
<msg timestamp="20210422 09:44:58.665" level="INFO">${chrome_options} = &lt;selenium.webdriver.chrome.options.Options object at 0x7faa75d41280&gt;</msg>
<status status="PASS" starttime="20210422 09:44:58.665" endtime="20210422 09:44:58.665"/>
</kw>
<kw name="Run Keyword If" library="BuiltIn">
<arg>'${has_headless}'=='True'</arg>
<arg>Call Method</arg>
<arg>${chrome_options}</arg>
<arg>add_argument</arg>
<arg>--headless</arg>
<doc>Runs the given keyword with the given arguments, if ``condition`` is true.</doc>
<kw name="Call Method" library="BuiltIn">
<arg>${chrome_options}</arg>
<arg>add_argument</arg>
<arg>--headless</arg>
<doc>Calls the named method of the given object with the provided arguments.</doc>
<status status="PASS" starttime="20210422 09:44:58.666" endtime="20210422 09:44:58.666"/>
</kw>
<status status="PASS" starttime="20210422 09:44:58.665" endtime="20210422 09:44:58.666"/>
</kw>
<kw name="Run Keyword If" library="BuiltIn">
<arg>'${os_system}'=='Darwin'</arg>
<arg>Run Keywords</arg>
<arg>Call Method</arg>
<arg>${chrome_options}</arg>
<arg>add_argument</arg>
<arg>--no-sandbox</arg>
<arg>AND</arg>
<arg>Call Method</arg>
<arg>${chrome_options}</arg>
<arg>add_argument</arg>
<arg>--ignore-certificate-errors</arg>
<doc>Runs the given keyword with the given arguments, if ``condition`` is true.</doc>
<kw name="Run Keywords" library="BuiltIn">
<arg>Call Method</arg>
<arg>${chrome_options}</arg>
<arg>add_argument</arg>
<arg>--no-sandbox</arg>
<arg>AND</arg>
<arg>Call Method</arg>
<arg>${chrome_options}</arg>
<arg>add_argument</arg>
<arg>--ignore-certificate-errors</arg>
<doc>Executes all the given keywords in a sequence.</doc>
<kw name="Call Method" library="BuiltIn">
<arg>${chrome_options}</arg>
<arg>add_argument</arg>
<arg>--no-sandbox</arg>
<doc>Calls the named method of the given object with the provided arguments.</doc>
<status status="PASS" starttime="20210422 09:44:58.666" endtime="20210422 09:44:58.667"/>
</kw>
<kw name="Call Method" library="BuiltIn">
<arg>${chrome_options}</arg>
<arg>add_argument</arg>
<arg>--ignore-certificate-errors</arg>
<doc>Calls the named method of the given object with the provided arguments.</doc>
<status status="PASS" starttime="20210422 09:44:58.667" endtime="20210422 09:44:58.667"/>
</kw>
<status status="PASS" starttime="20210422 09:44:58.666" endtime="20210422 09:44:58.667"/>
</kw>
<status status="PASS" starttime="20210422 09:44:58.666" endtime="20210422 09:44:58.667"/>
</kw>
<kw name="Run Keyword If" library="BuiltIn">
<arg>'${os_system}'=='linux'</arg>
<arg>Run Keywords</arg>
<arg>Call Method</arg>
<arg>${chrome_options}</arg>
<arg>add_argument</arg>
<arg>--no-sandbox</arg>
<arg>AND</arg>
<arg>Call Method</arg>
<arg>${chrome_options}</arg>
<arg>add_argument</arg>
<arg>--disable-extensions</arg>
<arg>AND</arg>
<arg>Call Method</arg>
<arg>${chrome_options}</arg>
<arg>add_argument</arg>
<arg>--disable-dev-shm-usage</arg>
<arg>AND</arg>
<arg>Call Method</arg>
<arg>${chrome_options}</arg>
<arg>add_argument</arg>
<arg>--ignore-certificate-errors</arg>
<doc>Runs the given keyword with the given arguments, if ``condition`` is true.</doc>
<status status="PASS" starttime="20210422 09:44:58.667" endtime="20210422 09:44:58.667"/>
</kw>
<kw name="Create Webdriver" library="SeleniumLibrary">
<arg>Chrome</arg>
<arg>chrome_options=${chrome_options}</arg>
<doc>Creates an instance of Selenium WebDriver.</doc>
<msg timestamp="20210422 09:44:58.668" level="INFO">Creating an instance of the Chrome WebDriver.</msg>
<status status="PASS" starttime="20210422 09:44:58.667" endtime="20210422 09:45:00.030"/>
</kw>
<status status="PASS" starttime="20210422 09:44:58.664" endtime="20210422 09:45:00.030"/>
</kw>
<status status="PASS" starttime="20210422 09:44:58.664" endtime="20210422 09:45:00.031"/>
</kw>
<kw name="Set Window Size" library="SeleniumLibrary">
<arg>1920</arg>
<arg>1080</arg>
<doc>Sets current windows size to given ``width`` and ``height``.</doc>
<status status="PASS" starttime="20210422 09:45:00.031" endtime="20210422 09:45:00.138"/>
</kw>
<kw name="Set Screenshot Directory" library="SeleniumLibrary">
<arg>./results/image</arg>
<doc>Sets the directory for captured screenshots.</doc>
<status status="PASS" starttime="20210422 09:45:00.139" endtime="20210422 09:45:00.139"/>
</kw>
<kw name="Go To Home Page" library="Common">
<kw name="Go To" library="SeleniumLibrary">
<arg>${AUT_URL}</arg>
<doc>Navigates the current browser window to the provided ``url``.</doc>
<msg timestamp="20210422 09:45:00.140" level="INFO">Opening url 'https://openweathermap.org'</msg>
<status status="PASS" starttime="20210422 09:45:00.140" endtime="20210422 09:45:09.234"/>
</kw>
<status status="PASS" starttime="20210422 09:45:00.139" endtime="20210422 09:45:09.234"/>
</kw>
<kw name="Create Session" library="RequestsLibrary">
<arg>test-session</arg>
<arg>${API_URL}</arg>
<arg>verify=true</arg>
<doc>Create Session: create a HTTP session to a server</doc>
<msg timestamp="20210422 09:45:09.235" level="INFO">Creating Session using : alias=test-session, url=https://openweathermap.org, headers={},                     cookies={}, auth=None, timeout=None, proxies=None, verify=True,                     debug=0 </msg>
<status status="PASS" starttime="20210422 09:45:09.235" endtime="20210422 09:45:09.235"/>
</kw>
<status status="PASS" starttime="20210422 09:44:58.663" endtime="20210422 09:45:09.235"/>
</kw>
<kw name="Searching Weather">
<arg>Thailand</arg>
<kw name="Input City" library="search_page">
<arg>${country}</arg>
<kw name="Wait Until Element Is Not Visible" library="SeleniumLibrary">
<arg>${LOADING_COVER}</arg>
<arg>${TIMED_OUT}</arg>
<doc>Waits until the element ``locator`` is not visible.</doc>
<status status="PASS" starttime="20210422 09:45:09.237" endtime="20210422 09:45:09.247"/>
</kw>
<kw name="Scroll And Click" library="helper_func">
<arg>${SEARCH_FIELD}</arg>
<kw name="Wait Until Element Is Visible" library="SeleniumLibrary">
<arg>${element_clickable}</arg>
<arg>${TIMED_OUT}</arg>
<arg>${element_clickable} not found</arg>
<doc>Waits until the element ``locator`` is visible.</doc>
<status status="PASS" starttime="20210422 09:45:09.247" endtime="20210422 09:45:09.265"/>
</kw>
<kw name="Scroll Element Into View" library="SeleniumLibrary">
<arg>${element_clickable}</arg>
<doc>Scrolls the element identified by ``locator`` into view.</doc>
<status status="PASS" starttime="20210422 09:45:09.265" endtime="20210422 09:45:09.548"/>
</kw>
<kw name="Click Element" library="SeleniumLibrary">
<arg>${element_clickable}</arg>
<doc>Click the element identified by ``locator``.</doc>
<msg timestamp="20210422 09:45:09.549" level="INFO">Clicking element 'xpath://*[@class="search"]//input'.</msg>
<status status="PASS" starttime="20210422 09:45:09.549" endtime="20210422 09:45:09.597"/>
</kw>
<status status="PASS" starttime="20210422 09:45:09.247" endtime="20210422 09:45:09.597"/>
</kw>
<kw name="Wait And Input" library="helper_func">
<arg>${SEARCH_FIELD}</arg>
<arg>${the_city}</arg>
<kw name="Wait Until Element Is Visible" library="SeleniumLibrary">
<arg>${element_input}</arg>
<arg>${TIMED_OUT}</arg>
<arg>${element_input} not found</arg>
<doc>Waits until the element ``locator`` is visible.</doc>
<status status="PASS" starttime="20210422 09:45:09.598" endtime="20210422 09:45:09.612"/>
</kw>
<kw name="Input Text" library="SeleniumLibrary">
<arg>${element_input}</arg>
<arg>${text}</arg>
<doc>Types the given ``text`` into the text field identified by ``locator``.</doc>
<msg timestamp="20210422 09:45:09.612" level="INFO">Typing text 'Thailand' into text field 'xpath://*[@class="search"]//input'.</msg>
<status status="PASS" starttime="20210422 09:45:09.612" endtime="20210422 09:45:09.699"/>
</kw>
<status status="PASS" starttime="20210422 09:45:09.598" endtime="20210422 09:45:09.699"/>
</kw>
<status status="PASS" starttime="20210422 09:45:09.236" endtime="20210422 09:45:09.699"/>
</kw>
<kw name="Submit Field" library="search_page">
<kw name="Scroll And Click" library="helper_func">
<arg>${SUBMIT_BTN}</arg>
<kw name="Wait Until Element Is Visible" library="SeleniumLibrary">
<arg>${element_clickable}</arg>
<arg>${TIMED_OUT}</arg>
<arg>${element_clickable} not found</arg>
<doc>Waits until the element ``locator`` is visible.</doc>
<status status="PASS" starttime="20210422 09:45:09.700" endtime="20210422 09:45:09.714"/>
</kw>
<kw name="Scroll Element Into View" library="SeleniumLibrary">
<arg>${element_clickable}</arg>
<doc>Scrolls the element identified by ``locator`` into view.</doc>
<status status="PASS" starttime="20210422 09:45:09.714" endtime="20210422 09:45:09.999"/>
</kw>
<kw name="Click Element" library="SeleniumLibrary">
<arg>${element_clickable}</arg>
<doc>Click the element identified by ``locator``.</doc>
<msg timestamp="20210422 09:45:10.000" level="INFO">Clicking element 'xpath://*[@class="search"]/button'.</msg>
<status status="PASS" starttime="20210422 09:45:09.999" endtime="20210422 09:45:10.032"/>
</kw>
<status status="PASS" starttime="20210422 09:45:09.700" endtime="20210422 09:45:10.032"/>
</kw>
<status status="PASS" starttime="20210422 09:45:09.699" endtime="20210422 09:45:10.033"/>
</kw>
<kw name="Verify Results" library="search_page">
<arg>${country}</arg>
<kw name="Run Keyword And Return Status" library="BuiltIn">
<var>${check_valid}</var>
<arg>Wait Until Element Is Visible</arg>
<arg>${DROPDOWN_MENU}/li</arg>
<arg>3s</arg>
<doc>Runs the given keyword with given arguments and returns the status as a Boolean value.</doc>
<kw name="Wait Until Element Is Visible" library="SeleniumLibrary">
<arg>${DROPDOWN_MENU}/li</arg>
<arg>3s</arg>
<doc>Waits until the element ``locator`` is visible.</doc>
<status status="PASS" starttime="20210422 09:45:10.033" endtime="20210422 09:45:10.696"/>
</kw>
<msg timestamp="20210422 09:45:10.696" level="INFO">${check_valid} = True</msg>
<status status="PASS" starttime="20210422 09:45:10.033" endtime="20210422 09:45:10.696"/>
</kw>
<kw name="Get Element Count" library="SeleniumLibrary">
<var>${count_result}</var>
<arg>${DROPDOWN_MENU}/li</arg>
<doc>Returns the number of elements matching ``locator``.</doc>
<msg timestamp="20210422 09:45:10.702" level="INFO">${count_result} = 1</msg>
<status status="PASS" starttime="20210422 09:45:10.696" endtime="20210422 09:45:10.702"/>
</kw>
<if>
<branch type="IF" condition="'${check_valid}' == 'True'">
<if>
<branch type="IF" condition="${count_result} &gt; 1">
<for flavor="IN RANGE">
<var>${i}</var>
<value>1</value>
<value>${count_result}+1</value>
<iter>
<var name="${i}">${i}</var>
<kw name="Wait And Get Text" library="helper_func">
<var>${result}</var>
<arg>${DROPDOWN_MENU}/li[${i}]/span</arg>
<status status="NOT RUN" starttime="20210422 09:45:10.702" endtime="20210422 09:45:10.702"/>
</kw>
<kw name="Should Contain" library="BuiltIn">
<arg>${result}</arg>
<arg>${the_city}</arg>
<arg>${the_city} not found</arg>
<doc>Fails if ``container`` does not contain ``item`` one or more times.</doc>
<status status="NOT RUN" starttime="20210422 09:45:10.702" endtime="20210422 09:45:10.702"/>
</kw>
<status status="NOT RUN" starttime="20210422 09:45:10.702" endtime="20210422 09:45:10.702"/>
</iter>
<status status="NOT RUN" starttime="20210422 09:45:10.702" endtime="20210422 09:45:10.703"/>
</for>
<status status="NOT RUN" starttime="20210422 09:45:10.702" endtime="20210422 09:45:10.703"/>
</branch>
<branch type="ELSE">
<kw name="Wait And Get Text" library="helper_func">
<var>${result}</var>
<arg>${DROPDOWN_MENU}/li/span</arg>
<kw name="Wait Until Element Is Visible" library="SeleniumLibrary">
<arg>${text_element}</arg>
<arg>${TIMED_OUT}</arg>
<arg>${text_element} not found</arg>
<doc>Waits until the element ``locator`` is visible.</doc>
<status status="PASS" starttime="20210422 09:45:10.703" endtime="20210422 09:45:10.717"/>
</kw>
<kw name="Get Text" library="SeleniumLibrary">
<var>${text}</var>
<arg>${text_element}</arg>
<doc>Returns the text value of the element identified by ``locator``.</doc>
<msg timestamp="20210422 09:45:10.732" level="INFO">${text} = Kingdom of Thailand, TH</msg>
<status status="PASS" starttime="20210422 09:45:10.718" endtime="20210422 09:45:10.732"/>
</kw>
<msg timestamp="20210422 09:45:10.732" level="INFO">${result} = Kingdom of Thailand, TH</msg>
<status status="PASS" starttime="20210422 09:45:10.703" endtime="20210422 09:45:10.732"/>
</kw>
<kw name="Should Contain" library="BuiltIn">
<arg>${result}</arg>
<arg>${the_city}</arg>
<arg>${the_city} not found</arg>
<doc>Fails if ``container`` does not contain ``item`` one or more times.</doc>
<status status="PASS" starttime="20210422 09:45:10.732" endtime="20210422 09:45:10.732"/>
</kw>
<status status="PASS" starttime="20210422 09:45:10.703" endtime="20210422 09:45:10.732"/>
</branch>
<status status="PASS" starttime="20210422 09:45:10.702" endtime="20210422 09:45:10.732"/>
</if>
<status status="PASS" starttime="20210422 09:45:10.702" endtime="20210422 09:45:10.732"/>
</branch>
<branch type="ELSE">
<kw name="Verify No Result" library="search_page">
<status status="NOT RUN" starttime="20210422 09:45:10.733" endtime="20210422 09:45:10.733"/>
</kw>
<status status="NOT RUN" starttime="20210422 09:45:10.732" endtime="20210422 09:45:10.733"/>
</branch>
<status status="PASS" starttime="20210422 09:45:10.702" endtime="20210422 09:45:10.733"/>
</if>
<status status="PASS" starttime="20210422 09:45:10.033" endtime="20210422 09:45:10.733"/>
</kw>
<status status="PASS" starttime="20210422 09:45:09.236" endtime="20210422 09:45:10.733"/>
</kw>
<kw name="End Web Test" library="Common" type="TEARDOWN">
<kw name="Close All Browsers" library="SeleniumLibrary">
<doc>Closes all open browsers and resets the browser cache.</doc>
<status status="PASS" starttime="20210422 09:45:10.733" endtime="20210422 09:45:10.808"/>
</kw>
<status status="PASS" starttime="20210422 09:45:10.733" endtime="20210422 09:45:10.808"/>
</kw>
<status status="PASS" starttime="20210422 09:44:58.662" endtime="20210422 09:45:10.808"/>
</test>
<test id="s1-t6" name="Verify Searching Weather">
<kw name="Begin Web Test" library="Common" type="SETUP">
<kw name="Evaluate" library="BuiltIn">
<var>${system}</var>
<arg>platform.system()</arg>
<arg>platform</arg>
<doc>Evaluates the given expression in Python and returns the result.</doc>
<msg timestamp="20210422 09:45:10.812" level="INFO">${system} = Darwin</msg>
<status status="PASS" starttime="20210422 09:45:10.811" endtime="20210422 09:45:10.812"/>
</kw>
<kw name="Run Keyword If" library="BuiltIn">
<arg>'${BROWSER}'=='Chrome'</arg>
<arg>Open Chrome Browser</arg>
<arg>${system}</arg>
<arg>${HEADLESS}</arg>
<arg>ELSE IF</arg>
<arg>'${BROWSER}'=='Firefox'</arg>
<arg>Open Firefox Browser</arg>
<arg>${system}</arg>
<arg>${HEADLESS}</arg>
<doc>Runs the given keyword with the given arguments, if ``condition`` is true.</doc>
<kw name="Open Chrome Browser" library="Common">
<arg>${system}</arg>
<arg>${HEADLESS}</arg>
<kw name="Evaluate" library="BuiltIn">
<var>${chrome_options}</var>
<arg>sys.modules['selenium.webdriver'].ChromeOptions()</arg>
<arg>sys, selenium.webdriver</arg>
<doc>Evaluates the given expression in Python and returns the result.</doc>
<msg timestamp="20210422 09:45:10.813" level="INFO">${chrome_options} = &lt;selenium.webdriver.chrome.options.Options object at 0x7faa75d70c40&gt;</msg>
<status status="PASS" starttime="20210422 09:45:10.813" endtime="20210422 09:45:10.813"/>
</kw>
<kw name="Run Keyword If" library="BuiltIn">
<arg>'${has_headless}'=='True'</arg>
<arg>Call Method</arg>
<arg>${chrome_options}</arg>
<arg>add_argument</arg>
<arg>--headless</arg>
<doc>Runs the given keyword with the given arguments, if ``condition`` is true.</doc>
<kw name="Call Method" library="BuiltIn">
<arg>${chrome_options}</arg>
<arg>add_argument</arg>
<arg>--headless</arg>
<doc>Calls the named method of the given object with the provided arguments.</doc>
<status status="PASS" starttime="20210422 09:45:10.813" endtime="20210422 09:45:10.814"/>
</kw>
<status status="PASS" starttime="20210422 09:45:10.813" endtime="20210422 09:45:10.814"/>
</kw>
<kw name="Run Keyword If" library="BuiltIn">
<arg>'${os_system}'=='Darwin'</arg>
<arg>Run Keywords</arg>
<arg>Call Method</arg>
<arg>${chrome_options}</arg>
<arg>add_argument</arg>
<arg>--no-sandbox</arg>
<arg>AND</arg>
<arg>Call Method</arg>
<arg>${chrome_options}</arg>
<arg>add_argument</arg>
<arg>--ignore-certificate-errors</arg>
<doc>Runs the given keyword with the given arguments, if ``condition`` is true.</doc>
<kw name="Run Keywords" library="BuiltIn">
<arg>Call Method</arg>
<arg>${chrome_options}</arg>
<arg>add_argument</arg>
<arg>--no-sandbox</arg>
<arg>AND</arg>
<arg>Call Method</arg>
<arg>${chrome_options}</arg>
<arg>add_argument</arg>
<arg>--ignore-certificate-errors</arg>
<doc>Executes all the given keywords in a sequence.</doc>
<kw name="Call Method" library="BuiltIn">
<arg>${chrome_options}</arg>
<arg>add_argument</arg>
<arg>--no-sandbox</arg>
<doc>Calls the named method of the given object with the provided arguments.</doc>
<status status="PASS" starttime="20210422 09:45:10.814" endtime="20210422 09:45:10.814"/>
</kw>
<kw name="Call Method" library="BuiltIn">
<arg>${chrome_options}</arg>
<arg>add_argument</arg>
<arg>--ignore-certificate-errors</arg>
<doc>Calls the named method of the given object with the provided arguments.</doc>
<status status="PASS" starttime="20210422 09:45:10.815" endtime="20210422 09:45:10.815"/>
</kw>
<status status="PASS" starttime="20210422 09:45:10.814" endtime="20210422 09:45:10.815"/>
</kw>
<status status="PASS" starttime="20210422 09:45:10.814" endtime="20210422 09:45:10.815"/>
</kw>
<kw name="Run Keyword If" library="BuiltIn">
<arg>'${os_system}'=='linux'</arg>
<arg>Run Keywords</arg>
<arg>Call Method</arg>
<arg>${chrome_options}</arg>
<arg>add_argument</arg>
<arg>--no-sandbox</arg>
<arg>AND</arg>
<arg>Call Method</arg>
<arg>${chrome_options}</arg>
<arg>add_argument</arg>
<arg>--disable-extensions</arg>
<arg>AND</arg>
<arg>Call Method</arg>
<arg>${chrome_options}</arg>
<arg>add_argument</arg>
<arg>--disable-dev-shm-usage</arg>
<arg>AND</arg>
<arg>Call Method</arg>
<arg>${chrome_options}</arg>
<arg>add_argument</arg>
<arg>--ignore-certificate-errors</arg>
<doc>Runs the given keyword with the given arguments, if ``condition`` is true.</doc>
<status status="PASS" starttime="20210422 09:45:10.815" endtime="20210422 09:45:10.815"/>
</kw>
<kw name="Create Webdriver" library="SeleniumLibrary">
<arg>Chrome</arg>
<arg>chrome_options=${chrome_options}</arg>
<doc>Creates an instance of Selenium WebDriver.</doc>
<msg timestamp="20210422 09:45:10.816" level="INFO">Creating an instance of the Chrome WebDriver.</msg>
<status status="PASS" starttime="20210422 09:45:10.815" endtime="20210422 09:45:12.102"/>
</kw>
<status status="PASS" starttime="20210422 09:45:10.812" endtime="20210422 09:45:12.103"/>
</kw>
<status status="PASS" starttime="20210422 09:45:10.812" endtime="20210422 09:45:12.103"/>
</kw>
<kw name="Set Window Size" library="SeleniumLibrary">
<arg>1920</arg>
<arg>1080</arg>
<doc>Sets current windows size to given ``width`` and ``height``.</doc>
<status status="PASS" starttime="20210422 09:45:12.103" endtime="20210422 09:45:12.210"/>
</kw>
<kw name="Set Screenshot Directory" library="SeleniumLibrary">
<arg>./results/image</arg>
<doc>Sets the directory for captured screenshots.</doc>
<status status="PASS" starttime="20210422 09:45:12.210" endtime="20210422 09:45:12.211"/>
</kw>
<kw name="Go To Home Page" library="Common">
<kw name="Go To" library="SeleniumLibrary">
<arg>${AUT_URL}</arg>
<doc>Navigates the current browser window to the provided ``url``.</doc>
<msg timestamp="20210422 09:45:12.212" level="INFO">Opening url 'https://openweathermap.org'</msg>
<status status="PASS" starttime="20210422 09:45:12.212" endtime="20210422 09:45:19.029"/>
</kw>
<status status="PASS" starttime="20210422 09:45:12.211" endtime="20210422 09:45:19.029"/>
</kw>
<kw name="Create Session" library="RequestsLibrary">
<arg>test-session</arg>
<arg>${API_URL}</arg>
<arg>verify=true</arg>
<doc>Create Session: create a HTTP session to a server</doc>
<msg timestamp="20210422 09:45:19.030" level="INFO">Creating Session using : alias=test-session, url=https://openweathermap.org, headers={},                     cookies={}, auth=None, timeout=None, proxies=None, verify=True,                     debug=0 </msg>
<status status="PASS" starttime="20210422 09:45:19.029" endtime="20210422 09:45:19.030"/>
</kw>
<status status="PASS" starttime="20210422 09:45:10.811" endtime="20210422 09:45:19.030"/>
</kw>
<kw name="Searching Weather">
<arg>ASDCSDC</arg>
<kw name="Input City" library="search_page">
<arg>${country}</arg>
<kw name="Wait Until Element Is Not Visible" library="SeleniumLibrary">
<arg>${LOADING_COVER}</arg>
<arg>${TIMED_OUT}</arg>
<doc>Waits until the element ``locator`` is not visible.</doc>
<status status="PASS" starttime="20210422 09:45:19.031" endtime="20210422 09:45:19.041"/>
</kw>
<kw name="Scroll And Click" library="helper_func">
<arg>${SEARCH_FIELD}</arg>
<kw name="Wait Until Element Is Visible" library="SeleniumLibrary">
<arg>${element_clickable}</arg>
<arg>${TIMED_OUT}</arg>
<arg>${element_clickable} not found</arg>
<doc>Waits until the element ``locator`` is visible.</doc>
<status status="PASS" starttime="20210422 09:45:19.041" endtime="20210422 09:45:19.059"/>
</kw>
<kw name="Scroll Element Into View" library="SeleniumLibrary">
<arg>${element_clickable}</arg>
<doc>Scrolls the element identified by ``locator`` into view.</doc>
<status status="PASS" starttime="20210422 09:45:19.059" endtime="20210422 09:45:19.328"/>
</kw>
<kw name="Click Element" library="SeleniumLibrary">
<arg>${element_clickable}</arg>
<doc>Click the element identified by ``locator``.</doc>
<msg timestamp="20210422 09:45:19.329" level="INFO">Clicking element 'xpath://*[@class="search"]//input'.</msg>
<status status="PASS" starttime="20210422 09:45:19.328" endtime="20210422 09:45:19.390"/>
</kw>
<status status="PASS" starttime="20210422 09:45:19.041" endtime="20210422 09:45:19.390"/>
</kw>
<kw name="Wait And Input" library="helper_func">
<arg>${SEARCH_FIELD}</arg>
<arg>${the_city}</arg>
<kw name="Wait Until Element Is Visible" library="SeleniumLibrary">
<arg>${element_input}</arg>
<arg>${TIMED_OUT}</arg>
<arg>${element_input} not found</arg>
<doc>Waits until the element ``locator`` is visible.</doc>
<status status="PASS" starttime="20210422 09:45:19.391" endtime="20210422 09:45:19.407"/>
</kw>
<kw name="Input Text" library="SeleniumLibrary">
<arg>${element_input}</arg>
<arg>${text}</arg>
<doc>Types the given ``text`` into the text field identified by ``locator``.</doc>
<msg timestamp="20210422 09:45:19.408" level="INFO">Typing text 'ASDCSDC' into text field 'xpath://*[@class="search"]//input'.</msg>
<status status="PASS" starttime="20210422 09:45:19.407" endtime="20210422 09:45:19.485"/>
</kw>
<status status="PASS" starttime="20210422 09:45:19.390" endtime="20210422 09:45:19.486"/>
</kw>
<status status="PASS" starttime="20210422 09:45:19.031" endtime="20210422 09:45:19.486"/>
</kw>
<kw name="Submit Field" library="search_page">
<kw name="Scroll And Click" library="helper_func">
<arg>${SUBMIT_BTN}</arg>
<kw name="Wait Until Element Is Visible" library="SeleniumLibrary">
<arg>${element_clickable}</arg>
<arg>${TIMED_OUT}</arg>
<arg>${element_clickable} not found</arg>
<doc>Waits until the element ``locator`` is visible.</doc>
<status status="PASS" starttime="20210422 09:45:19.487" endtime="20210422 09:45:19.502"/>
</kw>
<kw name="Scroll Element Into View" library="SeleniumLibrary">
<arg>${element_clickable}</arg>
<doc>Scrolls the element identified by ``locator`` into view.</doc>
<status status="PASS" starttime="20210422 09:45:19.502" endtime="20210422 09:45:19.778"/>
</kw>
<kw name="Click Element" library="SeleniumLibrary">
<arg>${element_clickable}</arg>
<doc>Click the element identified by ``locator``.</doc>
<msg timestamp="20210422 09:45:19.779" level="INFO">Clicking element 'xpath://*[@class="search"]/button'.</msg>
<status status="PASS" starttime="20210422 09:45:19.778" endtime="20210422 09:45:19.836"/>
</kw>
<status status="PASS" starttime="20210422 09:45:19.487" endtime="20210422 09:45:19.836"/>
</kw>
<status status="PASS" starttime="20210422 09:45:19.486" endtime="20210422 09:45:19.836"/>
</kw>
<kw name="Verify Results" library="search_page">
<arg>${country}</arg>
<kw name="Run Keyword And Return Status" library="BuiltIn">
<var>${check_valid}</var>
<arg>Wait Until Element Is Visible</arg>
<arg>${DROPDOWN_MENU}/li</arg>
<arg>3s</arg>
<doc>Runs the given keyword with given arguments and returns the status as a Boolean value.</doc>
<kw name="Wait Until Element Is Visible" library="SeleniumLibrary">
<arg>${DROPDOWN_MENU}/li</arg>
<arg>3s</arg>
<doc>Waits until the element ``locator`` is visible.</doc>
<kw name="Capture Page Screenshot" library="SeleniumLibrary">
<doc>Takes a screenshot of the current page and embeds it into a log file.</doc>
<msg timestamp="20210422 09:45:23.756" level="INFO" html="true">&lt;/td&gt;&lt;/tr&gt;&lt;tr&gt;&lt;td colspan="3"&gt;&lt;a href="image/selenium-screenshot-1.png"&gt;&lt;img src="image/selenium-screenshot-1.png" width="800px"&gt;&lt;/a&gt;</msg>
<status status="PASS" starttime="20210422 09:45:22.842" endtime="20210422 09:45:23.757"/>
</kw>
<msg timestamp="20210422 09:45:23.766" level="FAIL">Element 'xpath://*[@class="search-dropdown-menu"]/li' not visible after 3 seconds.</msg>
<status status="FAIL" starttime="20210422 09:45:19.837" endtime="20210422 09:45:23.766"/>
</kw>
<msg timestamp="20210422 09:45:23.767" level="INFO">${check_valid} = False</msg>
<status status="PASS" starttime="20210422 09:45:19.837" endtime="20210422 09:45:23.767"/>
</kw>
<kw name="Get Element Count" library="SeleniumLibrary">
<var>${count_result}</var>
<arg>${DROPDOWN_MENU}/li</arg>
<doc>Returns the number of elements matching ``locator``.</doc>
<msg timestamp="20210422 09:45:23.774" level="INFO">${count_result} = 0</msg>
<status status="PASS" starttime="20210422 09:45:23.767" endtime="20210422 09:45:23.774"/>
</kw>
<if>
<branch type="IF" condition="'${check_valid}' == 'True'">
<if>
<branch type="IF" condition="${count_result} &gt; 1">
<for flavor="IN RANGE">
<var>${i}</var>
<value>1</value>
<value>${count_result}+1</value>
<iter>
<var name="${i}">${i}</var>
<kw name="Wait And Get Text" library="helper_func">
<var>${result}</var>
<arg>${DROPDOWN_MENU}/li[${i}]/span</arg>
<status status="NOT RUN" starttime="20210422 09:45:23.775" endtime="20210422 09:45:23.775"/>
</kw>
<kw name="Should Contain" library="BuiltIn">
<arg>${result}</arg>
<arg>${the_city}</arg>
<arg>${the_city} not found</arg>
<doc>Fails if ``container`` does not contain ``item`` one or more times.</doc>
<status status="NOT RUN" starttime="20210422 09:45:23.775" endtime="20210422 09:45:23.775"/>
</kw>
<status status="NOT RUN" starttime="20210422 09:45:23.775" endtime="20210422 09:45:23.775"/>
</iter>
<status status="NOT RUN" starttime="20210422 09:45:23.775" endtime="20210422 09:45:23.775"/>
</for>
<status status="NOT RUN" starttime="20210422 09:45:23.775" endtime="20210422 09:45:23.775"/>
</branch>
<branch type="ELSE">
<kw name="Wait And Get Text" library="helper_func">
<var>${result}</var>
<arg>${DROPDOWN_MENU}/li/span</arg>
<status status="NOT RUN" starttime="20210422 09:45:23.776" endtime="20210422 09:45:23.776"/>
</kw>
<kw name="Should Contain" library="BuiltIn">
<arg>${result}</arg>
<arg>${the_city}</arg>
<arg>${the_city} not found</arg>
<doc>Fails if ``container`` does not contain ``item`` one or more times.</doc>
<status status="NOT RUN" starttime="20210422 09:45:23.776" endtime="20210422 09:45:23.776"/>
</kw>
<status status="NOT RUN" starttime="20210422 09:45:23.775" endtime="20210422 09:45:23.776"/>
</branch>
<status status="NOT RUN" starttime="20210422 09:45:23.775" endtime="20210422 09:45:23.776"/>
</if>
<status status="NOT RUN" starttime="20210422 09:45:23.775" endtime="20210422 09:45:23.776"/>
</branch>
<branch type="ELSE">
<kw name="Verify No Result" library="search_page">
<kw name="Wait And Get Text" library="helper_func">
<var>${actual_error_msg}</var>
<arg>${ERROR_MSG_LOC}</arg>
<kw name="Wait Until Element Is Visible" library="SeleniumLibrary">
<arg>${text_element}</arg>
<arg>${TIMED_OUT}</arg>
<arg>${text_element} not found</arg>
<doc>Waits until the element ``locator`` is visible.</doc>
<status status="PASS" starttime="20210422 09:45:23.777" endtime="20210422 09:45:23.792"/>
</kw>
<kw name="Get Text" library="SeleniumLibrary">
<var>${text}</var>
<arg>${text_element}</arg>
<doc>Returns the text value of the element identified by ``locator``.</doc>
<msg timestamp="20210422 09:45:23.805" level="INFO">${text} = Not found. To make search more precise put the city's name, comma, 2-letter country code (ISO3166).</msg>
<status status="PASS" starttime="20210422 09:45:23.792" endtime="20210422 09:45:23.805"/>
</kw>
<msg timestamp="20210422 09:45:23.806" level="INFO">${actual_error_msg} = Not found. To make search more precise put the city's name, comma, 2-letter country code (ISO3166).</msg>
<status status="PASS" starttime="20210422 09:45:23.776" endtime="20210422 09:45:23.806"/>
</kw>
<kw name="Should Be Equal As Strings" library="BuiltIn">
<arg>${actual_error_msg}</arg>
<arg>${ERROR_MSG}</arg>
<arg>${actual_error_msg} message not found</arg>
<doc>Fails if objects are unequal after converting them to strings.</doc>
<status status="PASS" starttime="20210422 09:45:23.806" endtime="20210422 09:45:23.806"/>
</kw>
<status status="PASS" starttime="20210422 09:45:23.776" endtime="20210422 09:45:23.806"/>
</kw>
<status status="PASS" starttime="20210422 09:45:23.776" endtime="20210422 09:45:23.806"/>
</branch>
<status status="PASS" starttime="20210422 09:45:23.774" endtime="20210422 09:45:23.806"/>
</if>
<status status="PASS" starttime="20210422 09:45:19.836" endtime="20210422 09:45:23.806"/>
</kw>
<status status="PASS" starttime="20210422 09:45:19.030" endtime="20210422 09:45:23.807"/>
</kw>
<kw name="End Web Test" library="Common" type="TEARDOWN">
<kw name="Close All Browsers" library="SeleniumLibrary">
<doc>Closes all open browsers and resets the browser cache.</doc>
<status status="PASS" starttime="20210422 09:45:23.807" endtime="20210422 09:45:23.879"/>
</kw>
<status status="PASS" starttime="20210422 09:45:23.807" endtime="20210422 09:45:23.879"/>
</kw>
<status status="PASS" starttime="20210422 09:45:10.810" endtime="20210422 09:45:23.879"/>
</test>
<doc>Test Suites for Searching weather</doc>
<status status="PASS" starttime="20210422 09:44:18.690" endtime="20210422 09:45:23.881"/>
</suite>
<statistics>
<total>
<stat pass="6" fail="0" skip="0">All Tests</stat>
</total>
<tag>
</tag>
<suite>
<stat pass="6" fail="0" skip="0" id="s1" name="Search Weather">Search Weather</stat>
</suite>
</statistics>
<errors>
<msg timestamp="20210422 09:44:29.272" level="WARN">Multiple test cases with name 'Verify Searching Weather' executed in test suite 'Search Weather'.</msg>
<msg timestamp="20210422 09:44:39.376" level="WARN">Multiple test cases with name 'Verify Searching Weather' executed in test suite 'Search Weather'.</msg>
<msg timestamp="20210422 09:44:48.723" level="WARN">Multiple test cases with name 'Verify Searching Weather' executed in test suite 'Search Weather'.</msg>
<msg timestamp="20210422 09:44:58.662" level="WARN">Multiple test cases with name 'Verify Searching Weather' executed in test suite 'Search Weather'.</msg>
<msg timestamp="20210422 09:45:10.810" level="WARN">Multiple test cases with name 'Verify Searching Weather' executed in test suite 'Search Weather'.</msg>
</errors>
</robot>
