<?xml version="1.0" encoding="UTF-8"?>
<robot generator="Rebot 4.0 (Python 3.8.5 on darwin)" generated="20210420 04:48:10.443" rpa="false" schemaversion="2">
<suite id="s1" name="Tests" source="/Users/macbookpro/Desktop/AutomationChallenge/tests">
<suite id="s1-s1" name="DataDrivenTest" source="/Users/macbookpro/Desktop/AutomationChallenge/tests/DataDrivenTest">
<suite id="s1-s1-s1" name="Search Weather" source="/Users/macbookpro/Desktop/AutomationChallenge/tests/DataDrivenTest/search_weather.robot">
<test id="s1-s1-s1-t1" name="Verify Searching Weather">
<kw name="Begin Web Test" library="Common" type="SETUP">
<kw name="Evaluate" library="BuiltIn">
<var>${system}</var>
<arg>platform.system()</arg>
<arg>platform</arg>
<doc>Evaluates the given expression in Python and returns the result.</doc>
<msg timestamp="20210420 04:47:14.822" level="INFO">${system} = Darwin</msg>
<status status="PASS" starttime="20210420 04:47:14.821" endtime="20210420 04:47:14.822"/>
</kw>
<kw name="Run Keyword If" library="BuiltIn">
<arg>'${BROWSER}'=='Chrome'</arg>
<arg>Open Chrome Browser</arg>
<arg>${system}</arg>
<arg>${HEADLESS}</arg>
<arg>ELSE IF</arg>
<arg>'${BROWSER}'=='Firefox'</arg>
<arg>Open Firefox Browser</arg>
<arg>${system}</arg>
<arg>${HEADLESS}</arg>
<doc>Runs the given keyword with the given arguments, if ``condition`` is true.</doc>
<kw name="Open Chrome Browser" library="Common">
<arg>${system}</arg>
<arg>${HEADLESS}</arg>
<kw name="Evaluate" library="BuiltIn">
<var>${chrome_options}</var>
<arg>sys.modules['selenium.webdriver'].ChromeOptions()</arg>
<arg>sys, selenium.webdriver</arg>
<doc>Evaluates the given expression in Python and returns the result.</doc>
<msg timestamp="20210420 04:47:14.823" level="INFO">${chrome_options} = &lt;selenium.webdriver.chrome.options.Options object at 0x7feb62bb2cd0&gt;</msg>
<status status="PASS" starttime="20210420 04:47:14.823" endtime="20210420 04:47:14.823"/>
</kw>
<kw name="Run Keyword If" library="BuiltIn">
<arg>'${has_headless}'=='True'</arg>
<arg>Call Method</arg>
<arg>${chrome_options}</arg>
<arg>add_argument</arg>
<arg>--headless</arg>
<doc>Runs the given keyword with the given arguments, if ``condition`` is true.</doc>
<kw name="Call Method" library="BuiltIn">
<arg>${chrome_options}</arg>
<arg>add_argument</arg>
<arg>--headless</arg>
<doc>Calls the named method of the given object with the provided arguments.</doc>
<status status="PASS" starttime="20210420 04:47:14.823" endtime="20210420 04:47:14.824"/>
</kw>
<status status="PASS" starttime="20210420 04:47:14.823" endtime="20210420 04:47:14.824"/>
</kw>
<kw name="Run Keyword If" library="BuiltIn">
<arg>'${os_system}'=='Darwin'</arg>
<arg>Run Keywords</arg>
<arg>Call Method</arg>
<arg>${chrome_options}</arg>
<arg>add_argument</arg>
<arg>--no-sandbox</arg>
<arg>AND</arg>
<arg>Call Method</arg>
<arg>${chrome_options}</arg>
<arg>add_argument</arg>
<arg>--ignore-certificate-errors</arg>
<doc>Runs the given keyword with the given arguments, if ``condition`` is true.</doc>
<kw name="Run Keywords" library="BuiltIn">
<arg>Call Method</arg>
<arg>${chrome_options}</arg>
<arg>add_argument</arg>
<arg>--no-sandbox</arg>
<arg>AND</arg>
<arg>Call Method</arg>
<arg>${chrome_options}</arg>
<arg>add_argument</arg>
<arg>--ignore-certificate-errors</arg>
<doc>Executes all the given keywords in a sequence.</doc>
<kw name="Call Method" library="BuiltIn">
<arg>${chrome_options}</arg>
<arg>add_argument</arg>
<arg>--no-sandbox</arg>
<doc>Calls the named method of the given object with the provided arguments.</doc>
<status status="PASS" starttime="20210420 04:47:14.825" endtime="20210420 04:47:14.825"/>
</kw>
<kw name="Call Method" library="BuiltIn">
<arg>${chrome_options}</arg>
<arg>add_argument</arg>
<arg>--ignore-certificate-errors</arg>
<doc>Calls the named method of the given object with the provided arguments.</doc>
<status status="PASS" starttime="20210420 04:47:14.825" endtime="20210420 04:47:14.826"/>
</kw>
<status status="PASS" starttime="20210420 04:47:14.825" endtime="20210420 04:47:14.826"/>
</kw>
<status status="PASS" starttime="20210420 04:47:14.824" endtime="20210420 04:47:14.826"/>
</kw>
<kw name="Run Keyword If" library="BuiltIn">
<arg>'${os_system}'=='linux'</arg>
<arg>Run Keywords</arg>
<arg>Call Method</arg>
<arg>${chrome_options}</arg>
<arg>add_argument</arg>
<arg>--no-sandbox</arg>
<arg>AND</arg>
<arg>Call Method</arg>
<arg>${chrome_options}</arg>
<arg>add_argument</arg>
<arg>--disable-extensions</arg>
<arg>AND</arg>
<arg>Call Method</arg>
<arg>${chrome_options}</arg>
<arg>add_argument</arg>
<arg>--disable-dev-shm-usage</arg>
<arg>AND</arg>
<arg>Call Method</arg>
<arg>${chrome_options}</arg>
<arg>add_argument</arg>
<arg>--ignore-certificate-errors</arg>
<doc>Runs the given keyword with the given arguments, if ``condition`` is true.</doc>
<status status="PASS" starttime="20210420 04:47:14.826" endtime="20210420 04:47:14.826"/>
</kw>
<kw name="Create Webdriver" library="SeleniumLibrary">
<arg>Chrome</arg>
<arg>chrome_options=${chrome_options}</arg>
<doc>Creates an instance of Selenium WebDriver.</doc>
<msg timestamp="20210420 04:47:14.827" level="INFO">Creating an instance of the Chrome WebDriver.</msg>
<status status="PASS" starttime="20210420 04:47:14.826" endtime="20210420 04:47:16.236"/>
</kw>
<status status="PASS" starttime="20210420 04:47:14.822" endtime="20210420 04:47:16.236"/>
</kw>
<status status="PASS" starttime="20210420 04:47:14.822" endtime="20210420 04:47:16.236"/>
</kw>
<kw name="Set Window Size" library="SeleniumLibrary">
<arg>1920</arg>
<arg>1080</arg>
<doc>Sets current windows size to given ``width`` and ``height``.</doc>
<status status="PASS" starttime="20210420 04:47:16.237" endtime="20210420 04:47:16.343"/>
</kw>
<kw name="Set Screenshot Directory" library="SeleniumLibrary">
<arg>./results/image</arg>
<doc>Sets the directory for captured screenshots.</doc>
<status status="PASS" starttime="20210420 04:47:16.343" endtime="20210420 04:47:16.344"/>
</kw>
<kw name="Go To Home Page" library="Common">
<kw name="Go To" library="SeleniumLibrary">
<arg>${AUT_URL}</arg>
<doc>Navigates the current browser window to the provided ``url``.</doc>
<msg timestamp="20210420 04:47:16.345" level="INFO">Opening url 'https://openweathermap.org'</msg>
<status status="PASS" starttime="20210420 04:47:16.345" endtime="20210420 04:47:21.737"/>
</kw>
<status status="PASS" starttime="20210420 04:47:16.344" endtime="20210420 04:47:21.737"/>
</kw>
<kw name="Create Session" library="RequestsLibrary">
<arg>test-session</arg>
<arg>${API_URL}</arg>
<arg>verify=true</arg>
<doc>Create Session: create a HTTP session to a server</doc>
<msg timestamp="20210420 04:47:21.739" level="INFO">Creating Session using : alias=test-session, url=https://openweathermap.org, headers={},                     cookies={}, auth=None, timeout=None, proxies=None, verify=True,                     debug=0 </msg>
<status status="PASS" starttime="20210420 04:47:21.738" endtime="20210420 04:47:21.739"/>
</kw>
<status status="PASS" starttime="20210420 04:47:14.821" endtime="20210420 04:47:21.739"/>
</kw>
<kw name="Searching Weather">
<arg>Thanh pho Ho Chi Minh</arg>
<kw name="Input City" library="search_page">
<arg>${country}</arg>
<kw name="Wait Until Element Is Not Visible" library="SeleniumLibrary">
<arg>${LOADING_COVER}</arg>
<arg>${TIMED_OUT}</arg>
<doc>Waits until the element ``locator`` is not visible.</doc>
<status status="PASS" starttime="20210420 04:47:21.741" endtime="20210420 04:47:21.800"/>
</kw>
<kw name="Scroll And Click" library="helper_func">
<arg>${SEARCH_FIELD}</arg>
<kw name="Wait Until Element Is Visible" library="SeleniumLibrary">
<arg>${element_clickable}</arg>
<arg>${TIMED_OUT}</arg>
<arg>${element_clickable} not found</arg>
<doc>Waits until the element ``locator`` is visible.</doc>
<status status="PASS" starttime="20210420 04:47:21.800" endtime="20210420 04:47:21.824"/>
</kw>
<kw name="Scroll Element Into View" library="SeleniumLibrary">
<arg>${element_clickable}</arg>
<doc>Scrolls the element identified by ``locator`` into view.</doc>
<status status="PASS" starttime="20210420 04:47:21.824" endtime="20210420 04:47:22.098"/>
</kw>
<kw name="Click Element" library="SeleniumLibrary">
<arg>${element_clickable}</arg>
<doc>Click the element identified by ``locator``.</doc>
<msg timestamp="20210420 04:47:22.098" level="INFO">Clicking element 'xpath://*[@class="search"]//input'.</msg>
<status status="PASS" starttime="20210420 04:47:22.098" endtime="20210420 04:47:22.162"/>
</kw>
<status status="PASS" starttime="20210420 04:47:21.800" endtime="20210420 04:47:22.162"/>
</kw>
<kw name="Wait And Input" library="helper_func">
<arg>${SEARCH_FIELD}</arg>
<arg>${the_city}</arg>
<kw name="Wait Until Element Is Visible" library="SeleniumLibrary">
<arg>${element_input}</arg>
<arg>${TIMED_OUT}</arg>
<arg>${element_input} not found</arg>
<doc>Waits until the element ``locator`` is visible.</doc>
<status status="PASS" starttime="20210420 04:47:22.163" endtime="20210420 04:47:22.196"/>
</kw>
<kw name="Input Text" library="SeleniumLibrary">
<arg>${element_input}</arg>
<arg>${text}</arg>
<doc>Types the given ``text`` into the text field identified by ``locator``.</doc>
<msg timestamp="20210420 04:47:22.196" level="INFO">Typing text 'Thanh pho Ho Chi Minh' into text field 'xpath://*[@class="search"]//input'.</msg>
<status status="PASS" starttime="20210420 04:47:22.196" endtime="20210420 04:47:22.357"/>
</kw>
<status status="PASS" starttime="20210420 04:47:22.162" endtime="20210420 04:47:22.357"/>
</kw>
<status status="PASS" starttime="20210420 04:47:21.740" endtime="20210420 04:47:22.357"/>
</kw>
<kw name="Submit Field" library="search_page">
<kw name="Scroll And Click" library="helper_func">
<arg>${SUBMIT_BTN}</arg>
<kw name="Wait Until Element Is Visible" library="SeleniumLibrary">
<arg>${element_clickable}</arg>
<arg>${TIMED_OUT}</arg>
<arg>${element_clickable} not found</arg>
<doc>Waits until the element ``locator`` is visible.</doc>
<status status="PASS" starttime="20210420 04:47:22.358" endtime="20210420 04:47:22.421"/>
</kw>
<kw name="Scroll Element Into View" library="SeleniumLibrary">
<arg>${element_clickable}</arg>
<doc>Scrolls the element identified by ``locator`` into view.</doc>
<status status="PASS" starttime="20210420 04:47:22.422" endtime="20210420 04:47:22.716"/>
</kw>
<kw name="Click Element" library="SeleniumLibrary">
<arg>${element_clickable}</arg>
<doc>Click the element identified by ``locator``.</doc>
<msg timestamp="20210420 04:47:22.717" level="INFO">Clicking element 'xpath://*[@class="search"]/button'.</msg>
<status status="PASS" starttime="20210420 04:47:22.716" endtime="20210420 04:47:22.772"/>
</kw>
<status status="PASS" starttime="20210420 04:47:22.358" endtime="20210420 04:47:22.772"/>
</kw>
<status status="PASS" starttime="20210420 04:47:22.357" endtime="20210420 04:47:22.772"/>
</kw>
<kw name="Verify Results" library="search_page">
<arg>${country}</arg>
<kw name="Run Keyword And Return Status" library="BuiltIn">
<var>${check_valid}</var>
<arg>Wait Until Element Is Visible</arg>
<arg>${DROPDOWN_MENU}/li</arg>
<arg>3s</arg>
<doc>Runs the given keyword with given arguments and returns the status as a Boolean value.</doc>
<kw name="Wait Until Element Is Visible" library="SeleniumLibrary">
<arg>${DROPDOWN_MENU}/li</arg>
<arg>3s</arg>
<doc>Waits until the element ``locator`` is visible.</doc>
<status status="PASS" starttime="20210420 04:47:22.773" endtime="20210420 04:47:23.421"/>
</kw>
<msg timestamp="20210420 04:47:23.421" level="INFO">${check_valid} = True</msg>
<status status="PASS" starttime="20210420 04:47:22.773" endtime="20210420 04:47:23.421"/>
</kw>
<kw name="Get Element Count" library="SeleniumLibrary">
<var>${count_result}</var>
<arg>${DROPDOWN_MENU}/li</arg>
<doc>Returns the number of elements matching ``locator``.</doc>
<msg timestamp="20210420 04:47:23.428" level="INFO">${count_result} = 1</msg>
<status status="PASS" starttime="20210420 04:47:23.421" endtime="20210420 04:47:23.428"/>
</kw>
<if>
<branch type="IF" condition="'${check_valid}' == 'True'">
<if>
<branch type="IF" condition="${count_result} &gt; 1">
<for flavor="IN RANGE">
<var>${i}</var>
<value>1</value>
<value>${count_result}+1</value>
<iter>
<var name="${i}">${i}</var>
<kw name="Wait And Get Text" library="helper_func">
<var>${result}</var>
<arg>${DROPDOWN_MENU}/li[${i}]/span</arg>
<status status="NOT RUN" starttime="20210420 04:47:23.429" endtime="20210420 04:47:23.429"/>
</kw>
<kw name="Should Contain" library="BuiltIn">
<arg>${result}</arg>
<arg>${the_city}</arg>
<arg>${the_city} not found</arg>
<doc>Fails if ``container`` does not contain ``item`` one or more times.</doc>
<status status="NOT RUN" starttime="20210420 04:47:23.429" endtime="20210420 04:47:23.429"/>
</kw>
<status status="NOT RUN" starttime="20210420 04:47:23.429" endtime="20210420 04:47:23.429"/>
</iter>
<status status="NOT RUN" starttime="20210420 04:47:23.429" endtime="20210420 04:47:23.429"/>
</for>
<status status="NOT RUN" starttime="20210420 04:47:23.429" endtime="20210420 04:47:23.429"/>
</branch>
<branch type="ELSE">
<kw name="Wait And Get Text" library="helper_func">
<var>${result}</var>
<arg>${DROPDOWN_MENU}/li/span</arg>
<kw name="Wait Until Element Is Visible" library="SeleniumLibrary">
<arg>${text_element}</arg>
<arg>${TIMED_OUT}</arg>
<arg>${text_element} not found</arg>
<doc>Waits until the element ``locator`` is visible.</doc>
<status status="PASS" starttime="20210420 04:47:23.430" endtime="20210420 04:47:23.445"/>
</kw>
<kw name="Get Text" library="SeleniumLibrary">
<var>${text}</var>
<arg>${text_element}</arg>
<doc>Returns the text value of the element identified by ``locator``.</doc>
<msg timestamp="20210420 04:47:23.460" level="INFO">${text} = Thanh pho Ho Chi Minh, VN</msg>
<status status="PASS" starttime="20210420 04:47:23.445" endtime="20210420 04:47:23.460"/>
</kw>
<msg timestamp="20210420 04:47:23.460" level="INFO">${result} = Thanh pho Ho Chi Minh, VN</msg>
<status status="PASS" starttime="20210420 04:47:23.430" endtime="20210420 04:47:23.460"/>
</kw>
<kw name="Should Contain" library="BuiltIn">
<arg>${result}</arg>
<arg>${the_city}</arg>
<arg>${the_city} not found</arg>
<doc>Fails if ``container`` does not contain ``item`` one or more times.</doc>
<status status="PASS" starttime="20210420 04:47:23.460" endtime="20210420 04:47:23.461"/>
</kw>
<status status="PASS" starttime="20210420 04:47:23.430" endtime="20210420 04:47:23.461"/>
</branch>
<status status="PASS" starttime="20210420 04:47:23.429" endtime="20210420 04:47:23.461"/>
</if>
<status status="PASS" starttime="20210420 04:47:23.429" endtime="20210420 04:47:23.461"/>
</branch>
<branch type="ELSE">
<kw name="Verify No Result" library="search_page">
<status status="NOT RUN" starttime="20210420 04:47:23.461" endtime="20210420 04:47:23.461"/>
</kw>
<status status="NOT RUN" starttime="20210420 04:47:23.461" endtime="20210420 04:47:23.461"/>
</branch>
<status status="PASS" starttime="20210420 04:47:23.428" endtime="20210420 04:47:23.461"/>
</if>
<status status="PASS" starttime="20210420 04:47:22.773" endtime="20210420 04:47:23.461"/>
</kw>
<status status="PASS" starttime="20210420 04:47:21.740" endtime="20210420 04:47:23.462"/>
</kw>
<kw name="End Web Test" library="Common" type="TEARDOWN">
<kw name="Close All Browsers" library="SeleniumLibrary">
<doc>Closes all open browsers and resets the browser cache.</doc>
<status status="PASS" starttime="20210420 04:47:23.462" endtime="20210420 04:47:23.540"/>
</kw>
<status status="PASS" starttime="20210420 04:47:23.462" endtime="20210420 04:47:23.541"/>
</kw>
<status status="PASS" starttime="20210420 04:47:14.820" endtime="20210420 04:47:23.541"/>
</test>
<test id="s1-s1-s1-t2" name="Verify Searching Weather">
<kw name="Begin Web Test" library="Common" type="SETUP">
<kw name="Evaluate" library="BuiltIn">
<var>${system}</var>
<arg>platform.system()</arg>
<arg>platform</arg>
<doc>Evaluates the given expression in Python and returns the result.</doc>
<msg timestamp="20210420 04:47:23.544" level="INFO">${system} = Darwin</msg>
<status status="PASS" starttime="20210420 04:47:23.544" endtime="20210420 04:47:23.544"/>
</kw>
<kw name="Run Keyword If" library="BuiltIn">
<arg>'${BROWSER}'=='Chrome'</arg>
<arg>Open Chrome Browser</arg>
<arg>${system}</arg>
<arg>${HEADLESS}</arg>
<arg>ELSE IF</arg>
<arg>'${BROWSER}'=='Firefox'</arg>
<arg>Open Firefox Browser</arg>
<arg>${system}</arg>
<arg>${HEADLESS}</arg>
<doc>Runs the given keyword with the given arguments, if ``condition`` is true.</doc>
<kw name="Open Chrome Browser" library="Common">
<arg>${system}</arg>
<arg>${HEADLESS}</arg>
<kw name="Evaluate" library="BuiltIn">
<var>${chrome_options}</var>
<arg>sys.modules['selenium.webdriver'].ChromeOptions()</arg>
<arg>sys, selenium.webdriver</arg>
<doc>Evaluates the given expression in Python and returns the result.</doc>
<msg timestamp="20210420 04:47:23.546" level="INFO">${chrome_options} = &lt;selenium.webdriver.chrome.options.Options object at 0x7feb62bf4340&gt;</msg>
<status status="PASS" starttime="20210420 04:47:23.545" endtime="20210420 04:47:23.546"/>
</kw>
<kw name="Run Keyword If" library="BuiltIn">
<arg>'${has_headless}'=='True'</arg>
<arg>Call Method</arg>
<arg>${chrome_options}</arg>
<arg>add_argument</arg>
<arg>--headless</arg>
<doc>Runs the given keyword with the given arguments, if ``condition`` is true.</doc>
<kw name="Call Method" library="BuiltIn">
<arg>${chrome_options}</arg>
<arg>add_argument</arg>
<arg>--headless</arg>
<doc>Calls the named method of the given object with the provided arguments.</doc>
<status status="PASS" starttime="20210420 04:47:23.546" endtime="20210420 04:47:23.546"/>
</kw>
<status status="PASS" starttime="20210420 04:47:23.546" endtime="20210420 04:47:23.546"/>
</kw>
<kw name="Run Keyword If" library="BuiltIn">
<arg>'${os_system}'=='Darwin'</arg>
<arg>Run Keywords</arg>
<arg>Call Method</arg>
<arg>${chrome_options}</arg>
<arg>add_argument</arg>
<arg>--no-sandbox</arg>
<arg>AND</arg>
<arg>Call Method</arg>
<arg>${chrome_options}</arg>
<arg>add_argument</arg>
<arg>--ignore-certificate-errors</arg>
<doc>Runs the given keyword with the given arguments, if ``condition`` is true.</doc>
<kw name="Run Keywords" library="BuiltIn">
<arg>Call Method</arg>
<arg>${chrome_options}</arg>
<arg>add_argument</arg>
<arg>--no-sandbox</arg>
<arg>AND</arg>
<arg>Call Method</arg>
<arg>${chrome_options}</arg>
<arg>add_argument</arg>
<arg>--ignore-certificate-errors</arg>
<doc>Executes all the given keywords in a sequence.</doc>
<kw name="Call Method" library="BuiltIn">
<arg>${chrome_options}</arg>
<arg>add_argument</arg>
<arg>--no-sandbox</arg>
<doc>Calls the named method of the given object with the provided arguments.</doc>
<status status="PASS" starttime="20210420 04:47:23.547" endtime="20210420 04:47:23.547"/>
</kw>
<kw name="Call Method" library="BuiltIn">
<arg>${chrome_options}</arg>
<arg>add_argument</arg>
<arg>--ignore-certificate-errors</arg>
<doc>Calls the named method of the given object with the provided arguments.</doc>
<status status="PASS" starttime="20210420 04:47:23.547" endtime="20210420 04:47:23.548"/>
</kw>
<status status="PASS" starttime="20210420 04:47:23.547" endtime="20210420 04:47:23.548"/>
</kw>
<status status="PASS" starttime="20210420 04:47:23.546" endtime="20210420 04:47:23.548"/>
</kw>
<kw name="Run Keyword If" library="BuiltIn">
<arg>'${os_system}'=='linux'</arg>
<arg>Run Keywords</arg>
<arg>Call Method</arg>
<arg>${chrome_options}</arg>
<arg>add_argument</arg>
<arg>--no-sandbox</arg>
<arg>AND</arg>
<arg>Call Method</arg>
<arg>${chrome_options}</arg>
<arg>add_argument</arg>
<arg>--disable-extensions</arg>
<arg>AND</arg>
<arg>Call Method</arg>
<arg>${chrome_options}</arg>
<arg>add_argument</arg>
<arg>--disable-dev-shm-usage</arg>
<arg>AND</arg>
<arg>Call Method</arg>
<arg>${chrome_options}</arg>
<arg>add_argument</arg>
<arg>--ignore-certificate-errors</arg>
<doc>Runs the given keyword with the given arguments, if ``condition`` is true.</doc>
<status status="PASS" starttime="20210420 04:47:23.548" endtime="20210420 04:47:23.548"/>
</kw>
<kw name="Create Webdriver" library="SeleniumLibrary">
<arg>Chrome</arg>
<arg>chrome_options=${chrome_options}</arg>
<doc>Creates an instance of Selenium WebDriver.</doc>
<msg timestamp="20210420 04:47:23.549" level="INFO">Creating an instance of the Chrome WebDriver.</msg>
<status status="PASS" starttime="20210420 04:47:23.548" endtime="20210420 04:47:25.033"/>
</kw>
<status status="PASS" starttime="20210420 04:47:23.545" endtime="20210420 04:47:25.033"/>
</kw>
<status status="PASS" starttime="20210420 04:47:23.544" endtime="20210420 04:47:25.033"/>
</kw>
<kw name="Set Window Size" library="SeleniumLibrary">
<arg>1920</arg>
<arg>1080</arg>
<doc>Sets current windows size to given ``width`` and ``height``.</doc>
<status status="PASS" starttime="20210420 04:47:25.033" endtime="20210420 04:47:25.140"/>
</kw>
<kw name="Set Screenshot Directory" library="SeleniumLibrary">
<arg>./results/image</arg>
<doc>Sets the directory for captured screenshots.</doc>
<status status="PASS" starttime="20210420 04:47:25.140" endtime="20210420 04:47:25.141"/>
</kw>
<kw name="Go To Home Page" library="Common">
<kw name="Go To" library="SeleniumLibrary">
<arg>${AUT_URL}</arg>
<doc>Navigates the current browser window to the provided ``url``.</doc>
<msg timestamp="20210420 04:47:25.142" level="INFO">Opening url 'https://openweathermap.org'</msg>
<status status="PASS" starttime="20210420 04:47:25.142" endtime="20210420 04:47:30.197"/>
</kw>
<status status="PASS" starttime="20210420 04:47:25.141" endtime="20210420 04:47:30.197"/>
</kw>
<kw name="Create Session" library="RequestsLibrary">
<arg>test-session</arg>
<arg>${API_URL}</arg>
<arg>verify=true</arg>
<doc>Create Session: create a HTTP session to a server</doc>
<msg timestamp="20210420 04:47:30.198" level="INFO">Creating Session using : alias=test-session, url=https://openweathermap.org, headers={},                     cookies={}, auth=None, timeout=None, proxies=None, verify=True,                     debug=0 </msg>
<status status="PASS" starttime="20210420 04:47:30.197" endtime="20210420 04:47:30.198"/>
</kw>
<status status="PASS" starttime="20210420 04:47:23.543" endtime="20210420 04:47:30.198"/>
</kw>
<kw name="Searching Weather">
<arg>London</arg>
<kw name="Input City" library="search_page">
<arg>${country}</arg>
<kw name="Wait Until Element Is Not Visible" library="SeleniumLibrary">
<arg>${LOADING_COVER}</arg>
<arg>${TIMED_OUT}</arg>
<doc>Waits until the element ``locator`` is not visible.</doc>
<status status="PASS" starttime="20210420 04:47:30.199" endtime="20210420 04:47:30.216"/>
</kw>
<kw name="Scroll And Click" library="helper_func">
<arg>${SEARCH_FIELD}</arg>
<kw name="Wait Until Element Is Visible" library="SeleniumLibrary">
<arg>${element_clickable}</arg>
<arg>${TIMED_OUT}</arg>
<arg>${element_clickable} not found</arg>
<doc>Waits until the element ``locator`` is visible.</doc>
<status status="PASS" starttime="20210420 04:47:30.217" endtime="20210420 04:47:30.241"/>
</kw>
<kw name="Scroll Element Into View" library="SeleniumLibrary">
<arg>${element_clickable}</arg>
<doc>Scrolls the element identified by ``locator`` into view.</doc>
<status status="PASS" starttime="20210420 04:47:30.242" endtime="20210420 04:47:30.552"/>
</kw>
<kw name="Click Element" library="SeleniumLibrary">
<arg>${element_clickable}</arg>
<doc>Click the element identified by ``locator``.</doc>
<msg timestamp="20210420 04:47:30.553" level="INFO">Clicking element 'xpath://*[@class="search"]//input'.</msg>
<status status="PASS" starttime="20210420 04:47:30.552" endtime="20210420 04:47:30.645"/>
</kw>
<status status="PASS" starttime="20210420 04:47:30.216" endtime="20210420 04:47:30.645"/>
</kw>
<kw name="Wait And Input" library="helper_func">
<arg>${SEARCH_FIELD}</arg>
<arg>${the_city}</arg>
<kw name="Wait Until Element Is Visible" library="SeleniumLibrary">
<arg>${element_input}</arg>
<arg>${TIMED_OUT}</arg>
<arg>${element_input} not found</arg>
<doc>Waits until the element ``locator`` is visible.</doc>
<status status="PASS" starttime="20210420 04:47:30.646" endtime="20210420 04:47:30.664"/>
</kw>
<kw name="Input Text" library="SeleniumLibrary">
<arg>${element_input}</arg>
<arg>${text}</arg>
<doc>Types the given ``text`` into the text field identified by ``locator``.</doc>
<msg timestamp="20210420 04:47:30.664" level="INFO">Typing text 'London' into text field 'xpath://*[@class="search"]//input'.</msg>
<status status="PASS" starttime="20210420 04:47:30.664" endtime="20210420 04:47:30.820"/>
</kw>
<status status="PASS" starttime="20210420 04:47:30.645" endtime="20210420 04:47:30.820"/>
</kw>
<status status="PASS" starttime="20210420 04:47:30.199" endtime="20210420 04:47:30.820"/>
</kw>
<kw name="Submit Field" library="search_page">
<kw name="Scroll And Click" library="helper_func">
<arg>${SUBMIT_BTN}</arg>
<kw name="Wait Until Element Is Visible" library="SeleniumLibrary">
<arg>${element_clickable}</arg>
<arg>${TIMED_OUT}</arg>
<arg>${element_clickable} not found</arg>
<doc>Waits until the element ``locator`` is visible.</doc>
<status status="PASS" starttime="20210420 04:47:30.821" endtime="20210420 04:47:30.881"/>
</kw>
<kw name="Scroll Element Into View" library="SeleniumLibrary">
<arg>${element_clickable}</arg>
<doc>Scrolls the element identified by ``locator`` into view.</doc>
<status status="PASS" starttime="20210420 04:47:30.881" endtime="20210420 04:47:31.151"/>
</kw>
<kw name="Click Element" library="SeleniumLibrary">
<arg>${element_clickable}</arg>
<doc>Click the element identified by ``locator``.</doc>
<msg timestamp="20210420 04:47:31.152" level="INFO">Clicking element 'xpath://*[@class="search"]/button'.</msg>
<status status="PASS" starttime="20210420 04:47:31.152" endtime="20210420 04:47:31.189"/>
</kw>
<status status="PASS" starttime="20210420 04:47:30.821" endtime="20210420 04:47:31.189"/>
</kw>
<status status="PASS" starttime="20210420 04:47:30.821" endtime="20210420 04:47:31.190"/>
</kw>
<kw name="Verify Results" library="search_page">
<arg>${country}</arg>
<kw name="Run Keyword And Return Status" library="BuiltIn">
<var>${check_valid}</var>
<arg>Wait Until Element Is Visible</arg>
<arg>${DROPDOWN_MENU}/li</arg>
<arg>3s</arg>
<doc>Runs the given keyword with given arguments and returns the status as a Boolean value.</doc>
<kw name="Wait Until Element Is Visible" library="SeleniumLibrary">
<arg>${DROPDOWN_MENU}/li</arg>
<arg>3s</arg>
<doc>Waits until the element ``locator`` is visible.</doc>
<status status="PASS" starttime="20210420 04:47:31.190" endtime="20210420 04:47:31.866"/>
</kw>
<msg timestamp="20210420 04:47:31.866" level="INFO">${check_valid} = True</msg>
<status status="PASS" starttime="20210420 04:47:31.190" endtime="20210420 04:47:31.866"/>
</kw>
<kw name="Get Element Count" library="SeleniumLibrary">
<var>${count_result}</var>
<arg>${DROPDOWN_MENU}/li</arg>
<doc>Returns the number of elements matching ``locator``.</doc>
<msg timestamp="20210420 04:47:31.872" level="INFO">${count_result} = 5</msg>
<status status="PASS" starttime="20210420 04:47:31.866" endtime="20210420 04:47:31.873"/>
</kw>
<if>
<branch type="IF" condition="'${check_valid}' == 'True'">
<if>
<branch type="IF" condition="${count_result} &gt; 1">
<for flavor="IN RANGE">
<var>${i}</var>
<value>1</value>
<value>${count_result}+1</value>
<iter>
<var name="${i}">1</var>
<kw name="Wait And Get Text" library="helper_func">
<var>${result}</var>
<arg>${DROPDOWN_MENU}/li[${i}]/span</arg>
<kw name="Wait Until Element Is Visible" library="SeleniumLibrary">
<arg>${text_element}</arg>
<arg>${TIMED_OUT}</arg>
<arg>${text_element} not found</arg>
<doc>Waits until the element ``locator`` is visible.</doc>
<status status="PASS" starttime="20210420 04:47:31.874" endtime="20210420 04:47:31.892"/>
</kw>
<kw name="Get Text" library="SeleniumLibrary">
<var>${text}</var>
<arg>${text_element}</arg>
<doc>Returns the text value of the element identified by ``locator``.</doc>
<msg timestamp="20210420 04:47:31.913" level="INFO">${text} = London, GB</msg>
<status status="PASS" starttime="20210420 04:47:31.892" endtime="20210420 04:47:31.913"/>
</kw>
<msg timestamp="20210420 04:47:31.914" level="INFO">${result} = London, GB</msg>
<status status="PASS" starttime="20210420 04:47:31.873" endtime="20210420 04:47:31.914"/>
</kw>
<kw name="Should Contain" library="BuiltIn">
<arg>${result}</arg>
<arg>${the_city}</arg>
<arg>${the_city} not found</arg>
<doc>Fails if ``container`` does not contain ``item`` one or more times.</doc>
<status status="PASS" starttime="20210420 04:47:31.914" endtime="20210420 04:47:31.915"/>
</kw>
<status status="PASS" starttime="20210420 04:47:31.873" endtime="20210420 04:47:31.915"/>
</iter>
<iter>
<var name="${i}">2</var>
<kw name="Wait And Get Text" library="helper_func">
<var>${result}</var>
<arg>${DROPDOWN_MENU}/li[${i}]/span</arg>
<kw name="Wait Until Element Is Visible" library="SeleniumLibrary">
<arg>${text_element}</arg>
<arg>${TIMED_OUT}</arg>
<arg>${text_element} not found</arg>
<doc>Waits until the element ``locator`` is visible.</doc>
<status status="PASS" starttime="20210420 04:47:31.916" endtime="20210420 04:47:31.933"/>
</kw>
<kw name="Get Text" library="SeleniumLibrary">
<var>${text}</var>
<arg>${text_element}</arg>
<doc>Returns the text value of the element identified by ``locator``.</doc>
<msg timestamp="20210420 04:47:31.953" level="INFO">${text} = London, CA</msg>
<status status="PASS" starttime="20210420 04:47:31.933" endtime="20210420 04:47:31.953"/>
</kw>
<msg timestamp="20210420 04:47:31.954" level="INFO">${result} = London, CA</msg>
<status status="PASS" starttime="20210420 04:47:31.915" endtime="20210420 04:47:31.954"/>
</kw>
<kw name="Should Contain" library="BuiltIn">
<arg>${result}</arg>
<arg>${the_city}</arg>
<arg>${the_city} not found</arg>
<doc>Fails if ``container`` does not contain ``item`` one or more times.</doc>
<status status="PASS" starttime="20210420 04:47:31.954" endtime="20210420 04:47:31.954"/>
</kw>
<status status="PASS" starttime="20210420 04:47:31.915" endtime="20210420 04:47:31.954"/>
</iter>
<iter>
<var name="${i}">3</var>
<kw name="Wait And Get Text" library="helper_func">
<var>${result}</var>
<arg>${DROPDOWN_MENU}/li[${i}]/span</arg>
<kw name="Wait Until Element Is Visible" library="SeleniumLibrary">
<arg>${text_element}</arg>
<arg>${TIMED_OUT}</arg>
<arg>${text_element} not found</arg>
<doc>Waits until the element ``locator`` is visible.</doc>
<status status="PASS" starttime="20210420 04:47:31.955" endtime="20210420 04:47:31.972"/>
</kw>
<kw name="Get Text" library="SeleniumLibrary">
<var>${text}</var>
<arg>${text_element}</arg>
<doc>Returns the text value of the element identified by ``locator``.</doc>
<msg timestamp="20210420 04:47:31.988" level="INFO">${text} = London, US</msg>
<status status="PASS" starttime="20210420 04:47:31.972" endtime="20210420 04:47:31.989"/>
</kw>
<msg timestamp="20210420 04:47:31.989" level="INFO">${result} = London, US</msg>
<status status="PASS" starttime="20210420 04:47:31.954" endtime="20210420 04:47:31.989"/>
</kw>
<kw name="Should Contain" library="BuiltIn">
<arg>${result}</arg>
<arg>${the_city}</arg>
<arg>${the_city} not found</arg>
<doc>Fails if ``container`` does not contain ``item`` one or more times.</doc>
<status status="PASS" starttime="20210420 04:47:31.989" endtime="20210420 04:47:31.989"/>
</kw>
<status status="PASS" starttime="20210420 04:47:31.954" endtime="20210420 04:47:31.989"/>
</iter>
<iter>
<var name="${i}">4</var>
<kw name="Wait And Get Text" library="helper_func">
<var>${result}</var>
<arg>${DROPDOWN_MENU}/li[${i}]/span</arg>
<kw name="Wait Until Element Is Visible" library="SeleniumLibrary">
<arg>${text_element}</arg>
<arg>${TIMED_OUT}</arg>
<arg>${text_element} not found</arg>
<doc>Waits until the element ``locator`` is visible.</doc>
<status status="PASS" starttime="20210420 04:47:31.990" endtime="20210420 04:47:32.008"/>
</kw>
<kw name="Get Text" library="SeleniumLibrary">
<var>${text}</var>
<arg>${text_element}</arg>
<doc>Returns the text value of the element identified by ``locator``.</doc>
<msg timestamp="20210420 04:47:32.028" level="INFO">${text} = London, US</msg>
<status status="PASS" starttime="20210420 04:47:32.008" endtime="20210420 04:47:32.028"/>
</kw>
<msg timestamp="20210420 04:47:32.029" level="INFO">${result} = London, US</msg>
<status status="PASS" starttime="20210420 04:47:31.990" endtime="20210420 04:47:32.029"/>
</kw>
<kw name="Should Contain" library="BuiltIn">
<arg>${result}</arg>
<arg>${the_city}</arg>
<arg>${the_city} not found</arg>
<doc>Fails if ``container`` does not contain ``item`` one or more times.</doc>
<status status="PASS" starttime="20210420 04:47:32.029" endtime="20210420 04:47:32.029"/>
</kw>
<status status="PASS" starttime="20210420 04:47:31.989" endtime="20210420 04:47:32.029"/>
</iter>
<iter>
<var name="${i}">5</var>
<kw name="Wait And Get Text" library="helper_func">
<var>${result}</var>
<arg>${DROPDOWN_MENU}/li[${i}]/span</arg>
<kw name="Wait Until Element Is Visible" library="SeleniumLibrary">
<arg>${text_element}</arg>
<arg>${TIMED_OUT}</arg>
<arg>${text_element} not found</arg>
<doc>Waits until the element ``locator`` is visible.</doc>
<status status="PASS" starttime="20210420 04:47:32.030" endtime="20210420 04:47:32.046"/>
</kw>
<kw name="Get Text" library="SeleniumLibrary">
<var>${text}</var>
<arg>${text_element}</arg>
<doc>Returns the text value of the element identified by ``locator``.</doc>
<msg timestamp="20210420 04:47:32.062" level="INFO">${text} = London, US</msg>
<status status="PASS" starttime="20210420 04:47:32.046" endtime="20210420 04:47:32.062"/>
</kw>
<msg timestamp="20210420 04:47:32.062" level="INFO">${result} = London, US</msg>
<status status="PASS" starttime="20210420 04:47:32.030" endtime="20210420 04:47:32.062"/>
</kw>
<kw name="Should Contain" library="BuiltIn">
<arg>${result}</arg>
<arg>${the_city}</arg>
<arg>${the_city} not found</arg>
<doc>Fails if ``container`` does not contain ``item`` one or more times.</doc>
<status status="PASS" starttime="20210420 04:47:32.062" endtime="20210420 04:47:32.063"/>
</kw>
<status status="PASS" starttime="20210420 04:47:32.029" endtime="20210420 04:47:32.063"/>
</iter>
<status status="PASS" starttime="20210420 04:47:31.873" endtime="20210420 04:47:32.063"/>
</for>
<status status="PASS" starttime="20210420 04:47:31.873" endtime="20210420 04:47:32.063"/>
</branch>
<branch type="ELSE">
<kw name="Wait And Get Text" library="helper_func">
<var>${result}</var>
<arg>${DROPDOWN_MENU}/li/span</arg>
<status status="NOT RUN" starttime="20210420 04:47:32.063" endtime="20210420 04:47:32.063"/>
</kw>
<kw name="Should Contain" library="BuiltIn">
<arg>${result}</arg>
<arg>${the_city}</arg>
<arg>${the_city} not found</arg>
<doc>Fails if ``container`` does not contain ``item`` one or more times.</doc>
<status status="NOT RUN" starttime="20210420 04:47:32.063" endtime="20210420 04:47:32.063"/>
</kw>
<status status="NOT RUN" starttime="20210420 04:47:32.063" endtime="20210420 04:47:32.063"/>
</branch>
<status status="PASS" starttime="20210420 04:47:31.873" endtime="20210420 04:47:32.064"/>
</if>
<status status="PASS" starttime="20210420 04:47:31.873" endtime="20210420 04:47:32.064"/>
</branch>
<branch type="ELSE">
<kw name="Verify No Result" library="search_page">
<status status="NOT RUN" starttime="20210420 04:47:32.064" endtime="20210420 04:47:32.064"/>
</kw>
<status status="NOT RUN" starttime="20210420 04:47:32.064" endtime="20210420 04:47:32.064"/>
</branch>
<status status="PASS" starttime="20210420 04:47:31.873" endtime="20210420 04:47:32.064"/>
</if>
<status status="PASS" starttime="20210420 04:47:31.190" endtime="20210420 04:47:32.064"/>
</kw>
<status status="PASS" starttime="20210420 04:47:30.198" endtime="20210420 04:47:32.064"/>
</kw>
<kw name="End Web Test" library="Common" type="TEARDOWN">
<kw name="Close All Browsers" library="SeleniumLibrary">
<doc>Closes all open browsers and resets the browser cache.</doc>
<status status="PASS" starttime="20210420 04:47:32.065" endtime="20210420 04:47:32.147"/>
</kw>
<status status="PASS" starttime="20210420 04:47:32.064" endtime="20210420 04:47:32.148"/>
</kw>
<status status="PASS" starttime="20210420 04:47:23.542" endtime="20210420 04:47:32.148"/>
</test>
<test id="s1-s1-s1-t3" name="Verify Searching Weather">
<kw name="Begin Web Test" library="Common" type="SETUP">
<kw name="Evaluate" library="BuiltIn">
<var>${system}</var>
<arg>platform.system()</arg>
<arg>platform</arg>
<doc>Evaluates the given expression in Python and returns the result.</doc>
<msg timestamp="20210420 04:47:32.152" level="INFO">${system} = Darwin</msg>
<status status="PASS" starttime="20210420 04:47:32.151" endtime="20210420 04:47:32.152"/>
</kw>
<kw name="Run Keyword If" library="BuiltIn">
<arg>'${BROWSER}'=='Chrome'</arg>
<arg>Open Chrome Browser</arg>
<arg>${system}</arg>
<arg>${HEADLESS}</arg>
<arg>ELSE IF</arg>
<arg>'${BROWSER}'=='Firefox'</arg>
<arg>Open Firefox Browser</arg>
<arg>${system}</arg>
<arg>${HEADLESS}</arg>
<doc>Runs the given keyword with the given arguments, if ``condition`` is true.</doc>
<kw name="Open Chrome Browser" library="Common">
<arg>${system}</arg>
<arg>${HEADLESS}</arg>
<kw name="Evaluate" library="BuiltIn">
<var>${chrome_options}</var>
<arg>sys.modules['selenium.webdriver'].ChromeOptions()</arg>
<arg>sys, selenium.webdriver</arg>
<doc>Evaluates the given expression in Python and returns the result.</doc>
<msg timestamp="20210420 04:47:32.155" level="INFO">${chrome_options} = &lt;selenium.webdriver.chrome.options.Options object at 0x7feb62c1b190&gt;</msg>
<status status="PASS" starttime="20210420 04:47:32.154" endtime="20210420 04:47:32.155"/>
</kw>
<kw name="Run Keyword If" library="BuiltIn">
<arg>'${has_headless}'=='True'</arg>
<arg>Call Method</arg>
<arg>${chrome_options}</arg>
<arg>add_argument</arg>
<arg>--headless</arg>
<doc>Runs the given keyword with the given arguments, if ``condition`` is true.</doc>
<kw name="Call Method" library="BuiltIn">
<arg>${chrome_options}</arg>
<arg>add_argument</arg>
<arg>--headless</arg>
<doc>Calls the named method of the given object with the provided arguments.</doc>
<status status="PASS" starttime="20210420 04:47:32.156" endtime="20210420 04:47:32.156"/>
</kw>
<status status="PASS" starttime="20210420 04:47:32.155" endtime="20210420 04:47:32.156"/>
</kw>
<kw name="Run Keyword If" library="BuiltIn">
<arg>'${os_system}'=='Darwin'</arg>
<arg>Run Keywords</arg>
<arg>Call Method</arg>
<arg>${chrome_options}</arg>
<arg>add_argument</arg>
<arg>--no-sandbox</arg>
<arg>AND</arg>
<arg>Call Method</arg>
<arg>${chrome_options}</arg>
<arg>add_argument</arg>
<arg>--ignore-certificate-errors</arg>
<doc>Runs the given keyword with the given arguments, if ``condition`` is true.</doc>
<kw name="Run Keywords" library="BuiltIn">
<arg>Call Method</arg>
<arg>${chrome_options}</arg>
<arg>add_argument</arg>
<arg>--no-sandbox</arg>
<arg>AND</arg>
<arg>Call Method</arg>
<arg>${chrome_options}</arg>
<arg>add_argument</arg>
<arg>--ignore-certificate-errors</arg>
<doc>Executes all the given keywords in a sequence.</doc>
<kw name="Call Method" library="BuiltIn">
<arg>${chrome_options}</arg>
<arg>add_argument</arg>
<arg>--no-sandbox</arg>
<doc>Calls the named method of the given object with the provided arguments.</doc>
<status status="PASS" starttime="20210420 04:47:32.157" endtime="20210420 04:47:32.158"/>
</kw>
<kw name="Call Method" library="BuiltIn">
<arg>${chrome_options}</arg>
<arg>add_argument</arg>
<arg>--ignore-certificate-errors</arg>
<doc>Calls the named method of the given object with the provided arguments.</doc>
<status status="PASS" starttime="20210420 04:47:32.158" endtime="20210420 04:47:32.158"/>
</kw>
<status status="PASS" starttime="20210420 04:47:32.157" endtime="20210420 04:47:32.158"/>
</kw>
<status status="PASS" starttime="20210420 04:47:32.156" endtime="20210420 04:47:32.158"/>
</kw>
<kw name="Run Keyword If" library="BuiltIn">
<arg>'${os_system}'=='linux'</arg>
<arg>Run Keywords</arg>
<arg>Call Method</arg>
<arg>${chrome_options}</arg>
<arg>add_argument</arg>
<arg>--no-sandbox</arg>
<arg>AND</arg>
<arg>Call Method</arg>
<arg>${chrome_options}</arg>
<arg>add_argument</arg>
<arg>--disable-extensions</arg>
<arg>AND</arg>
<arg>Call Method</arg>
<arg>${chrome_options}</arg>
<arg>add_argument</arg>
<arg>--disable-dev-shm-usage</arg>
<arg>AND</arg>
<arg>Call Method</arg>
<arg>${chrome_options}</arg>
<arg>add_argument</arg>
<arg>--ignore-certificate-errors</arg>
<doc>Runs the given keyword with the given arguments, if ``condition`` is true.</doc>
<status status="PASS" starttime="20210420 04:47:32.158" endtime="20210420 04:47:32.159"/>
</kw>
<kw name="Create Webdriver" library="SeleniumLibrary">
<arg>Chrome</arg>
<arg>chrome_options=${chrome_options}</arg>
<doc>Creates an instance of Selenium WebDriver.</doc>
<msg timestamp="20210420 04:47:32.159" level="INFO">Creating an instance of the Chrome WebDriver.</msg>
<status status="PASS" starttime="20210420 04:47:32.159" endtime="20210420 04:47:33.504"/>
</kw>
<status status="PASS" starttime="20210420 04:47:32.153" endtime="20210420 04:47:33.504"/>
</kw>
<status status="PASS" starttime="20210420 04:47:32.153" endtime="20210420 04:47:33.504"/>
</kw>
<kw name="Set Window Size" library="SeleniumLibrary">
<arg>1920</arg>
<arg>1080</arg>
<doc>Sets current windows size to given ``width`` and ``height``.</doc>
<status status="PASS" starttime="20210420 04:47:33.505" endtime="20210420 04:47:33.611"/>
</kw>
<kw name="Set Screenshot Directory" library="SeleniumLibrary">
<arg>./results/image</arg>
<doc>Sets the directory for captured screenshots.</doc>
<status status="PASS" starttime="20210420 04:47:33.611" endtime="20210420 04:47:33.612"/>
</kw>
<kw name="Go To Home Page" library="Common">
<kw name="Go To" library="SeleniumLibrary">
<arg>${AUT_URL}</arg>
<doc>Navigates the current browser window to the provided ``url``.</doc>
<msg timestamp="20210420 04:47:33.613" level="INFO">Opening url 'https://openweathermap.org'</msg>
<status status="PASS" starttime="20210420 04:47:33.612" endtime="20210420 04:47:38.814"/>
</kw>
<status status="PASS" starttime="20210420 04:47:33.612" endtime="20210420 04:47:38.815"/>
</kw>
<kw name="Create Session" library="RequestsLibrary">
<arg>test-session</arg>
<arg>${API_URL}</arg>
<arg>verify=true</arg>
<doc>Create Session: create a HTTP session to a server</doc>
<msg timestamp="20210420 04:47:38.819" level="INFO">Creating Session using : alias=test-session, url=https://openweathermap.org, headers={},                     cookies={}, auth=None, timeout=None, proxies=None, verify=True,                     debug=0 </msg>
<status status="PASS" starttime="20210420 04:47:38.816" endtime="20210420 04:47:38.820"/>
</kw>
<status status="PASS" starttime="20210420 04:47:32.150" endtime="20210420 04:47:38.820"/>
</kw>
<kw name="Searching Weather">
<arg>Germany</arg>
<kw name="Input City" library="search_page">
<arg>${country}</arg>
<kw name="Wait Until Element Is Not Visible" library="SeleniumLibrary">
<arg>${LOADING_COVER}</arg>
<arg>${TIMED_OUT}</arg>
<doc>Waits until the element ``locator`` is not visible.</doc>
<status status="PASS" starttime="20210420 04:47:38.822" endtime="20210420 04:47:38.832"/>
</kw>
<kw name="Scroll And Click" library="helper_func">
<arg>${SEARCH_FIELD}</arg>
<kw name="Wait Until Element Is Visible" library="SeleniumLibrary">
<arg>${element_clickable}</arg>
<arg>${TIMED_OUT}</arg>
<arg>${element_clickable} not found</arg>
<doc>Waits until the element ``locator`` is visible.</doc>
<status status="PASS" starttime="20210420 04:47:38.833" endtime="20210420 04:47:38.853"/>
</kw>
<kw name="Scroll Element Into View" library="SeleniumLibrary">
<arg>${element_clickable}</arg>
<doc>Scrolls the element identified by ``locator`` into view.</doc>
<status status="PASS" starttime="20210420 04:47:38.853" endtime="20210420 04:47:39.130"/>
</kw>
<kw name="Click Element" library="SeleniumLibrary">
<arg>${element_clickable}</arg>
<doc>Click the element identified by ``locator``.</doc>
<msg timestamp="20210420 04:47:39.131" level="INFO">Clicking element 'xpath://*[@class="search"]//input'.</msg>
<status status="PASS" starttime="20210420 04:47:39.130" endtime="20210420 04:47:39.202"/>
</kw>
<status status="PASS" starttime="20210420 04:47:38.832" endtime="20210420 04:47:39.202"/>
</kw>
<kw name="Wait And Input" library="helper_func">
<arg>${SEARCH_FIELD}</arg>
<arg>${the_city}</arg>
<kw name="Wait Until Element Is Visible" library="SeleniumLibrary">
<arg>${element_input}</arg>
<arg>${TIMED_OUT}</arg>
<arg>${element_input} not found</arg>
<doc>Waits until the element ``locator`` is visible.</doc>
<status status="PASS" starttime="20210420 04:47:39.203" endtime="20210420 04:47:39.219"/>
</kw>
<kw name="Input Text" library="SeleniumLibrary">
<arg>${element_input}</arg>
<arg>${text}</arg>
<doc>Types the given ``text`` into the text field identified by ``locator``.</doc>
<msg timestamp="20210420 04:47:39.220" level="INFO">Typing text 'Germany' into text field 'xpath://*[@class="search"]//input'.</msg>
<status status="PASS" starttime="20210420 04:47:39.219" endtime="20210420 04:47:39.297"/>
</kw>
<status status="PASS" starttime="20210420 04:47:39.203" endtime="20210420 04:47:39.298"/>
</kw>
<status status="PASS" starttime="20210420 04:47:38.821" endtime="20210420 04:47:39.298"/>
</kw>
<kw name="Submit Field" library="search_page">
<kw name="Scroll And Click" library="helper_func">
<arg>${SUBMIT_BTN}</arg>
<kw name="Wait Until Element Is Visible" library="SeleniumLibrary">
<arg>${element_clickable}</arg>
<arg>${TIMED_OUT}</arg>
<arg>${element_clickable} not found</arg>
<doc>Waits until the element ``locator`` is visible.</doc>
<status status="PASS" starttime="20210420 04:47:39.299" endtime="20210420 04:47:39.318"/>
</kw>
<kw name="Scroll Element Into View" library="SeleniumLibrary">
<arg>${element_clickable}</arg>
<doc>Scrolls the element identified by ``locator`` into view.</doc>
<status status="PASS" starttime="20210420 04:47:39.319" endtime="20210420 04:47:39.599"/>
</kw>
<kw name="Click Element" library="SeleniumLibrary">
<arg>${element_clickable}</arg>
<doc>Click the element identified by ``locator``.</doc>
<msg timestamp="20210420 04:47:39.600" level="INFO">Clicking element 'xpath://*[@class="search"]/button'.</msg>
<status status="PASS" starttime="20210420 04:47:39.599" endtime="20210420 04:47:39.635"/>
</kw>
<status status="PASS" starttime="20210420 04:47:39.298" endtime="20210420 04:47:39.635"/>
</kw>
<status status="PASS" starttime="20210420 04:47:39.298" endtime="20210420 04:47:39.635"/>
</kw>
<kw name="Verify Results" library="search_page">
<arg>${country}</arg>
<kw name="Run Keyword And Return Status" library="BuiltIn">
<var>${check_valid}</var>
<arg>Wait Until Element Is Visible</arg>
<arg>${DROPDOWN_MENU}/li</arg>
<arg>3s</arg>
<doc>Runs the given keyword with given arguments and returns the status as a Boolean value.</doc>
<kw name="Wait Until Element Is Visible" library="SeleniumLibrary">
<arg>${DROPDOWN_MENU}/li</arg>
<arg>3s</arg>
<doc>Waits until the element ``locator`` is visible.</doc>
<status status="PASS" starttime="20210420 04:47:39.636" endtime="20210420 04:47:40.293"/>
</kw>
<msg timestamp="20210420 04:47:40.293" level="INFO">${check_valid} = True</msg>
<status status="PASS" starttime="20210420 04:47:39.636" endtime="20210420 04:47:40.293"/>
</kw>
<kw name="Get Element Count" library="SeleniumLibrary">
<var>${count_result}</var>
<arg>${DROPDOWN_MENU}/li</arg>
<doc>Returns the number of elements matching ``locator``.</doc>
<msg timestamp="20210420 04:47:40.306" level="INFO">${count_result} = 1</msg>
<status status="PASS" starttime="20210420 04:47:40.294" endtime="20210420 04:47:40.306"/>
</kw>
<if>
<branch type="IF" condition="'${check_valid}' == 'True'">
<if>
<branch type="IF" condition="${count_result} &gt; 1">
<for flavor="IN RANGE">
<var>${i}</var>
<value>1</value>
<value>${count_result}+1</value>
<iter>
<var name="${i}">${i}</var>
<kw name="Wait And Get Text" library="helper_func">
<var>${result}</var>
<arg>${DROPDOWN_MENU}/li[${i}]/span</arg>
<status status="NOT RUN" starttime="20210420 04:47:40.306" endtime="20210420 04:47:40.306"/>
</kw>
<kw name="Should Contain" library="BuiltIn">
<arg>${result}</arg>
<arg>${the_city}</arg>
<arg>${the_city} not found</arg>
<doc>Fails if ``container`` does not contain ``item`` one or more times.</doc>
<status status="NOT RUN" starttime="20210420 04:47:40.306" endtime="20210420 04:47:40.307"/>
</kw>
<status status="NOT RUN" starttime="20210420 04:47:40.306" endtime="20210420 04:47:40.307"/>
</iter>
<status status="NOT RUN" starttime="20210420 04:47:40.306" endtime="20210420 04:47:40.307"/>
</for>
<status status="NOT RUN" starttime="20210420 04:47:40.306" endtime="20210420 04:47:40.307"/>
</branch>
<branch type="ELSE">
<kw name="Wait And Get Text" library="helper_func">
<var>${result}</var>
<arg>${DROPDOWN_MENU}/li/span</arg>
<kw name="Wait Until Element Is Visible" library="SeleniumLibrary">
<arg>${text_element}</arg>
<arg>${TIMED_OUT}</arg>
<arg>${text_element} not found</arg>
<doc>Waits until the element ``locator`` is visible.</doc>
<status status="PASS" starttime="20210420 04:47:40.307" endtime="20210420 04:47:40.329"/>
</kw>
<kw name="Get Text" library="SeleniumLibrary">
<var>${text}</var>
<arg>${text_element}</arg>
<doc>Returns the text value of the element identified by ``locator``.</doc>
<msg timestamp="20210420 04:47:40.351" level="INFO">${text} = Federal Republic of Germany, DE</msg>
<status status="PASS" starttime="20210420 04:47:40.329" endtime="20210420 04:47:40.351"/>
</kw>
<msg timestamp="20210420 04:47:40.352" level="INFO">${result} = Federal Republic of Germany, DE</msg>
<status status="PASS" starttime="20210420 04:47:40.307" endtime="20210420 04:47:40.352"/>
</kw>
<kw name="Should Contain" library="BuiltIn">
<arg>${result}</arg>
<arg>${the_city}</arg>
<arg>${the_city} not found</arg>
<doc>Fails if ``container`` does not contain ``item`` one or more times.</doc>
<status status="PASS" starttime="20210420 04:47:40.352" endtime="20210420 04:47:40.352"/>
</kw>
<status status="PASS" starttime="20210420 04:47:40.307" endtime="20210420 04:47:40.352"/>
</branch>
<status status="PASS" starttime="20210420 04:47:40.306" endtime="20210420 04:47:40.352"/>
</if>
<status status="PASS" starttime="20210420 04:47:40.306" endtime="20210420 04:47:40.352"/>
</branch>
<branch type="ELSE">
<kw name="Verify No Result" library="search_page">
<status status="NOT RUN" starttime="20210420 04:47:40.352" endtime="20210420 04:47:40.352"/>
</kw>
<status status="NOT RUN" starttime="20210420 04:47:40.352" endtime="20210420 04:47:40.352"/>
</branch>
<status status="PASS" starttime="20210420 04:47:40.306" endtime="20210420 04:47:40.352"/>
</if>
<status status="PASS" starttime="20210420 04:47:39.635" endtime="20210420 04:47:40.353"/>
</kw>
<status status="PASS" starttime="20210420 04:47:38.821" endtime="20210420 04:47:40.353"/>
</kw>
<kw name="End Web Test" library="Common" type="TEARDOWN">
<kw name="Close All Browsers" library="SeleniumLibrary">
<doc>Closes all open browsers and resets the browser cache.</doc>
<status status="PASS" starttime="20210420 04:47:40.353" endtime="20210420 04:47:40.424"/>
</kw>
<status status="PASS" starttime="20210420 04:47:40.353" endtime="20210420 04:47:40.424"/>
</kw>
<status status="PASS" starttime="20210420 04:47:32.149" endtime="20210420 04:47:40.424"/>
</test>
<test id="s1-s1-s1-t4" name="Verify Searching Weather">
<kw name="Begin Web Test" library="Common" type="SETUP">
<kw name="Evaluate" library="BuiltIn">
<var>${system}</var>
<arg>platform.system()</arg>
<arg>platform</arg>
<doc>Evaluates the given expression in Python and returns the result.</doc>
<msg timestamp="20210420 04:47:40.428" level="INFO">${system} = Darwin</msg>
<status status="PASS" starttime="20210420 04:47:40.427" endtime="20210420 04:47:40.428"/>
</kw>
<kw name="Run Keyword If" library="BuiltIn">
<arg>'${BROWSER}'=='Chrome'</arg>
<arg>Open Chrome Browser</arg>
<arg>${system}</arg>
<arg>${HEADLESS}</arg>
<arg>ELSE IF</arg>
<arg>'${BROWSER}'=='Firefox'</arg>
<arg>Open Firefox Browser</arg>
<arg>${system}</arg>
<arg>${HEADLESS}</arg>
<doc>Runs the given keyword with the given arguments, if ``condition`` is true.</doc>
<kw name="Open Chrome Browser" library="Common">
<arg>${system}</arg>
<arg>${HEADLESS}</arg>
<kw name="Evaluate" library="BuiltIn">
<var>${chrome_options}</var>
<arg>sys.modules['selenium.webdriver'].ChromeOptions()</arg>
<arg>sys, selenium.webdriver</arg>
<doc>Evaluates the given expression in Python and returns the result.</doc>
<msg timestamp="20210420 04:47:40.429" level="INFO">${chrome_options} = &lt;selenium.webdriver.chrome.options.Options object at 0x7feb62c0f070&gt;</msg>
<status status="PASS" starttime="20210420 04:47:40.428" endtime="20210420 04:47:40.429"/>
</kw>
<kw name="Run Keyword If" library="BuiltIn">
<arg>'${has_headless}'=='True'</arg>
<arg>Call Method</arg>
<arg>${chrome_options}</arg>
<arg>add_argument</arg>
<arg>--headless</arg>
<doc>Runs the given keyword with the given arguments, if ``condition`` is true.</doc>
<kw name="Call Method" library="BuiltIn">
<arg>${chrome_options}</arg>
<arg>add_argument</arg>
<arg>--headless</arg>
<doc>Calls the named method of the given object with the provided arguments.</doc>
<status status="PASS" starttime="20210420 04:47:40.429" endtime="20210420 04:47:40.429"/>
</kw>
<status status="PASS" starttime="20210420 04:47:40.429" endtime="20210420 04:47:40.429"/>
</kw>
<kw name="Run Keyword If" library="BuiltIn">
<arg>'${os_system}'=='Darwin'</arg>
<arg>Run Keywords</arg>
<arg>Call Method</arg>
<arg>${chrome_options}</arg>
<arg>add_argument</arg>
<arg>--no-sandbox</arg>
<arg>AND</arg>
<arg>Call Method</arg>
<arg>${chrome_options}</arg>
<arg>add_argument</arg>
<arg>--ignore-certificate-errors</arg>
<doc>Runs the given keyword with the given arguments, if ``condition`` is true.</doc>
<kw name="Run Keywords" library="BuiltIn">
<arg>Call Method</arg>
<arg>${chrome_options}</arg>
<arg>add_argument</arg>
<arg>--no-sandbox</arg>
<arg>AND</arg>
<arg>Call Method</arg>
<arg>${chrome_options}</arg>
<arg>add_argument</arg>
<arg>--ignore-certificate-errors</arg>
<doc>Executes all the given keywords in a sequence.</doc>
<kw name="Call Method" library="BuiltIn">
<arg>${chrome_options}</arg>
<arg>add_argument</arg>
<arg>--no-sandbox</arg>
<doc>Calls the named method of the given object with the provided arguments.</doc>
<status status="PASS" starttime="20210420 04:47:40.430" endtime="20210420 04:47:40.430"/>
</kw>
<kw name="Call Method" library="BuiltIn">
<arg>${chrome_options}</arg>
<arg>add_argument</arg>
<arg>--ignore-certificate-errors</arg>
<doc>Calls the named method of the given object with the provided arguments.</doc>
<status status="PASS" starttime="20210420 04:47:40.430" endtime="20210420 04:47:40.430"/>
</kw>
<status status="PASS" starttime="20210420 04:47:40.430" endtime="20210420 04:47:40.431"/>
</kw>
<status status="PASS" starttime="20210420 04:47:40.429" endtime="20210420 04:47:40.431"/>
</kw>
<kw name="Run Keyword If" library="BuiltIn">
<arg>'${os_system}'=='linux'</arg>
<arg>Run Keywords</arg>
<arg>Call Method</arg>
<arg>${chrome_options}</arg>
<arg>add_argument</arg>
<arg>--no-sandbox</arg>
<arg>AND</arg>
<arg>Call Method</arg>
<arg>${chrome_options}</arg>
<arg>add_argument</arg>
<arg>--disable-extensions</arg>
<arg>AND</arg>
<arg>Call Method</arg>
<arg>${chrome_options}</arg>
<arg>add_argument</arg>
<arg>--disable-dev-shm-usage</arg>
<arg>AND</arg>
<arg>Call Method</arg>
<arg>${chrome_options}</arg>
<arg>add_argument</arg>
<arg>--ignore-certificate-errors</arg>
<doc>Runs the given keyword with the given arguments, if ``condition`` is true.</doc>
<status status="PASS" starttime="20210420 04:47:40.431" endtime="20210420 04:47:40.431"/>
</kw>
<kw name="Create Webdriver" library="SeleniumLibrary">
<arg>Chrome</arg>
<arg>chrome_options=${chrome_options}</arg>
<doc>Creates an instance of Selenium WebDriver.</doc>
<msg timestamp="20210420 04:47:40.431" level="INFO">Creating an instance of the Chrome WebDriver.</msg>
<status status="PASS" starttime="20210420 04:47:40.431" endtime="20210420 04:47:41.804"/>
</kw>
<status status="PASS" starttime="20210420 04:47:40.428" endtime="20210420 04:47:41.804"/>
</kw>
<status status="PASS" starttime="20210420 04:47:40.428" endtime="20210420 04:47:41.804"/>
</kw>
<kw name="Set Window Size" library="SeleniumLibrary">
<arg>1920</arg>
<arg>1080</arg>
<doc>Sets current windows size to given ``width`` and ``height``.</doc>
<status status="PASS" starttime="20210420 04:47:41.805" endtime="20210420 04:47:41.911"/>
</kw>
<kw name="Set Screenshot Directory" library="SeleniumLibrary">
<arg>./results/image</arg>
<doc>Sets the directory for captured screenshots.</doc>
<status status="PASS" starttime="20210420 04:47:41.912" endtime="20210420 04:47:41.912"/>
</kw>
<kw name="Go To Home Page" library="Common">
<kw name="Go To" library="SeleniumLibrary">
<arg>${AUT_URL}</arg>
<doc>Navigates the current browser window to the provided ``url``.</doc>
<msg timestamp="20210420 04:47:41.914" level="INFO">Opening url 'https://openweathermap.org'</msg>
<status status="PASS" starttime="20210420 04:47:41.913" endtime="20210420 04:47:47.324"/>
</kw>
<status status="PASS" starttime="20210420 04:47:41.913" endtime="20210420 04:47:47.324"/>
</kw>
<kw name="Create Session" library="RequestsLibrary">
<arg>test-session</arg>
<arg>${API_URL}</arg>
<arg>verify=true</arg>
<doc>Create Session: create a HTTP session to a server</doc>
<msg timestamp="20210420 04:47:47.325" level="INFO">Creating Session using : alias=test-session, url=https://openweathermap.org, headers={},                     cookies={}, auth=None, timeout=None, proxies=None, verify=True,                     debug=0 </msg>
<status status="PASS" starttime="20210420 04:47:47.324" endtime="20210420 04:47:47.326"/>
</kw>
<status status="PASS" starttime="20210420 04:47:40.427" endtime="20210420 04:47:47.326"/>
</kw>
<kw name="Searching Weather">
<arg>Australia</arg>
<kw name="Input City" library="search_page">
<arg>${country}</arg>
<kw name="Wait Until Element Is Not Visible" library="SeleniumLibrary">
<arg>${LOADING_COVER}</arg>
<arg>${TIMED_OUT}</arg>
<doc>Waits until the element ``locator`` is not visible.</doc>
<status status="PASS" starttime="20210420 04:47:47.328" endtime="20210420 04:47:47.337"/>
</kw>
<kw name="Scroll And Click" library="helper_func">
<arg>${SEARCH_FIELD}</arg>
<kw name="Wait Until Element Is Visible" library="SeleniumLibrary">
<arg>${element_clickable}</arg>
<arg>${TIMED_OUT}</arg>
<arg>${element_clickable} not found</arg>
<doc>Waits until the element ``locator`` is visible.</doc>
<status status="PASS" starttime="20210420 04:47:47.338" endtime="20210420 04:47:47.356"/>
</kw>
<kw name="Scroll Element Into View" library="SeleniumLibrary">
<arg>${element_clickable}</arg>
<doc>Scrolls the element identified by ``locator`` into view.</doc>
<status status="PASS" starttime="20210420 04:47:47.356" endtime="20210420 04:47:47.632"/>
</kw>
<kw name="Click Element" library="SeleniumLibrary">
<arg>${element_clickable}</arg>
<doc>Click the element identified by ``locator``.</doc>
<msg timestamp="20210420 04:47:47.632" level="INFO">Clicking element 'xpath://*[@class="search"]//input'.</msg>
<status status="PASS" starttime="20210420 04:47:47.632" endtime="20210420 04:47:47.697"/>
</kw>
<status status="PASS" starttime="20210420 04:47:47.338" endtime="20210420 04:47:47.697"/>
</kw>
<kw name="Wait And Input" library="helper_func">
<arg>${SEARCH_FIELD}</arg>
<arg>${the_city}</arg>
<kw name="Wait Until Element Is Visible" library="SeleniumLibrary">
<arg>${element_input}</arg>
<arg>${TIMED_OUT}</arg>
<arg>${element_input} not found</arg>
<doc>Waits until the element ``locator`` is visible.</doc>
<status status="PASS" starttime="20210420 04:47:47.699" endtime="20210420 04:47:47.714"/>
</kw>
<kw name="Input Text" library="SeleniumLibrary">
<arg>${element_input}</arg>
<arg>${text}</arg>
<doc>Types the given ``text`` into the text field identified by ``locator``.</doc>
<msg timestamp="20210420 04:47:47.714" level="INFO">Typing text 'Australia' into text field 'xpath://*[@class="search"]//input'.</msg>
<status status="PASS" starttime="20210420 04:47:47.714" endtime="20210420 04:47:47.793"/>
</kw>
<status status="PASS" starttime="20210420 04:47:47.698" endtime="20210420 04:47:47.793"/>
</kw>
<status status="PASS" starttime="20210420 04:47:47.326" endtime="20210420 04:47:47.794"/>
</kw>
<kw name="Submit Field" library="search_page">
<kw name="Scroll And Click" library="helper_func">
<arg>${SUBMIT_BTN}</arg>
<kw name="Wait Until Element Is Visible" library="SeleniumLibrary">
<arg>${element_clickable}</arg>
<arg>${TIMED_OUT}</arg>
<arg>${element_clickable} not found</arg>
<doc>Waits until the element ``locator`` is visible.</doc>
<status status="PASS" starttime="20210420 04:47:47.794" endtime="20210420 04:47:47.810"/>
</kw>
<kw name="Scroll Element Into View" library="SeleniumLibrary">
<arg>${element_clickable}</arg>
<doc>Scrolls the element identified by ``locator`` into view.</doc>
<status status="PASS" starttime="20210420 04:47:47.810" endtime="20210420 04:47:48.087"/>
</kw>
<kw name="Click Element" library="SeleniumLibrary">
<arg>${element_clickable}</arg>
<doc>Click the element identified by ``locator``.</doc>
<msg timestamp="20210420 04:47:48.088" level="INFO">Clicking element 'xpath://*[@class="search"]/button'.</msg>
<status status="PASS" starttime="20210420 04:47:48.087" endtime="20210420 04:47:48.179"/>
</kw>
<status status="PASS" starttime="20210420 04:47:47.794" endtime="20210420 04:47:48.179"/>
</kw>
<status status="PASS" starttime="20210420 04:47:47.794" endtime="20210420 04:47:48.179"/>
</kw>
<kw name="Verify Results" library="search_page">
<arg>${country}</arg>
<kw name="Run Keyword And Return Status" library="BuiltIn">
<var>${check_valid}</var>
<arg>Wait Until Element Is Visible</arg>
<arg>${DROPDOWN_MENU}/li</arg>
<arg>3s</arg>
<doc>Runs the given keyword with given arguments and returns the status as a Boolean value.</doc>
<kw name="Wait Until Element Is Visible" library="SeleniumLibrary">
<arg>${DROPDOWN_MENU}/li</arg>
<arg>3s</arg>
<doc>Waits until the element ``locator`` is visible.</doc>
<status status="PASS" starttime="20210420 04:47:48.180" endtime="20210420 04:47:48.826"/>
</kw>
<msg timestamp="20210420 04:47:48.826" level="INFO">${check_valid} = True</msg>
<status status="PASS" starttime="20210420 04:47:48.179" endtime="20210420 04:47:48.826"/>
</kw>
<kw name="Get Element Count" library="SeleniumLibrary">
<var>${count_result}</var>
<arg>${DROPDOWN_MENU}/li</arg>
<doc>Returns the number of elements matching ``locator``.</doc>
<msg timestamp="20210420 04:47:48.832" level="INFO">${count_result} = 1</msg>
<status status="PASS" starttime="20210420 04:47:48.826" endtime="20210420 04:47:48.832"/>
</kw>
<if>
<branch type="IF" condition="'${check_valid}' == 'True'">
<if>
<branch type="IF" condition="${count_result} &gt; 1">
<for flavor="IN RANGE">
<var>${i}</var>
<value>1</value>
<value>${count_result}+1</value>
<iter>
<var name="${i}">${i}</var>
<kw name="Wait And Get Text" library="helper_func">
<var>${result}</var>
<arg>${DROPDOWN_MENU}/li[${i}]/span</arg>
<status status="NOT RUN" starttime="20210420 04:47:48.833" endtime="20210420 04:47:48.833"/>
</kw>
<kw name="Should Contain" library="BuiltIn">
<arg>${result}</arg>
<arg>${the_city}</arg>
<arg>${the_city} not found</arg>
<doc>Fails if ``container`` does not contain ``item`` one or more times.</doc>
<status status="NOT RUN" starttime="20210420 04:47:48.833" endtime="20210420 04:47:48.833"/>
</kw>
<status status="NOT RUN" starttime="20210420 04:47:48.833" endtime="20210420 04:47:48.833"/>
</iter>
<status status="NOT RUN" starttime="20210420 04:47:48.833" endtime="20210420 04:47:48.833"/>
</for>
<status status="NOT RUN" starttime="20210420 04:47:48.833" endtime="20210420 04:47:48.833"/>
</branch>
<branch type="ELSE">
<kw name="Wait And Get Text" library="helper_func">
<var>${result}</var>
<arg>${DROPDOWN_MENU}/li/span</arg>
<kw name="Wait Until Element Is Visible" library="SeleniumLibrary">
<arg>${text_element}</arg>
<arg>${TIMED_OUT}</arg>
<arg>${text_element} not found</arg>
<doc>Waits until the element ``locator`` is visible.</doc>
<status status="PASS" starttime="20210420 04:47:48.834" endtime="20210420 04:47:48.850"/>
</kw>
<kw name="Get Text" library="SeleniumLibrary">
<var>${text}</var>
<arg>${text_element}</arg>
<doc>Returns the text value of the element identified by ``locator``.</doc>
<msg timestamp="20210420 04:47:48.865" level="INFO">${text} = Commonwealth of Australia, AU</msg>
<status status="PASS" starttime="20210420 04:47:48.850" endtime="20210420 04:47:48.865"/>
</kw>
<msg timestamp="20210420 04:47:48.865" level="INFO">${result} = Commonwealth of Australia, AU</msg>
<status status="PASS" starttime="20210420 04:47:48.833" endtime="20210420 04:47:48.865"/>
</kw>
<kw name="Should Contain" library="BuiltIn">
<arg>${result}</arg>
<arg>${the_city}</arg>
<arg>${the_city} not found</arg>
<doc>Fails if ``container`` does not contain ``item`` one or more times.</doc>
<status status="PASS" starttime="20210420 04:47:48.865" endtime="20210420 04:47:48.866"/>
</kw>
<status status="PASS" starttime="20210420 04:47:48.833" endtime="20210420 04:47:48.866"/>
</branch>
<status status="PASS" starttime="20210420 04:47:48.833" endtime="20210420 04:47:48.866"/>
</if>
<status status="PASS" starttime="20210420 04:47:48.833" endtime="20210420 04:47:48.866"/>
</branch>
<branch type="ELSE">
<kw name="Verify No Result" library="search_page">
<status status="NOT RUN" starttime="20210420 04:47:48.866" endtime="20210420 04:47:48.866"/>
</kw>
<status status="NOT RUN" starttime="20210420 04:47:48.866" endtime="20210420 04:47:48.866"/>
</branch>
<status status="PASS" starttime="20210420 04:47:48.832" endtime="20210420 04:47:48.866"/>
</if>
<status status="PASS" starttime="20210420 04:47:48.179" endtime="20210420 04:47:48.866"/>
</kw>
<status status="PASS" starttime="20210420 04:47:47.326" endtime="20210420 04:47:48.866"/>
</kw>
<kw name="End Web Test" library="Common" type="TEARDOWN">
<kw name="Close All Browsers" library="SeleniumLibrary">
<doc>Closes all open browsers and resets the browser cache.</doc>
<status status="PASS" starttime="20210420 04:47:48.867" endtime="20210420 04:47:48.941"/>
</kw>
<status status="PASS" starttime="20210420 04:47:48.866" endtime="20210420 04:47:48.942"/>
</kw>
<status status="PASS" starttime="20210420 04:47:40.425" endtime="20210420 04:47:48.942"/>
</test>
<test id="s1-s1-s1-t5" name="Verify Searching Weather">
<kw name="Begin Web Test" library="Common" type="SETUP">
<kw name="Evaluate" library="BuiltIn">
<var>${system}</var>
<arg>platform.system()</arg>
<arg>platform</arg>
<doc>Evaluates the given expression in Python and returns the result.</doc>
<msg timestamp="20210420 04:47:48.946" level="INFO">${system} = Darwin</msg>
<status status="PASS" starttime="20210420 04:47:48.946" endtime="20210420 04:47:48.946"/>
</kw>
<kw name="Run Keyword If" library="BuiltIn">
<arg>'${BROWSER}'=='Chrome'</arg>
<arg>Open Chrome Browser</arg>
<arg>${system}</arg>
<arg>${HEADLESS}</arg>
<arg>ELSE IF</arg>
<arg>'${BROWSER}'=='Firefox'</arg>
<arg>Open Firefox Browser</arg>
<arg>${system}</arg>
<arg>${HEADLESS}</arg>
<doc>Runs the given keyword with the given arguments, if ``condition`` is true.</doc>
<kw name="Open Chrome Browser" library="Common">
<arg>${system}</arg>
<arg>${HEADLESS}</arg>
<kw name="Evaluate" library="BuiltIn">
<var>${chrome_options}</var>
<arg>sys.modules['selenium.webdriver'].ChromeOptions()</arg>
<arg>sys, selenium.webdriver</arg>
<doc>Evaluates the given expression in Python and returns the result.</doc>
<msg timestamp="20210420 04:47:48.947" level="INFO">${chrome_options} = &lt;selenium.webdriver.chrome.options.Options object at 0x7feb62c31310&gt;</msg>
<status status="PASS" starttime="20210420 04:47:48.947" endtime="20210420 04:47:48.947"/>
</kw>
<kw name="Run Keyword If" library="BuiltIn">
<arg>'${has_headless}'=='True'</arg>
<arg>Call Method</arg>
<arg>${chrome_options}</arg>
<arg>add_argument</arg>
<arg>--headless</arg>
<doc>Runs the given keyword with the given arguments, if ``condition`` is true.</doc>
<kw name="Call Method" library="BuiltIn">
<arg>${chrome_options}</arg>
<arg>add_argument</arg>
<arg>--headless</arg>
<doc>Calls the named method of the given object with the provided arguments.</doc>
<status status="PASS" starttime="20210420 04:47:48.948" endtime="20210420 04:47:48.948"/>
</kw>
<status status="PASS" starttime="20210420 04:47:48.947" endtime="20210420 04:47:48.948"/>
</kw>
<kw name="Run Keyword If" library="BuiltIn">
<arg>'${os_system}'=='Darwin'</arg>
<arg>Run Keywords</arg>
<arg>Call Method</arg>
<arg>${chrome_options}</arg>
<arg>add_argument</arg>
<arg>--no-sandbox</arg>
<arg>AND</arg>
<arg>Call Method</arg>
<arg>${chrome_options}</arg>
<arg>add_argument</arg>
<arg>--ignore-certificate-errors</arg>
<doc>Runs the given keyword with the given arguments, if ``condition`` is true.</doc>
<kw name="Run Keywords" library="BuiltIn">
<arg>Call Method</arg>
<arg>${chrome_options}</arg>
<arg>add_argument</arg>
<arg>--no-sandbox</arg>
<arg>AND</arg>
<arg>Call Method</arg>
<arg>${chrome_options}</arg>
<arg>add_argument</arg>
<arg>--ignore-certificate-errors</arg>
<doc>Executes all the given keywords in a sequence.</doc>
<kw name="Call Method" library="BuiltIn">
<arg>${chrome_options}</arg>
<arg>add_argument</arg>
<arg>--no-sandbox</arg>
<doc>Calls the named method of the given object with the provided arguments.</doc>
<status status="PASS" starttime="20210420 04:47:48.949" endtime="20210420 04:47:48.949"/>
</kw>
<kw name="Call Method" library="BuiltIn">
<arg>${chrome_options}</arg>
<arg>add_argument</arg>
<arg>--ignore-certificate-errors</arg>
<doc>Calls the named method of the given object with the provided arguments.</doc>
<status status="PASS" starttime="20210420 04:47:48.949" endtime="20210420 04:47:48.949"/>
</kw>
<status status="PASS" starttime="20210420 04:47:48.949" endtime="20210420 04:47:48.949"/>
</kw>
<status status="PASS" starttime="20210420 04:47:48.948" endtime="20210420 04:47:48.950"/>
</kw>
<kw name="Run Keyword If" library="BuiltIn">
<arg>'${os_system}'=='linux'</arg>
<arg>Run Keywords</arg>
<arg>Call Method</arg>
<arg>${chrome_options}</arg>
<arg>add_argument</arg>
<arg>--no-sandbox</arg>
<arg>AND</arg>
<arg>Call Method</arg>
<arg>${chrome_options}</arg>
<arg>add_argument</arg>
<arg>--disable-extensions</arg>
<arg>AND</arg>
<arg>Call Method</arg>
<arg>${chrome_options}</arg>
<arg>add_argument</arg>
<arg>--disable-dev-shm-usage</arg>
<arg>AND</arg>
<arg>Call Method</arg>
<arg>${chrome_options}</arg>
<arg>add_argument</arg>
<arg>--ignore-certificate-errors</arg>
<doc>Runs the given keyword with the given arguments, if ``condition`` is true.</doc>
<status status="PASS" starttime="20210420 04:47:48.950" endtime="20210420 04:47:48.950"/>
</kw>
<kw name="Create Webdriver" library="SeleniumLibrary">
<arg>Chrome</arg>
<arg>chrome_options=${chrome_options}</arg>
<doc>Creates an instance of Selenium WebDriver.</doc>
<msg timestamp="20210420 04:47:48.950" level="INFO">Creating an instance of the Chrome WebDriver.</msg>
<status status="PASS" starttime="20210420 04:47:48.950" endtime="20210420 04:47:50.275"/>
</kw>
<status status="PASS" starttime="20210420 04:47:48.946" endtime="20210420 04:47:50.275"/>
</kw>
<status status="PASS" starttime="20210420 04:47:48.946" endtime="20210420 04:47:50.275"/>
</kw>
<kw name="Set Window Size" library="SeleniumLibrary">
<arg>1920</arg>
<arg>1080</arg>
<doc>Sets current windows size to given ``width`` and ``height``.</doc>
<status status="PASS" starttime="20210420 04:47:50.275" endtime="20210420 04:47:50.383"/>
</kw>
<kw name="Set Screenshot Directory" library="SeleniumLibrary">
<arg>./results/image</arg>
<doc>Sets the directory for captured screenshots.</doc>
<status status="PASS" starttime="20210420 04:47:50.383" endtime="20210420 04:47:50.383"/>
</kw>
<kw name="Go To Home Page" library="Common">
<kw name="Go To" library="SeleniumLibrary">
<arg>${AUT_URL}</arg>
<doc>Navigates the current browser window to the provided ``url``.</doc>
<msg timestamp="20210420 04:47:50.384" level="INFO">Opening url 'https://openweathermap.org'</msg>
<status status="PASS" starttime="20210420 04:47:50.384" endtime="20210420 04:47:55.802"/>
</kw>
<status status="PASS" starttime="20210420 04:47:50.383" endtime="20210420 04:47:55.803"/>
</kw>
<kw name="Create Session" library="RequestsLibrary">
<arg>test-session</arg>
<arg>${API_URL}</arg>
<arg>verify=true</arg>
<doc>Create Session: create a HTTP session to a server</doc>
<msg timestamp="20210420 04:47:55.803" level="INFO">Creating Session using : alias=test-session, url=https://openweathermap.org, headers={},                     cookies={}, auth=None, timeout=None, proxies=None, verify=True,                     debug=0 </msg>
<status status="PASS" starttime="20210420 04:47:55.803" endtime="20210420 04:47:55.804"/>
</kw>
<status status="PASS" starttime="20210420 04:47:48.945" endtime="20210420 04:47:55.804"/>
</kw>
<kw name="Searching Weather">
<arg>Thailand</arg>
<kw name="Input City" library="search_page">
<arg>${country}</arg>
<kw name="Wait Until Element Is Not Visible" library="SeleniumLibrary">
<arg>${LOADING_COVER}</arg>
<arg>${TIMED_OUT}</arg>
<doc>Waits until the element ``locator`` is not visible.</doc>
<status status="PASS" starttime="20210420 04:47:55.805" endtime="20210420 04:47:55.816"/>
</kw>
<kw name="Scroll And Click" library="helper_func">
<arg>${SEARCH_FIELD}</arg>
<kw name="Wait Until Element Is Visible" library="SeleniumLibrary">
<arg>${element_clickable}</arg>
<arg>${TIMED_OUT}</arg>
<arg>${element_clickable} not found</arg>
<doc>Waits until the element ``locator`` is visible.</doc>
<status status="PASS" starttime="20210420 04:47:55.816" endtime="20210420 04:47:55.835"/>
</kw>
<kw name="Scroll Element Into View" library="SeleniumLibrary">
<arg>${element_clickable}</arg>
<doc>Scrolls the element identified by ``locator`` into view.</doc>
<status status="PASS" starttime="20210420 04:47:55.835" endtime="20210420 04:47:56.116"/>
</kw>
<kw name="Click Element" library="SeleniumLibrary">
<arg>${element_clickable}</arg>
<doc>Click the element identified by ``locator``.</doc>
<msg timestamp="20210420 04:47:56.116" level="INFO">Clicking element 'xpath://*[@class="search"]//input'.</msg>
<status status="PASS" starttime="20210420 04:47:56.116" endtime="20210420 04:47:56.184"/>
</kw>
<status status="PASS" starttime="20210420 04:47:55.816" endtime="20210420 04:47:56.184"/>
</kw>
<kw name="Wait And Input" library="helper_func">
<arg>${SEARCH_FIELD}</arg>
<arg>${the_city}</arg>
<kw name="Wait Until Element Is Visible" library="SeleniumLibrary">
<arg>${element_input}</arg>
<arg>${TIMED_OUT}</arg>
<arg>${element_input} not found</arg>
<doc>Waits until the element ``locator`` is visible.</doc>
<status status="PASS" starttime="20210420 04:47:56.185" endtime="20210420 04:47:56.202"/>
</kw>
<kw name="Input Text" library="SeleniumLibrary">
<arg>${element_input}</arg>
<arg>${text}</arg>
<doc>Types the given ``text`` into the text field identified by ``locator``.</doc>
<msg timestamp="20210420 04:47:56.203" level="INFO">Typing text 'Thailand' into text field 'xpath://*[@class="search"]//input'.</msg>
<status status="PASS" starttime="20210420 04:47:56.202" endtime="20210420 04:47:56.293"/>
</kw>
<status status="PASS" starttime="20210420 04:47:56.184" endtime="20210420 04:47:56.293"/>
</kw>
<status status="PASS" starttime="20210420 04:47:55.804" endtime="20210420 04:47:56.294"/>
</kw>
<kw name="Submit Field" library="search_page">
<kw name="Scroll And Click" library="helper_func">
<arg>${SUBMIT_BTN}</arg>
<kw name="Wait Until Element Is Visible" library="SeleniumLibrary">
<arg>${element_clickable}</arg>
<arg>${TIMED_OUT}</arg>
<arg>${element_clickable} not found</arg>
<doc>Waits until the element ``locator`` is visible.</doc>
<status status="PASS" starttime="20210420 04:47:56.294" endtime="20210420 04:47:56.313"/>
</kw>
<kw name="Scroll Element Into View" library="SeleniumLibrary">
<arg>${element_clickable}</arg>
<doc>Scrolls the element identified by ``locator`` into view.</doc>
<status status="PASS" starttime="20210420 04:47:56.313" endtime="20210420 04:47:56.582"/>
</kw>
<kw name="Click Element" library="SeleniumLibrary">
<arg>${element_clickable}</arg>
<doc>Click the element identified by ``locator``.</doc>
<msg timestamp="20210420 04:47:56.582" level="INFO">Clicking element 'xpath://*[@class="search"]/button'.</msg>
<status status="PASS" starttime="20210420 04:47:56.582" endtime="20210420 04:47:56.616"/>
</kw>
<status status="PASS" starttime="20210420 04:47:56.294" endtime="20210420 04:47:56.616"/>
</kw>
<status status="PASS" starttime="20210420 04:47:56.294" endtime="20210420 04:47:56.617"/>
</kw>
<kw name="Verify Results" library="search_page">
<arg>${country}</arg>
<kw name="Run Keyword And Return Status" library="BuiltIn">
<var>${check_valid}</var>
<arg>Wait Until Element Is Visible</arg>
<arg>${DROPDOWN_MENU}/li</arg>
<arg>3s</arg>
<doc>Runs the given keyword with given arguments and returns the status as a Boolean value.</doc>
<kw name="Wait Until Element Is Visible" library="SeleniumLibrary">
<arg>${DROPDOWN_MENU}/li</arg>
<arg>3s</arg>
<doc>Waits until the element ``locator`` is visible.</doc>
<status status="PASS" starttime="20210420 04:47:56.617" endtime="20210420 04:47:57.268"/>
</kw>
<msg timestamp="20210420 04:47:57.269" level="INFO">${check_valid} = True</msg>
<status status="PASS" starttime="20210420 04:47:56.617" endtime="20210420 04:47:57.269"/>
</kw>
<kw name="Get Element Count" library="SeleniumLibrary">
<var>${count_result}</var>
<arg>${DROPDOWN_MENU}/li</arg>
<doc>Returns the number of elements matching ``locator``.</doc>
<msg timestamp="20210420 04:47:57.274" level="INFO">${count_result} = 1</msg>
<status status="PASS" starttime="20210420 04:47:57.269" endtime="20210420 04:47:57.274"/>
</kw>
<if>
<branch type="IF" condition="'${check_valid}' == 'True'">
<if>
<branch type="IF" condition="${count_result} &gt; 1">
<for flavor="IN RANGE">
<var>${i}</var>
<value>1</value>
<value>${count_result}+1</value>
<iter>
<var name="${i}">${i}</var>
<kw name="Wait And Get Text" library="helper_func">
<var>${result}</var>
<arg>${DROPDOWN_MENU}/li[${i}]/span</arg>
<status status="NOT RUN" starttime="20210420 04:47:57.275" endtime="20210420 04:47:57.277"/>
</kw>
<kw name="Should Contain" library="BuiltIn">
<arg>${result}</arg>
<arg>${the_city}</arg>
<arg>${the_city} not found</arg>
<doc>Fails if ``container`` does not contain ``item`` one or more times.</doc>
<status status="NOT RUN" starttime="20210420 04:47:57.277" endtime="20210420 04:47:57.277"/>
</kw>
<status status="NOT RUN" starttime="20210420 04:47:57.275" endtime="20210420 04:47:57.277"/>
</iter>
<status status="NOT RUN" starttime="20210420 04:47:57.275" endtime="20210420 04:47:57.277"/>
</for>
<status status="NOT RUN" starttime="20210420 04:47:57.275" endtime="20210420 04:47:57.277"/>
</branch>
<branch type="ELSE">
<kw name="Wait And Get Text" library="helper_func">
<var>${result}</var>
<arg>${DROPDOWN_MENU}/li/span</arg>
<kw name="Wait Until Element Is Visible" library="SeleniumLibrary">
<arg>${text_element}</arg>
<arg>${TIMED_OUT}</arg>
<arg>${text_element} not found</arg>
<doc>Waits until the element ``locator`` is visible.</doc>
<status status="PASS" starttime="20210420 04:47:57.278" endtime="20210420 04:47:57.293"/>
</kw>
<kw name="Get Text" library="SeleniumLibrary">
<var>${text}</var>
<arg>${text_element}</arg>
<doc>Returns the text value of the element identified by ``locator``.</doc>
<msg timestamp="20210420 04:47:57.307" level="INFO">${text} = Kingdom of Thailand, TH</msg>
<status status="PASS" starttime="20210420 04:47:57.293" endtime="20210420 04:47:57.307"/>
</kw>
[...]
</kw>
<kw name="Set Variable" library="BuiltIn">
<var>${expected_city_name}</var>
<arg>${weather_city_data}[0], ${weather_city_data}[1]</arg>
<doc>Returns the given values which can then be assigned to a variables.</doc>
<msg timestamp="20210420 04:48:00.497" level="INFO">${expected_city_name} = Ho Chi Minh City, VN</msg>
<status status="PASS" starttime="20210420 04:48:00.496" endtime="20210420 04:48:00.497"/>
</kw>
<kw name="Wait And Get Text" library="helper_func">
<var>${actual_temp}</var>
<arg>${CITY_TEMPERATURE_CONTENT}</arg>
<kw name="Wait Until Element Is Visible" library="SeleniumLibrary">
<arg>${text_element}</arg>
<arg>${TIMED_OUT}</arg>
<arg>${text_element} not found</arg>
<doc>Waits until the element ``locator`` is visible.</doc>
<status status="PASS" starttime="20210420 04:48:00.497" endtime="20210420 04:48:00.512"/>
</kw>
<kw name="Get Text" library="SeleniumLibrary">
<var>${text}</var>
<arg>${text_element}</arg>
<doc>Returns the text value of the element identified by ``locator``.</doc>
<msg timestamp="20210420 04:48:00.526" level="INFO">${text} = 26°C</msg>
<status status="PASS" starttime="20210420 04:48:00.513" endtime="20210420 04:48:00.526"/>
</kw>
<msg timestamp="20210420 04:48:00.526" level="INFO">${actual_temp} = 26°C</msg>
<status status="PASS" starttime="20210420 04:48:00.497" endtime="20210420 04:48:00.527"/>
</kw>
<kw name="Set Variable" library="BuiltIn">
<var>${expected_temp}</var>
<arg>${weather_infos_data}[0]°C</arg>
<doc>Returns the given values which can then be assigned to a variables.</doc>
<msg timestamp="20210420 04:48:00.527" level="INFO">${expected_temp} = 26°C</msg>
<status status="PASS" starttime="20210420 04:48:00.527" endtime="20210420 04:48:00.527"/>
</kw>
<kw name="Wait And Get Text" library="helper_func">
<var>${actual_temp_feels_like}</var>
<arg>${FEELS_LIKE_TEMPERATURE}</arg>
<kw name="Wait Until Element Is Visible" library="SeleniumLibrary">
<arg>${text_element}</arg>
<arg>${TIMED_OUT}</arg>
<arg>${text_element} not found</arg>
<doc>Waits until the element ``locator`` is visible.</doc>
<status status="PASS" starttime="20210420 04:48:00.528" endtime="20210420 04:48:00.543"/>
</kw>
<kw name="Get Text" library="SeleniumLibrary">
<var>${text}</var>
<arg>${text_element}</arg>
<doc>Returns the text value of the element identified by ``locator``.</doc>
<msg timestamp="20210420 04:48:00.556" level="INFO">${text} = Feels like 26°C. Scattered clouds. Light air</msg>
<status status="PASS" starttime="20210420 04:48:00.543" endtime="20210420 04:48:00.557"/>
</kw>
<msg timestamp="20210420 04:48:00.557" level="INFO">${actual_temp_feels_like} = Feels like 26°C. Scattered clouds. Light air</msg>
<status status="PASS" starttime="20210420 04:48:00.527" endtime="20210420 04:48:00.557"/>
</kw>
<kw name="Get Regexp Matches" library="String">
<var>${actual_temp_feels_like}</var>
<arg>${actual_temp_feels_like}</arg>
<arg>.[^.]*</arg>
<doc>Returns a list of all non-overlapping matches in the given string.</doc>
<msg timestamp="20210420 04:48:00.558" level="INFO">${actual_temp_feels_like} = ['Feels like 26°C', '. Scattered clouds', '. Light air']</msg>
<status status="PASS" starttime="20210420 04:48:00.557" endtime="20210420 04:48:00.558"/>
</kw>
<kw name="Get Weather Items" library="search_page">
<var>${actual_weather_items}</var>
<kw name="Get Element Count" library="SeleniumLibrary">
<var>${weather_items_length}</var>
<arg>${WEATHER_ITEMS}</arg>
<doc>Returns the number of elements matching ``locator``.</doc>
<msg timestamp="20210420 04:48:00.564" level="INFO">${weather_items_length} = 5</msg>
<status status="PASS" starttime="20210420 04:48:00.558" endtime="20210420 04:48:00.564"/>
</kw>
<kw name="Create List" library="BuiltIn">
<var>${weather_items_list}</var>
<doc>Returns a list containing given items.</doc>
<msg timestamp="20210420 04:48:00.564" level="INFO">${weather_items_list} = []</msg>
<status status="PASS" starttime="20210420 04:48:00.564" endtime="20210420 04:48:00.564"/>
</kw>
<for flavor="IN RANGE">
<var>${i}</var>
<value>1</value>
<value>${weather_items_length}+1</value>
<iter>
<var name="${i}">1</var>
<kw name="Wait And Get Text" library="helper_func">
<var>${weather_item}</var>
<arg>xpath://*[contains(@class,"weather-items")]//li[${i}]</arg>
<kw name="Wait Until Element Is Visible" library="SeleniumLibrary">
<arg>${text_element}</arg>
<arg>${TIMED_OUT}</arg>
<arg>${text_element} not found</arg>
<doc>Waits until the element ``locator`` is visible.</doc>
<status status="PASS" starttime="20210420 04:48:00.565" endtime="20210420 04:48:00.580"/>
</kw>
<kw name="Get Text" library="SeleniumLibrary">
<var>${text}</var>
<arg>${text_element}</arg>
<doc>Returns the text value of the element identified by ``locator``.</doc>
<msg timestamp="20210420 04:48:00.599" level="INFO">${text} = 1.0m/s E</msg>
<status status="PASS" starttime="20210420 04:48:00.580" endtime="20210420 04:48:00.600"/>
</kw>
<msg timestamp="20210420 04:48:00.600" level="INFO">${weather_item} = 1.0m/s E</msg>
<status status="PASS" starttime="20210420 04:48:00.565" endtime="20210420 04:48:00.600"/>
</kw>
<kw name="Append To List" library="Collections">
<arg>${weather_items_list}</arg>
<arg>${weather_item}</arg>
<doc>Adds ``values`` to the end of ``list``.</doc>
<status status="PASS" starttime="20210420 04:48:00.600" endtime="20210420 04:48:00.600"/>
</kw>
<status status="PASS" starttime="20210420 04:48:00.565" endtime="20210420 04:48:00.600"/>
</iter>
<iter>
<var name="${i}">2</var>
<kw name="Wait And Get Text" library="helper_func">
<var>${weather_item}</var>
<arg>xpath://*[contains(@class,"weather-items")]//li[${i}]</arg>
<kw name="Wait Until Element Is Visible" library="SeleniumLibrary">
<arg>${text_element}</arg>
<arg>${TIMED_OUT}</arg>
<arg>${text_element} not found</arg>
<doc>Waits until the element ``locator`` is visible.</doc>
<status status="PASS" starttime="20210420 04:48:00.601" endtime="20210420 04:48:00.616"/>
</kw>
<kw name="Get Text" library="SeleniumLibrary">
<var>${text}</var>
<arg>${text_element}</arg>
<doc>Returns the text value of the element identified by ``locator``.</doc>
<msg timestamp="20210420 04:48:00.631" level="INFO">${text} = 1009hPa</msg>
<status status="PASS" starttime="20210420 04:48:00.616" endtime="20210420 04:48:00.631"/>
</kw>
<msg timestamp="20210420 04:48:00.632" level="INFO">${weather_item} = 1009hPa</msg>
<status status="PASS" starttime="20210420 04:48:00.601" endtime="20210420 04:48:00.632"/>
</kw>
<kw name="Append To List" library="Collections">
<arg>${weather_items_list}</arg>
<arg>${weather_item}</arg>
<doc>Adds ``values`` to the end of ``list``.</doc>
<status status="PASS" starttime="20210420 04:48:00.632" endtime="20210420 04:48:00.632"/>
</kw>
<status status="PASS" starttime="20210420 04:48:00.601" endtime="20210420 04:48:00.632"/>
</iter>
<iter>
<var name="${i}">3</var>
<kw name="Wait And Get Text" library="helper_func">
<var>${weather_item}</var>
<arg>xpath://*[contains(@class,"weather-items")]//li[${i}]</arg>
<kw name="Wait Until Element Is Visible" library="SeleniumLibrary">
<arg>${text_element}</arg>
<arg>${TIMED_OUT}</arg>
<arg>${text_element} not found</arg>
<doc>Waits until the element ``locator`` is visible.</doc>
<status status="PASS" starttime="20210420 04:48:00.633" endtime="20210420 04:48:00.648"/>
</kw>
<kw name="Get Text" library="SeleniumLibrary">
<var>${text}</var>
<arg>${text_element}</arg>
<doc>Returns the text value of the element identified by ``locator``.</doc>
<msg timestamp="20210420 04:48:00.662" level="INFO">${text} = Humidity:
94%</msg>
<status status="PASS" starttime="20210420 04:48:00.648" endtime="20210420 04:48:00.663"/>
</kw>
<msg timestamp="20210420 04:48:00.663" level="INFO">${weather_item} = Humidity:
94%</msg>
<status status="PASS" starttime="20210420 04:48:00.633" endtime="20210420 04:48:00.663"/>
</kw>
<kw name="Append To List" library="Collections">
<arg>${weather_items_list}</arg>
<arg>${weather_item}</arg>
<doc>Adds ``values`` to the end of ``list``.</doc>
<status status="PASS" starttime="20210420 04:48:00.663" endtime="20210420 04:48:00.663"/>
</kw>
<status status="PASS" starttime="20210420 04:48:00.633" endtime="20210420 04:48:00.663"/>
</iter>
<iter>
<var name="${i}">4</var>
<kw name="Wait And Get Text" library="helper_func">
<var>${weather_item}</var>
<arg>xpath://*[contains(@class,"weather-items")]//li[${i}]</arg>
<kw name="Wait Until Element Is Visible" library="SeleniumLibrary">
<arg>${text_element}</arg>
<arg>${TIMED_OUT}</arg>
<arg>${text_element} not found</arg>
<doc>Waits until the element ``locator`` is visible.</doc>
<status status="PASS" starttime="20210420 04:48:00.664" endtime="20210420 04:48:00.679"/>
</kw>
<kw name="Get Text" library="SeleniumLibrary">
<var>${text}</var>
<arg>${text_element}</arg>
<doc>Returns the text value of the element identified by ``locator``.</doc>
<msg timestamp="20210420 04:48:00.693" level="INFO">${text} = Dew point:
25°C</msg>
<status status="PASS" starttime="20210420 04:48:00.679" endtime="20210420 04:48:00.693"/>
</kw>
<msg timestamp="20210420 04:48:00.694" level="INFO">${weather_item} = Dew point:
25°C</msg>
<status status="PASS" starttime="20210420 04:48:00.664" endtime="20210420 04:48:00.694"/>
</kw>
<kw name="Append To List" library="Collections">
<arg>${weather_items_list}</arg>
<arg>${weather_item}</arg>
<doc>Adds ``values`` to the end of ``list``.</doc>
<status status="PASS" starttime="20210420 04:48:00.694" endtime="20210420 04:48:00.694"/>
</kw>
<status status="PASS" starttime="20210420 04:48:00.664" endtime="20210420 04:48:00.694"/>
</iter>
<iter>
<var name="${i}">5</var>
<kw name="Wait And Get Text" library="helper_func">
<var>${weather_item}</var>
<arg>xpath://*[contains(@class,"weather-items")]//li[${i}]</arg>
<kw name="Wait Until Element Is Visible" library="SeleniumLibrary">
<arg>${text_element}</arg>
<arg>${TIMED_OUT}</arg>
<arg>${text_element} not found</arg>
<doc>Waits until the element ``locator`` is visible.</doc>
<status status="PASS" starttime="20210420 04:48:00.695" endtime="20210420 04:48:00.710"/>
</kw>
<kw name="Get Text" library="SeleniumLibrary">
<var>${text}</var>
<arg>${text_element}</arg>
<doc>Returns the text value of the element identified by ``locator``.</doc>
<msg timestamp="20210420 04:48:00.724" level="INFO">${text} = Visibility:
10.0km</msg>
<status status="PASS" starttime="20210420 04:48:00.710" endtime="20210420 04:48:00.724"/>
</kw>
<msg timestamp="20210420 04:48:00.724" level="INFO">${weather_item} = Visibility:
10.0km</msg>
<status status="PASS" starttime="20210420 04:48:00.695" endtime="20210420 04:48:00.724"/>
</kw>
<kw name="Append To List" library="Collections">
<arg>${weather_items_list}</arg>
<arg>${weather_item}</arg>
<doc>Adds ``values`` to the end of ``list``.</doc>
<status status="PASS" starttime="20210420 04:48:00.724" endtime="20210420 04:48:00.725"/>
</kw>
<status status="PASS" starttime="20210420 04:48:00.694" endtime="20210420 04:48:00.725"/>
</iter>
<status status="PASS" starttime="20210420 04:48:00.564" endtime="20210420 04:48:00.725"/>
</for>
<msg timestamp="20210420 04:48:00.725" level="INFO">${actual_weather_items} = ['1.0m/s E', '1009hPa', 'Humidity:\n94%', 'Dew point:\n25°C', 'Visibility:\n10.0km']</msg>
<status status="PASS" starttime="20210420 04:48:00.558" endtime="20210420 04:48:00.725"/>
</kw>
<kw name="Set Variable" library="BuiltIn">
<var>${expected_temp_feels_like}</var>
<arg>Feels like ${weather_infos_data}[1]°C</arg>
<doc>Returns the given values which can then be assigned to a variables.</doc>
<msg timestamp="20210420 04:48:00.726" level="INFO">${expected_temp_feels_like} = Feels like 26°C</msg>
<status status="PASS" starttime="20210420 04:48:00.725" endtime="20210420 04:48:00.726"/>
</kw>
<kw name="Set Variable" library="BuiltIn">
<var>${expected_weather_desc}</var>
<arg>${weather_infos_data}[2]</arg>
<doc>Returns the given values which can then be assigned to a variables.</doc>
<msg timestamp="20210420 04:48:00.726" level="INFO">${expected_weather_desc} = scattered clouds</msg>
<status status="PASS" starttime="20210420 04:48:00.726" endtime="20210420 04:48:00.726"/>
</kw>
<kw name="Set Variable" library="BuiltIn">
<var>${expected_humidity}</var>
<arg>${weather_infos_data}[3]</arg>
<doc>Returns the given values which can then be assigned to a variables.</doc>
<msg timestamp="20210420 04:48:00.727" level="INFO">${expected_humidity} = 94</msg>
<status status="PASS" starttime="20210420 04:48:00.727" endtime="20210420 04:48:00.727"/>
</kw>
<kw name="Set Variable" library="BuiltIn">
<var>${expected_pressure}</var>
<arg>${weather_infos_data}[4]</arg>
<doc>Returns the given values which can then be assigned to a variables.</doc>
<msg timestamp="20210420 04:48:00.727" level="INFO">${expected_pressure} = 1009</msg>
<status status="PASS" starttime="20210420 04:48:00.727" endtime="20210420 04:48:00.727"/>
</kw>
<kw name="Set Variable" library="BuiltIn">
<var>${expected_wind}</var>
<arg>${weather_infos_data}[5]</arg>
<doc>Returns the given values which can then be assigned to a variables.</doc>
<msg timestamp="20210420 04:48:00.728" level="INFO">${expected_wind} = 1.0</msg>
<status status="PASS" starttime="20210420 04:48:00.728" endtime="20210420 04:48:00.728"/>
</kw>
<kw name="Set Variable" library="BuiltIn">
<var>${expected_visibility}</var>
<arg>${weather_infos_data}[6]</arg>
<doc>Returns the given values which can then be assigned to a variables.</doc>
<msg timestamp="20210420 04:48:00.728" level="INFO">${expected_visibility} = 10.0</msg>
<status status="PASS" starttime="20210420 04:48:00.728" endtime="20210420 04:48:00.728"/>
</kw>
<kw name="Set Variable" library="BuiltIn">
<var>${expected_dew_point}</var>
<arg>${weather_infos_data}[7]</arg>
<doc>Returns the given values which can then be assigned to a variables.</doc>
<msg timestamp="20210420 04:48:00.729" level="INFO">${expected_dew_point} = 25</msg>
<status status="PASS" starttime="20210420 04:48:00.729" endtime="20210420 04:48:00.729"/>
</kw>
<kw name="Should Be Equal As Strings" library="BuiltIn">
<arg>${actual_city_name}</arg>
<arg>${expected_city_name}</arg>
<doc>Fails if objects are unequal after converting them to strings.</doc>
<status status="PASS" starttime="20210420 04:48:00.729" endtime="20210420 04:48:00.729"/>
</kw>
<kw name="Should Be Equal As Strings" library="BuiltIn">
<arg>${actual_temp}</arg>
<arg>${expected_temp}</arg>
<doc>Fails if objects are unequal after converting them to strings.</doc>
<status status="PASS" starttime="20210420 04:48:00.730" endtime="20210420 04:48:00.730"/>
</kw>
<kw name="Should Contain" library="BuiltIn">
<arg>${actual_temp_feels_like}[0]</arg>
<arg>${expected_temp_feels_like}</arg>
<doc>Fails if ``container`` does not contain ``item`` one or more times.</doc>
<status status="PASS" starttime="20210420 04:48:00.730" endtime="20210420 04:48:00.730"/>
</kw>
<kw name="Should Contain" library="BuiltIn">
<arg>${actual_temp_feels_like}[1]</arg>
<arg>${expected_weather_desc}</arg>
<arg>ignore_case=True</arg>
<doc>Fails if ``container`` does not contain ``item`` one or more times.</doc>
<status status="PASS" starttime="20210420 04:48:00.730" endtime="20210420 04:48:00.731"/>
</kw>
<kw name="Should Contain" library="BuiltIn">
<arg>${actual_weather_items}[0]</arg>
<arg>${expected_wind}m/s</arg>
<doc>Fails if ``container`` does not contain ``item`` one or more times.</doc>
<status status="PASS" starttime="20210420 04:48:00.731" endtime="20210420 04:48:00.731"/>
</kw>
<kw name="Should Contain" library="BuiltIn">
<arg>'${actual_weather_items}[1]'</arg>
<arg>'${expected_pressure}hPa'</arg>
<doc>Fails if ``container`` does not contain ``item`` one or more times.</doc>
<status status="PASS" starttime="20210420 04:48:00.732" endtime="20210420 04:48:00.732"/>
</kw>
<kw name="Should Contain" library="BuiltIn">
<arg>'${actual_weather_items}[2]'</arg>
<arg>'Humidity:\n${expected_humidity}%'</arg>
<doc>Fails if ``container`` does not contain ``item`` one or more times.</doc>
<status status="PASS" starttime="20210420 04:48:00.732" endtime="20210420 04:48:00.733"/>
</kw>
<kw name="Should Contain" library="BuiltIn">
<arg>'${actual_weather_items}[3]'</arg>
<arg>'Dew point:\n${expected_dew_point}°C'</arg>
<doc>Fails if ``container`` does not contain ``item`` one or more times.</doc>
<status status="PASS" starttime="20210420 04:48:00.733" endtime="20210420 04:48:00.733"/>
</kw>
<kw name="Should Contain" library="BuiltIn">
<arg>'${actual_weather_items}[4]'</arg>
<arg>'Visibility:\n${expected_visibility}km'</arg>
<doc>Fails if ``container`` does not contain ``item`` one or more times.</doc>
<status status="PASS" starttime="20210420 04:48:00.733" endtime="20210420 04:48:00.734"/>
</kw>
<status status="PASS" starttime="20210420 04:47:59.055" endtime="20210420 04:48:00.734"/>
</kw>
<status status="PASS" starttime="20210420 04:47:59.054" endtime="20210420 04:48:00.734"/>
</kw>
<kw name="End Web Test" library="Common" type="TEARDOWN">
<kw name="Close All Browsers" library="SeleniumLibrary">
<doc>Closes all open browsers and resets the browser cache.</doc>
<status status="PASS" starttime="20210420 04:48:00.735" endtime="20210420 04:48:00.813"/>
</kw>
<status status="PASS" starttime="20210420 04:48:00.734" endtime="20210420 04:48:00.814"/>
</kw>
<tag>TC-verify_that_information_weather_is_displayed_same_as_data</tag>
<status status="PASS" starttime="20210420 04:47:45.855" endtime="20210420 04:48:00.814"/>
</test>
<doc>Test Suites for Searching weather</doc>
<status status="PASS" starttime="20210420 04:47:14.435" endtime="20210420 04:48:00.815"/>
</suite>
<status status="PASS" starttime="20210420 04:47:14.433" endtime="20210420 04:48:00.818"/>
</suite>
<doc>[https://pabot.org/?ref=log|Pabot] result from 2 executions.</doc>
<status status="PASS" starttime="20210420 04:47:14.410" endtime="20210420 04:48:10.107"/>
</suite>
<statistics>
<total>
<stat pass="10" fail="0" skip="0">All Tests</stat>
</total>
<tag>
<stat pass="1" fail="0" skip="0">TC-can_change from_metric_to_imperial</stat>
<stat pass="1" fail="0" skip="0">TC-can_search_city</stat>
<stat pass="1" fail="0" skip="0">TC-can_select_options_city</stat>
<stat pass="1" fail="0" skip="0">TC-verify_that_information_weather_is_displayed_same_as_data</stat>
</tag>
<suite>
<stat pass="10" fail="0" skip="0" id="s1" name="Tests">Tests</stat>
<stat pass="6" fail="0" skip="0" id="s1-s1" name="DataDrivenTest">Tests.DataDrivenTest</stat>
<stat pass="6" fail="0" skip="0" id="s1-s1-s1" name="Search Weather">Tests.DataDrivenTest.Search Weather</stat>
<stat pass="4" fail="0" skip="0" id="s1-s2" name="SearchTheCityTest">Tests.SearchTheCityTest</stat>
<stat pass="4" fail="0" skip="0" id="s1-s2-s1" name="Search Weather">Tests.SearchTheCityTest.Search Weather</stat>
</suite>
</statistics>
<errors>
<msg timestamp="20210420 04:47:23.542" level="WARN">Multiple test cases with name 'Verify Searching Weather' executed in test suite 'Tests.DataDrivenTest.Search Weather'.</msg>
<msg timestamp="20210420 04:47:32.149" level="WARN">Multiple test cases with name 'Verify Searching Weather' executed in test suite 'Tests.DataDrivenTest.Search Weather'.</msg>
<msg timestamp="20210420 04:47:40.425" level="WARN">Multiple test cases with name 'Verify Searching Weather' executed in test suite 'Tests.DataDrivenTest.Search Weather'.</msg>
<msg timestamp="20210420 04:47:48.944" level="WARN">Multiple test cases with name 'Verify Searching Weather' executed in test suite 'Tests.DataDrivenTest.Search Weather'.</msg>
<msg timestamp="20210420 04:47:57.383" level="WARN">Multiple test cases with name 'Verify Searching Weather' executed in test suite 'Tests.DataDrivenTest.Search Weather'.</msg>
<msg timestamp="20210420 04:48:00.823" level="ERROR">RuntimeError catched in remotelib keyword execution. Maybe there is no connection - is pabot called with --pabotlib option? ErrorDetails: RuntimeError('Connection to remote server broken: [Errno 61] Connection refused')</msg>
</errors>
</robot>
