<?xml version="1.0" encoding="UTF-8"?>
<robot generator="Robot 4.0 (Python 3.8.5 on darwin)" generated="20210415 15:51:57.310" rpa="false" schemaversion="2">
<suite id="s1" name="Get Api" source="/Users/macbookpro/Desktop/AutomationChallenge/resources/api/get_api.robot">
<test id="s1-t1" name="Get info weather">
<kw name="Get city_id">
<var>${city_id}</var>
<arg>Ho Chi Minh</arg>
<kw name="Create Session" library="RequestsLibrary">
<arg>test-session</arg>
<arg>${API_URL}</arg>
<arg>verify=true</arg>
<doc>Create Session: create a HTTP session to a server</doc>
<msg timestamp="20210415 15:51:57.619" level="INFO">Creating Session using : alias=test-session, url=https://openweathermap.org, headers={},                     cookies={}, auth=None, timeout=None, proxies=None, verify=True,                     debug=0 </msg>
<status status="PASS" starttime="20210415 15:51:57.619" endtime="20210415 15:51:57.619"/>
</kw>
<kw name="Encode String To Bytes" library="String">
<var>${city}</var>
<arg>${city}</arg>
<arg>UTF-8</arg>
<doc>Encodes the given Unicode ``string`` to bytes using the given ``encoding``.</doc>
<msg timestamp="20210415 15:51:57.620" level="INFO">${city} = Ho Chi Minh</msg>
<status status="PASS" starttime="20210415 15:51:57.619" endtime="20210415 15:51:57.620"/>
</kw>
<kw name="Get Request" library="RequestsLibrary">
<var>${res}</var>
<arg>test-session</arg>
<arg>/data/2.5/find?q=${city}&amp;appid=439d4b804bc8187953eb36d2a8c26a02&amp;units=metric</arg>
<doc>Send a GET request on the session object found using the
given `alias`</doc>
<msg timestamp="20210415 15:51:58.978" level="INFO">GET Request : url=https://openweathermap.org/data/2.5/find?q=Ho%20Chi%20Minh&amp;appid=439d4b804bc8187953eb36d2a8c26a02&amp;units=metric 
 path_url=/data/2.5/find?q=Ho%20Chi%20Minh&amp;appid=439d4b804bc8187953eb36d2a8c26a02&amp;units=metric 
 headers={'User-Agent': 'python-requests/2.24.0', 'Accept-Encoding': 'gzip, deflate', 'Accept': '*/*', 'Connection': 'keep-alive'} 
 body=None 
 </msg>
<msg timestamp="20210415 15:51:58.978" level="INFO">GET Response : url=https://openweathermap.org/data/2.5/find?q=Ho%20Chi%20Minh&amp;appid=439d4b804bc8187953eb36d2a8c26a02&amp;units=metric 
 status=200, reason=OK 
 body={"message":"accurate","cod":"200","count":2,"list":[{"id":1566083,"name":"Thanh pho Ho Chi Minh","coord":{"lat":10.75,"lon":106.6667},"main":{"temp":308.15,"feels_like":312.33,"temp_min":308.15,"temp_max":308.15,"pressure":1006,"humidity":46},"dt":1618474163,"wind":{"speed":2.06,"deg":260},"sys":{"country":"VN"},"rain":null,"snow":null,"clouds":{"all":40},"weather":[{"id":802,"main":"Clouds","description":"scattered clouds","icon":"03d"}]},{"id":1580578,"name":"Thành phố Hồ Chí Minh","coord":{"lat":10.8333,"lon":106.6667},"main":{"temp":308.15,"feels_like":312.33,"temp_min":308.15,"temp_max":308.15,"pressure":1006,"humidity":46},"dt":1618473939,"wind":{"speed":2.06,"deg":260},"sys":{"country":"VN"},"rain":null,"snow":null,"clouds":{"all":40},"weather":[{"id":802,"main":"Clouds","description":"scattered clouds","icon":"03d"}]}]} 
 </msg>
<msg timestamp="20210415 15:51:58.978" level="INFO">${res} = &lt;Response [200]&gt;</msg>
<status status="PASS" starttime="20210415 15:51:57.620" endtime="20210415 15:51:58.978"/>
</kw>
<kw name="Set Variable" library="BuiltIn">
<var>${res_data}</var>
<arg>${res.json()}</arg>
<doc>Returns the given values which can then be assigned to a variables.</doc>
<msg timestamp="20210415 15:51:58.980" level="INFO">${res_data} = {'message': 'accurate', 'cod': '200', 'count': 2, 'list': [{'id': 1566083, 'name': 'Thanh pho Ho Chi Minh', 'coord': {'lat': 10.75, 'lon': 106.6667}, 'main': {'temp': 308.15, 'feels_like': 312.33, 'te...</msg>
<status status="PASS" starttime="20210415 15:51:58.978" endtime="20210415 15:51:58.980"/>
</kw>
<kw name="Set Variable" library="BuiltIn">
<var>${list_city}</var>
<arg>${res_data['list']}</arg>
<doc>Returns the given values which can then be assigned to a variables.</doc>
<msg timestamp="20210415 15:51:58.981" level="INFO">${list_city} = [{'id': 1566083, 'name': 'Thanh pho Ho Chi Minh', 'coord': {'lat': 10.75, 'lon': 106.6667}, 'main': {'temp': 308.15, 'feels_like': 312.33, 'temp_min': 308.15, 'temp_max': 308.15, 'pressure': 1006, 'hu...</msg>
<status status="PASS" starttime="20210415 15:51:58.980" endtime="20210415 15:51:58.981"/>
</kw>
<kw name="Get From Dictionary" library="Collections">
<var>${city_id}</var>
<arg>${list_city}[0]</arg>
<arg>id</arg>
<doc>Returns a value from the given ``dictionary`` based on the given ``key``.</doc>
<msg timestamp="20210415 15:51:58.982" level="INFO">${city_id} = 1566083</msg>
<status status="PASS" starttime="20210415 15:51:58.981" endtime="20210415 15:51:58.982"/>
</kw>
<msg timestamp="20210415 15:51:58.982" level="INFO">${city_id} = 1566083</msg>
<status status="PASS" starttime="20210415 15:51:57.618" endtime="20210415 15:51:58.982"/>
</kw>
<kw name="Get info_weather">
<arg>${city_id}</arg>
<kw name="Get Request" library="RequestsLibrary">
<var>${res}</var>
<arg>test-session</arg>
<arg>/data/2.5/weather?id=${city_id}&amp;units=metric&amp;appid=439d4b804bc8187953eb36d2a8c26a02</arg>
<doc>Send a GET request on the session object found using the
given `alias`</doc>
<msg timestamp="20210415 15:51:59.480" level="INFO">GET Request : url=https://openweathermap.org/data/2.5/weather?id=1566083&amp;units=metric&amp;appid=439d4b804bc8187953eb36d2a8c26a02 
 path_url=/data/2.5/weather?id=1566083&amp;units=metric&amp;appid=439d4b804bc8187953eb36d2a8c26a02 
 headers={'User-Agent': 'python-requests/2.24.0', 'Accept-Encoding': 'gzip, deflate', 'Accept': '*/*', 'Connection': 'keep-alive'} 
 body=None 
 </msg>
<msg timestamp="20210415 15:51:59.480" level="INFO">GET Response : url=https://openweathermap.org/data/2.5/weather?id=1566083&amp;units=metric&amp;appid=439d4b804bc8187953eb36d2a8c26a02 
 status=200, reason=OK 
 body={"coord":{"lon":106.6667,"lat":10.75},"weather":[{"id":802,"main":"Clouds","description":"scattered clouds","icon":"03d"}],"base":"stations","main":{"temp":34,"feels_like":38.06,"temp_min":34,"temp_max":34,"pressure":1006,"humidity":49},"visibility":10000,"wind":{"speed":1.54,"deg":0},"clouds":{"all":40},"dt":1618476593,"sys":{"type":1,"id":9314,"country":"VN","sunrise":1618440137,"sunset":1618484645},"timezone":25200,"id":1566083,"name":"Ho Chi Minh City","cod":200} 
 </msg>
<msg timestamp="20210415 15:51:59.480" level="INFO">${res} = &lt;Response [200]&gt;</msg>
<status status="PASS" starttime="20210415 15:51:58.983" endtime="20210415 15:51:59.480"/>
</kw>
<kw name="Log To Console" library="BuiltIn">
<arg>${res.json()}</arg>
<doc>Logs the given message to the console.</doc>
<status status="PASS" starttime="20210415 15:51:59.480" endtime="20210415 15:51:59.482"/>
</kw>
<status status="PASS" starttime="20210415 15:51:58.982" endtime="20210415 15:51:59.482"/>
</kw>
<status status="PASS" starttime="20210415 15:51:57.617" endtime="20210415 15:51:59.482"/>
</test>
<status status="PASS" starttime="20210415 15:51:57.312" endtime="20210415 15:51:59.483"/>
</suite>
<statistics>
<total>
<stat pass="1" fail="0" skip="0">All Tests</stat>
</total>
<tag>
</tag>
<suite>
<stat pass="1" fail="0" skip="0" id="s1" name="Get Api">Get Api</stat>
</suite>
</statistics>
<errors>
</errors>
</robot>
